<?xml version="1.0" encoding="utf-8"?><testsuites name="pytest tests"><testsuite name="pytest" errors="0" failures="0" skipped="0" tests="158" time="691.838" timestamp="2026-08-06T06:40:43.348654+08:00" hostname="Mango"><testcase classname="tests.frontend.performance.test_frontend_v2_performance_certification" name="test_reference_fixture_and_release_thresholds_are_locked" time="0.001" /><testcase classname="tests.frontend.performance.test_frontend_v2_performance_certification" name="test_performance_harness_has_no_transaction_or_forbidden_renderer_surface" time="0.074" /><testcase classname="tests.frontend.performance.test_frontend_v2_performance_certification" name="test_lane_validation_blocks_event_to_visible_p95_over_budget" time="0.001" /><testcase classname="tests.frontend.performance.test_frontend_v2_performance_certification" name="test_lane_validation_preserves_historical_wave2_schema_v2_reports" time="0.001" /><testcase classname="tests.frontend.performance.test_frontend_v2_performance_certification" name="test_lane_validation_recomputes_raw_sample_digest_and_summary" time="0.001" /><testcase classname="tests.frontend.performance.test_frontend_v2_performance_certification" name="test_measurement_source_checkout_binds_head_and_cleanliness" time="1.120" /><testcase classname="tests.frontend.performance.test_frontend_v2_performance_certification" name="test_lane_validation_blocks_every_release_gate_drift[&lt;lambda&gt;-hardware lane status is not passed]" time="0.001" /><testcase classname="tests.frontend.performance.test_frontend_v2_performance_certification" name="test_lane_validation_blocks_every_release_gate_drift[&lt;lambda&gt;-hardware renderer used 'Software'; expected 'Direct3D11']" time="0.001" /><testcase classname="tests.frontend.performance.test_frontend_v2_performance_certification" name="test_lane_validation_blocks_every_release_gate_drift[&lt;lambda&gt;-hardware source commit does not match the certification source]" time="0.001" /><testcase classname="tests.frontend.performance.test_frontend_v2_performance_certification" name="test_lane_validation_blocks_every_release_gate_drift[&lt;lambda&gt;-hardware dependency lock digest does not match]" time="0.001" /><testcase classname="tests.frontend.performance.test_frontend_v2_performance_certification" name="test_lane_validation_blocks_every_release_gate_drift[&lt;lambda&gt;-hardware fixture digest does not match]" time="0.001" /><testcase classname="tests.frontend.performance.test_frontend_v2_performance_certification" name="test_lane_validation_blocks_every_release_gate_drift[&lt;lambda&gt;-hardware fixture does not match the fixed #34 workload]" time="0.001" /><testcase classname="tests.frontend.performance.test_frontend_v2_performance_certification" name="test_lane_validation_blocks_every_release_gate_drift[&lt;lambda&gt;-hardware observed fixture does not match]" time="0.001" /><testcase classname="tests.frontend.performance.test_frontend_v2_performance_certification" name="test_lane_validation_blocks_every_release_gate_drift[&lt;lambda&gt;-hardware continuous duration is below 60 seconds: 59.999]" time="0.001" /><testcase classname="tests.frontend.performance.test_frontend_v2_performance_certification" name="test_lane_validation_blocks_every_release_gate_drift[&lt;lambda&gt;-hardware input p95 exceeds 16.0 ms: 16.001 ms]" time="0.001" /><testcase classname="tests.frontend.performance.test_frontend_v2_performance_certification" name="test_lane_validation_blocks_every_release_gate_drift[&lt;lambda&gt;-hardware usable-state time exceeds 750.0 ms: 750.001 ms]" time="0.001" /><testcase classname="tests.frontend.performance.test_frontend_v2_performance_certification" name="test_lane_validation_blocks_every_release_gate_drift[&lt;lambda&gt;-hardware main-thread stall exceeds 50.0 ms: 50.001 ms]" time="0.001" /><testcase classname="tests.frontend.performance.test_frontend_v2_performance_certification" name="test_lane_validation_blocks_every_release_gate_drift[&lt;lambda&gt;-hardware recorded 1 main-thread stall(s) over budget]" time="0.001" /><testcase classname="tests.frontend.performance.test_frontend_v2_performance_certification" name="test_lane_validation_blocks_every_release_gate_drift[&lt;lambda&gt;-hardware peak memory exceeds 180.0 MiB: 180.001 MiB]" time="0.001" /><testcase classname="tests.frontend.performance.test_frontend_v2_performance_certification" name="test_lane_validation_blocks_every_release_gate_drift[&lt;lambda&gt;-hardware accepted revisions are not strictly monotonic]" time="0.001" /><testcase classname="tests.frontend.performance.test_frontend_v2_performance_certification" name="test_lane_validation_blocks_every_release_gate_drift[&lt;lambda&gt;-hardware did not certify strict revision monotonicity]" time="0.001" /><testcase classname="tests.frontend.performance.test_frontend_v2_performance_certification" name="test_lane_validation_blocks_every_release_gate_drift[&lt;lambda&gt;-hardware terminal revision was not observed]" time="0.001" /><testcase classname="tests.frontend.performance.test_frontend_v2_performance_certification" name="test_lane_validation_blocks_every_release_gate_drift[&lt;lambda&gt;-hardware Wave 2 TaskHandle observation is incomplete]" time="0.001" /><testcase classname="tests.frontend.performance.test_frontend_v2_performance_certification" name="test_lane_validation_blocks_every_release_gate_drift[&lt;lambda&gt;-hardware terminal visibility exceeds 100.0 ms: 100.001 ms]" time="0.001" /><testcase classname="tests.frontend.performance.test_frontend_v2_performance_certification" name="test_lane_validation_blocks_every_release_gate_drift[&lt;lambda&gt;-hardware performance fixture exposed manual-trading actions]" time="0.001" /><testcase classname="tests.frontend.performance.test_frontend_v2_performance_certification" name="test_lane_validation_blocks_every_release_gate_drift[&lt;lambda&gt;-hardware performance fixture did not retain read-only context]" time="0.001" /><testcase classname="tests.frontend.performance.test_frontend_v2_performance_certification" name="test_lane_validation_blocks_every_release_gate_drift[&lt;lambda&gt;-hardware lane reported runtime errors]" time="0.001" /><testcase classname="tests.frontend.performance.test_frontend_v2_performance_certification" name="test_lane_validation_blocks_every_release_gate_drift[&lt;lambda&gt;-hardware explicit start/end markers are invalid]" time="0.001" /><testcase classname="tests.frontend.performance.test_frontend_v2_performance_certification" name="test_lane_validation_blocks_every_release_gate_drift[&lt;lambda&gt;-hardware measurement protocol does not match]" time="0.001" /><testcase classname="tests.frontend.performance.test_frontend_v2_performance_certification" name="test_lane_validation_blocks_every_release_gate_drift[&lt;lambda&gt;-hardware real V1 probe schema version is invalid]" time="0.001" /><testcase classname="tests.frontend.performance.test_frontend_v2_performance_certification" name="test_lane_validation_blocks_every_release_gate_drift[&lt;lambda&gt;-hardware real V1 probe preflight typed read counts do not prove 2 complete sample(s)]" time="0.001" /><testcase classname="tests.frontend.performance.test_frontend_v2_performance_certification" name="test_lane_validation_blocks_every_release_gate_drift[&lt;lambda&gt;-hardware real V1 probe execution phase does not prove same-process preflight before the renderer clock]" time="0.001" /><testcase classname="tests.frontend.performance.test_frontend_v2_performance_certification" name="test_lane_validation_blocks_every_release_gate_drift[&lt;lambda&gt;-hardware real V1 probe preflight window overlaps renderer measurement]" time="0.001" /><testcase classname="tests.frontend.performance.test_frontend_v2_performance_certification" name="test_lane_validation_blocks_every_release_gate_drift[&lt;lambda&gt;-hardware real V1 probe preflight timestamps are invalid or timezone-naive]" time="0.001" /><testcase classname="tests.frontend.performance.test_frontend_v2_performance_certification" name="test_lane_validation_blocks_every_release_gate_drift[&lt;lambda&gt;-hardware real V1 probe did not close persistence cleanly]" time="0.001" /><testcase classname="tests.frontend.performance.test_frontend_v2_performance_certification" name="test_lane_validation_blocks_every_release_gate_drift[&lt;lambda&gt;-hardware measured build does not match the locked toolchain]" time="0.001" /><testcase classname="tests.frontend.performance.test_frontend_v2_performance_certification" name="test_certification_requires_two_independent_lanes_and_the_safety_gate" time="0.003" /><testcase classname="tests.frontend.performance.test_frontend_v2_performance_certification" name="test_performance_certification_rejects_mismatched_wave2_workloads" time="0.001" /><testcase classname="tests.frontend.performance.test_frontend_v2_performance_certification" name="test_performance_certification_rejects_mixed_lane_schema_versions" time="0.001" /><testcase classname="tests.frontend.performance.test_frontend_v2_performance_certification" name="test_performance_certification_rejects_wave3_setup_revision_drift" time="0.001" /><testcase classname="tests.frontend.performance.test_frontend_v2_performance_certification" name="test_wave3_certification_rejects_two_historical_schema_v2_lanes" time="0.001" /><testcase classname="tests.frontend.performance.test_frontend_v2_performance_certification" name="test_historical_wave2_recertification_requires_explicit_schema_v2" time="0.001" /><testcase classname="tests.frontend.performance.test_frontend_v2_performance_certification" name="test_performance_certification_rejects_schema1_without_wave2_load" time="0.001" /><testcase classname="tests.frontend.performance.test_frontend_v2_performance_certification" name="test_performance_certification_blocks_malformed_wave2_sequence" time="0.001" /><testcase classname="tests.frontend.performance.test_frontend_v2_performance_certification" name="test_performance_certification_blocks_every_real_v1_identity_drift[campaign_identity]" time="0.001" /><testcase classname="tests.frontend.performance.test_frontend_v2_performance_certification" name="test_performance_certification_blocks_every_real_v1_identity_drift[case_identity]" time="0.001" /><testcase classname="tests.frontend.performance.test_frontend_v2_performance_certification" name="test_performance_certification_blocks_every_real_v1_identity_drift[run_identity]" time="0.001" /><testcase classname="tests.frontend.performance.test_frontend_v2_performance_certification" name="test_performance_certification_blocks_every_real_v1_identity_drift[strategy_identity]" time="0.001" /><testcase classname="tests.frontend.performance.test_frontend_v2_performance_certification" name="test_performance_certification_blocks_every_real_v1_identity_drift[approved_recipe_identity]" time="0.001" /><testcase classname="tests.frontend.performance.test_frontend_v2_performance_certification" name="test_performance_certification_blocks_every_real_v1_identity_drift[evidence_package_identity]" time="0.001" /><testcase classname="tests.frontend.performance.test_frontend_v2_performance_certification" name="test_performance_certification_blocks_every_real_v1_identity_drift[reproduction_manifest_identity]" time="0.001" /><testcase classname="tests.frontend.performance.test_frontend_v2_performance_certification" name="test_report_file_certification_retains_the_bound_aggregate" time="0.012" /><testcase classname="tests.frontend.performance.test_frontend_v2_performance_certification" name="test_report_file_certification_normalizes_dataclass_tuple_fields" time="0.005" /><testcase classname="tests.frontend.performance.test_frontend_v2_performance_certification" name="test_certify_cli_rehashes_and_allows_the_retained_v1_archive" time="0.011" /><testcase classname="tests.frontend.performance.test_frontend_v2_performance_runtime" name="test_visibility_waits_for_canvas_paint_acknowledgment_before_composition" time="0.000" /><testcase classname="tests.frontend.performance.test_frontend_v2_performance_runtime" name="test_runtime_release_decision_delegates_to_central_validator" time="0.000" /><testcase classname="tests.frontend.performance.test_frontend_v2_performance_runtime" name="test_probe_factory_closes_fixture_when_probe_construction_fails" time="0.002" /><testcase classname="tests.frontend.performance.test_frontend_v2_performance_runtime" name="test_probe_factory_reopens_the_supplied_sealed_fixture_without_execution" time="0.005" /><testcase classname="tests.frontend.performance.test_frontend_v2_performance_runtime" name="test_real_v1_preflight_closes_and_releases_before_renderer_clock" time="0.000" /><testcase classname="tests.frontend.performance.test_frontend_v2_performance_runtime" name="test_certifying_cli_finishes_real_v1_preflight_before_renderer_clock" time="0.006" /><testcase classname="tests.frontend.performance.test_frontend_v2_performance_runtime" name="test_lane_closes_first_feature_when_second_constructor_fails" time="0.025" /><testcase classname="tests.frontend.performance.test_frontend_v2_performance_runtime" name="test_lane_stops_partially_started_event_bridge" time="0.152" /><testcase classname="tests.frontend.performance.test_frontend_v2_performance_runtime" name="test_software_smoke_runs_the_live_eventbridge_to_qml_seam" time="2.433" /><testcase classname="tests.frontend.performance.test_frontend_v2_performance_runtime" name="test_hardware_smoke_runs_the_same_live_qml_seam" time="2.656" /><testcase classname="tests.frontend.packaging.test_frontend_v2_packaging_contract" name="test_exact_frontend_v2_toolchain_lock_matches_the_running_build_environment" time="0.065" /><testcase classname="tests.frontend.packaging.test_frontend_v2_packaging_contract" name="test_toolchain_lock_rejects_a_different_build_architecture" time="0.001" /><testcase classname="tests.frontend.packaging.test_frontend_v2_packaging_contract" name="test_windows_platform_lock_does_not_accept_server_builds" time="0.000" /><testcase classname="tests.frontend.packaging.test_frontend_v2_packaging_contract" name="test_toolchain_lock_is_included_in_installed_release_package_data" time="0.006" /><testcase classname="tests.frontend.packaging.test_frontend_v2_packaging_contract" name="test_windows_offline_package_declares_binary_postgresql_driver" time="0.001" /><testcase classname="tests.frontend.packaging.test_frontend_v2_packaging_contract" name="test_integration_release_notes_keep_later_modules_and_waves_incomplete" time="0.001" /><testcase classname="tests.frontend.packaging.test_frontend_v2_packaging_contract" name="test_qml_dependencies_are_discovered_from_source_imports_not_a_handwritten_list" time="0.010" /><testcase classname="tests.frontend.packaging.test_frontend_v2_packaging_contract" name="test_qt_qmlimportscanner_resolves_the_transitive_qml_dependency_closure" time="2.280" /><testcase classname="tests.frontend.packaging.test_frontend_v2_packaging_contract" name="test_package_smoke_observes_the_complete_production_journey" time="55.933" /><testcase classname="tests.frontend.packaging.test_frontend_v2_packaging_contract" name="test_minimal_package_smoke_captures_distinct_software_frames" time="55.306" /><testcase classname="tests.frontend.packaging.test_frontend_v2_packaging_contract" name="test_qml_smoke_capture_renders_the_quick_framebuffer" time="0.002" /><testcase classname="tests.frontend.packaging.test_frontend_v2_packaging_contract" name="test_build_plans_share_one_commit_and_exclude_webengine_by_construction" time="0.104" /><testcase classname="tests.frontend.packaging.test_frontend_v2_packaging_contract" name="test_qml_build_plan_keeps_app_context_but_excludes_legacy_and_network_namespaces" time="0.098" /><testcase classname="tests.frontend.packaging.test_frontend_v2_packaging_contract" name="test_widgets_build_plan_excludes_new_v1_seam_and_network_namespaces" time="0.207" /><testcase classname="tests.frontend.packaging.test_frontend_v2_packaging_contract" name="test_scanner_driven_qml_deployment_copies_modules_and_binary_closure" time="8.431" /><testcase classname="tests.frontend.packaging.test_frontend_v2_packaging_contract" name="test_package_evidence_records_checksums_sizes_delta_and_rollback" time="0.138" /><testcase classname="tests.frontend.packaging.test_frontend_v2_packaging_contract" name="test_packaged_formal_strategy_source_audit_rejects_ast_clean_tampering" time="0.019" /><testcase classname="tests.frontend.packaging.test_frontend_v2_packaging_contract" name="test_clean_room_report_requires_offline_windows_without_dev_tools" time="0.300" /><testcase classname="tests.frontend.packaging.test_frontend_v2_packaging_contract" name="test_clean_room_report_accepts_lane_local_generated_identities" time="0.055" /><testcase classname="tests.frontend.packaging.test_frontend_v2_packaging_contract" name="test_release_certification_is_blocked_until_clean_room_evidence_passes" time="10.550" /><testcase classname="tests.frontend.packaging.test_frontend_v2_packaging_contract" name="test_renderer_evidence_allows_lane_local_generated_identity_graphs" time="0.238" /><testcase classname="tests.frontend.packaging.test_frontend_v2_packaging_contract" name="test_dependency_and_surface_audits_reject_manual_or_web_payloads" time="1.371" /><testcase classname="tests.frontend.packaging.test_frontend_v2_packaging_contract" name="test_dependency_audit_accepts_nuitka_utf8_alias_with_non_ascii_path" time="0.008" /><testcase classname="tests.frontend.packaging.test_frontend_v2_packaging_contract" name="test_qml_dependency_audit_allows_production_main_window_host_only" time="0.010" /><testcase classname="tests.frontend.packaging.test_frontend_v2_packaging_contract" name="test_qml_dependency_audit_requires_complete_real_v1_closure[_duckdb]" time="0.008" /><testcase classname="tests.frontend.packaging.test_frontend_v2_packaging_contract" name="test_qml_dependency_audit_requires_complete_real_v1_closure[strategy_diagnostics.quentx_scenario_native_strategy]" time="0.009" /><testcase classname="tests.frontend.packaging.test_frontend_v2_packaging_contract" name="test_qml_dependency_audit_requires_complete_real_v1_closure[strategy_diagnostics.live_minute_scenario_native_strategy]" time="0.004" /><testcase classname="tests.frontend.packaging.test_frontend_v2_packaging_contract" name="test_qml_dependency_audit_requires_auditable_strategy_sources[strategy_diagnostics/formal_sources/live_minute_scenario_native_strategy.py.txt]" time="0.003" /><testcase classname="tests.frontend.packaging.test_frontend_v2_packaging_contract" name="test_qml_dependency_audit_requires_auditable_strategy_sources[strategy_diagnostics/formal_sources/quentx_scenario_native_strategy.py.txt]" time="0.006" /><testcase classname="tests.frontend.packaging.test_frontend_v2_packaging_contract" name="test_widgets_dependency_audit_allows_read_only_trade_context_only" time="0.005" /><testcase classname="tests.frontend.packaging.test_frontend_v2_packaging_contract" name="test_widgets_dependency_audit_rejects_new_v1_seam_and_network_stack" time="0.007" /><testcase classname="tests.frontend.packaging.test_frontend_v2_packaging_contract" name="test_dependency_audit_rejects_missing_project_modules_only" time="0.006" /><testcase classname="tests.frontend.packaging.test_frontend_v2_packaging_contract" name="test_widgets_rollback_entry_uses_the_real_read_only_migration_host" time="0.001" /><testcase classname="tests.frontend.packaging.test_frontend_v2_packaging_contract" name="test_widgets_rollback_smoke_needs_no_frontend_v2_seam_modules" time="1.670" /><testcase classname="tests.frontend.packaging.test_frontend_v2_packaging_contract" name="test_widgets_rollback_smoke_records_the_source_commit" time="1.951" /><testcase classname="tests.frontend.packaging.test_frontend_v2_packaging_contract" name="test_widgets_migration_host_accepts_an_isolated_read_only_panel_catalog" time="0.006" /><testcase classname="tests.frontend.packaging.test_frontend_v2_packaging_contract" name="test_release_source_verification_rejects_untracked_inputs" time="0.466" /><testcase classname="tests.frontend.packaging.test_frontend_v2_packaging_contract" name="test_release_source_verification_rejects_ignored_qml_inputs" time="0.504" /><testcase classname="tests.frontend.packaging.test_frontend_v2_packaging_contract" name="test_clean_room_script_fails_closed_on_inventory_or_lane_errors" time="0.001" /><testcase classname="tests.frontend.packaging.test_frontend_v2_packaging_contract" name="test_clean_room_error_normalizer_ignores_blank_json_error_values" time="0.621" /><testcase classname="tests.frontend.packaging.test_frontend_v2_packaging_contract" name="test_clean_room_renderer_lane_reset_removes_stale_evidence" time="0.938" /><testcase classname="tests.frontend.packaging.test_frontend_v2_packaging_contract" name="test_package_archive_is_deterministic_and_installable_by_extraction" time="0.123" /><testcase classname="tests.frontend.packaging.test_frontend_v2_packaging_contract" name="test_packaging_cli_can_emit_the_locked_build_plan_without_building" time="0.095" /><testcase classname="tests.frontend.packaging.test_frontend_v2_release_candidate" name="test_clean_room_route_failure_names_all_five_active_routes" time="0.001" /><testcase classname="tests.frontend.packaging.test_frontend_v2_release_candidate" name="test_installed_smoke_reopens_a_sealed_real_v1_fixture" time="65.837" /><testcase classname="tests.frontend.packaging.test_frontend_v2_release_candidate" name="test_installed_wave2_smoke_creates_task_and_campaign_after_install" time="56.428" /><testcase classname="tests.frontend.packaging.test_frontend_v2_release_candidate" name="test_wave2_smoke_clears_and_restores_stale_route_identities" time="0.001" /><testcase classname="tests.frontend.packaging.test_frontend_v2_release_candidate" name="test_sealed_v1_fixture_manifest_rejects_storage_tampering" time="0.013" /><testcase classname="tests.frontend.packaging.test_frontend_v2_release_candidate" name="test_release_fixture_identity_graph_matches_the_full_persisted_scope" time="0.001" /><testcase classname="tests.frontend.packaging.test_frontend_v2_release_candidate" name="test_sealed_v1_fixture_archive_rejects_path_traversal" time="0.007" /><testcase classname="tests.frontend.packaging.test_frontend_v2_release_candidate" name="test_installed_smoke_uses_the_production_event_bridge_journey" time="56.668" /><testcase classname="tests.frontend.packaging.test_frontend_v2_release_candidate" name="test_smoke_observation_snapshots_state_before_frame_capture" time="0.002" /><testcase classname="tests.frontend.packaging.test_frontend_v2_release_candidate" name="test_v2_app_context_uses_only_the_read_only_runtime_boundary" time="0.020" /><testcase classname="tests.frontend.packaging.test_frontend_v2_release_candidate" name="test_qml_production_journey_never_imports_legacy_panel_registry" time="55.819" /><testcase classname="tests.frontend.packaging.test_frontend_v2_release_candidate" name="test_widgets_rollback_smoke_never_imports_command_runtime_gateway" time="1.681" /><testcase classname="tests.frontend.packaging.test_frontend_v2_release_candidate" name="test_clean_room_report_requires_the_complete_production_journey" time="0.769" /><testcase classname="tests.frontend.packaging.test_frontend_v2_release_candidate" name="test_mandatory_release_gates_are_recomputed_and_bound_to_one_build" time="0.078" /><testcase classname="tests.frontend.packaging.test_frontend_v2_release_candidate" name="test_mandatory_release_gates_accept_parameterized_accessibility_cases" time="0.067" /><testcase classname="tests.frontend.packaging.test_frontend_v2_release_candidate" name="test_mandatory_release_gates_fail_closed_on_missing_accessibility_coverage" time="0.026" /><testcase classname="tests.frontend.packaging.test_frontend_v2_release_candidate" name="test_mandatory_release_gates_reject_a_tampered_performance_aggregate" time="0.043" /><testcase classname="tests.frontend.packaging.test_frontend_v2_release_candidate" name="test_mandatory_release_gates_reject_a_tampered_v1_fixture_archive" time="0.041" /><testcase classname="tests.frontend.packaging.test_frontend_v2_release_candidate" name="test_mandatory_release_gates_reject_unbound_accessibility_evidence" time="0.025" /><testcase classname="tests.frontend.packaging.test_frontend_v2_release_candidate" name="test_windows_sandbox_runner_is_offline_bounded_and_self_terminating" time="0.001" /><testcase classname="tests.frontend.packaging.test_frontend_v2_release_candidate" name="test_default_installed_entry_uses_the_production_app_context" time="0.001" /><testcase classname="tests.frontend.packaging.test_frontend_v2_release_candidate" name="test_installed_entry_avoids_compiled_qt_test_and_accessibility_introspection" time="0.001" /><testcase classname="tests.frontend.packaging.test_frontend_v2_release_candidate" name="test_packaged_accessible_names_have_one_authoritative_qml_source" time="0.001" /><testcase classname="tests.frontend.packaging.test_frontend_v2_release_candidate" name="test_packaged_no_trading_inventory_fails_closed_without_semantics" time="0.000" /><testcase classname="tests.frontend.packaging.test_frontend_v2_release_candidate" name="test_release_certification_does_not_expand_the_application_command_api" time="0.000" /><testcase classname="tests.frontend.packaging.test_frontend_v2_release_candidate" name="test_release_packaging_has_no_secondary_process_fixture_path" time="0.001" /><testcase classname="tests.frontend.packaging.test_frontend_v2_release_candidate" name="test_compiled_smoke_defaults_to_the_packaged_wave2_input_fixture" time="0.006" /><testcase classname="tests.frontend.packaging.test_frontend_v2_release_candidate" name="test_release_smoke_stops_bridge_before_final_fixture_disposal" time="66.600" /><testcase classname="tests.frontend.packaging.test_frontend_v2_release_candidate" name="test_release_file_backed_fixture_close_is_idempotent" time="6.112" /><testcase classname="tests.frontend.packaging.test_frontend_v2_release_candidate" name="test_compiled_release_fixture_close_defers_native_engine_disposal" time="6.057" /><testcase classname="tests.frontend.packaging.test_frontend_v2_release_candidate" name="test_compiled_smoke_retains_deferred_fixture_until_process_exit" time="0.110" /><testcase classname="tests.frontend.packaging.test_frontend_v2_release_candidate" name="test_release_serialization_uses_the_shared_application_gate_directly" time="0.000" /><testcase classname="tests.frontend.packaging.test_frontend_v2_release_candidate" name="test_compiled_smoke_retains_production_mount_owners_until_process_exit" time="57.695" /><testcase classname="tests.frontend.packaging.test_frontend_v2_release_candidate" name="test_compiled_fixture_persistence_is_owned_by_the_report_directory" time="0.014" /><testcase classname="tests.frontend.packaging.test_frontend_v2_release_candidate" name="test_release_smoke_quiesces_qml_before_closing_live_features" time="0.000" /><testcase classname="tests.frontend.packaging.test_frontend_v2_release_candidate" name="test_release_smoke_repeats_real_qt_journey_in_one_process" time="110.913" /><testcase classname="tests.frontend.packaging.test_frontend_v2_release_candidate" name="test_release_smoke_main_shuts_down_its_owned_qapplication" time="58.083" /><testcase classname="tests.frontend.packaging.test_frontend_v2_release_candidate" name="test_smoke_application_shutdown_survives_earlier_cleanup_error" time="0.000" /><testcase classname="tests.frontend.packaging.test_frontend_v2_release_candidate" name="test_compiled_smoke_defers_all_qt_shutdown_to_process_exit" time="0.000" /><testcase classname="tests.frontend.packaging.test_frontend_v2_release_candidate" name="test_terminal_campaign_does_not_advance_after_mount_quiescence_failure" time="0.000" /><testcase classname="tests.frontend.packaging.test_frontend_v2_release_candidate" name="test_terminal_campaign_stops_event_bridge_before_backend_continuation" time="0.000" /><testcase classname="tests.frontend.packaging.test_frontend_v2_release_candidate" name="test_application_reopen_stops_event_bridge_before_fixture_transition" time="0.000" /><testcase classname="tests.frontend.packaging.test_frontend_v2_release_candidate" name="test_mount_quiescence_failure_is_reported_before_application_reopen" time="0.000" /><testcase classname="tests.frontend.packaging.test_frontend_v2_release_candidate" name="test_only_compiled_smoke_bypasses_interpreter_static_teardown" time="0.001" /><testcase classname="tests.frontend.packaging.test_frontend_v2_release_candidate" name="test_successful_compiled_smoke_exits_before_python_stream_teardown" time="0.000" /><testcase classname="tests.frontend.packaging.test_frontend_v2_release_candidate" name="test_compiled_smoke_suspends_cyclic_gc_until_os_termination_returns" time="0.000" /><testcase classname="tests.frontend.packaging.test_frontend_v2_release_candidate" name="test_compiled_smoke_system_exit_zero_flushes_diagnostics" time="0.000" /><testcase classname="tests.frontend.packaging.test_frontend_v2_release_candidate" name="test_compiled_smoke_failure_still_bypasses_static_teardown" time="0.012" /><testcase classname="tests.frontend.packaging.test_frontend_v2_release_candidate" name="test_compiled_smoke_preserves_argparse_exit_code" time="0.000" /><testcase classname="tests.frontend.packaging.test_frontend_v2_release_candidate" name="test_smoke_mode_rejects_an_abbreviated_selector" time="0.003" /><testcase classname="tests.frontend.packaging.test_frontend_v2_release_candidate" name="test_production_window_factory_closes_features_when_window_fails" time="0.003" /></testsuite></testsuites>