<?xml version="1.0" encoding="utf-8"?><testsuites name="pytest tests"><testsuite name="pytest" errors="0" failures="0" skipped="0" tests="4" time="1.731" timestamp="2026-08-06T10:01:32.913853+08:00" hostname="Mango"><testcase classname="tests.frontend.unit.test_event_bridge" name="test_event_bridge_stop_waits_for_worker_termination" time="1.302" /><testcase classname="tests.frontend.unit.test_event_bridge" name="test_event_bridge_batch_flush" time="0.122" /><testcase classname="tests.frontend.unit.test_event_bridge" name="test_event_bridge_normalizes_runtime_snapshotupdated" time="0.081" /><testcase classname="tests.frontend.unit.test_event_bridge" name="test_start_frontend_bridge_returns_singleton" time="0.001" /></testsuite></testsuites>