<?xml version="1.0" encoding="utf-8"?><testsuites name="pytest tests"><testsuite name="pytest" errors="0" failures="0" skipped="1" tests="300" time="12.497" timestamp="2026-08-06T06:40:11.362016+08:00" hostname="Mango"><testcase classname="tests.frontend.unit.test_accessibility_preferences" name="test_explicit_accessibility_environment_overrides_are_parsed_and_clamped" time="0.001" /><testcase classname="tests.frontend.unit.test_accessibility_preferences" name="test_invalid_overrides_fall_back_to_safe_cross_platform_defaults" time="0.001" /><testcase classname="tests.frontend.unit.test_accessibility_preferences" name="test_non_finite_text_scale_overrides_use_the_safe_fallback" time="0.000" /><testcase classname="tests.frontend.unit.test_accessibility_preferences" name="test_windows_preferences_are_read_without_becoming_runtime_dependencies" time="0.000" /><testcase classname="tests.frontend.unit.test_accessibility_preferences" name="test_qt_adapter_exposes_immutable_preferences_to_qml" time="0.000" /><testcase classname="tests.frontend.unit.test_account_contract" name="test_account_view_exposes_contract_fields" time="0.058" /><testcase classname="tests.frontend.unit.test_account_controller_runtime_store" name="test_account_controller_prefers_latest_service_account_state" time="0.000" /><testcase classname="tests.frontend.unit.test_account_controller_runtime_store" name="test_account_controller_lists_account_ids_from_service" time="0.000" /><testcase classname="tests.frontend.unit.test_account_panel" name="test_account_panel_switch_and_view" time="0.019" /><testcase classname="tests.frontend.unit.test_account_panel" name="test_account_panel_filter_and_pagination" time="0.020" /><testcase classname="tests.frontend.unit.test_account_panel" name="test_account_panel_threshold_update" time="0.020" /><testcase classname="tests.frontend.unit.test_account_runtime_store" name="test_account_runtime_store_prefers_event_payload_for_live_updates" time="0.000" /><testcase classname="tests.frontend.unit.test_account_runtime_store" name="test_account_runtime_store_fetches_from_runtime_gateway_when_missing" time="0.000" /><testcase classname="tests.frontend.unit.test_agent_config_adapter" name="test_agent_config_adapter_add_version_and_violations" time="0.082" /><testcase classname="tests.frontend.unit.test_agent_config_panel" name="test_agent_config_panel_add_version_and_script_block" time="0.072" /><testcase classname="tests.frontend.unit.test_agent_config_panel" name="test_agent_config_panel_params_version_mismatch_metric" time="0.069" /><testcase classname="tests.frontend.unit.test_agent_controller_batch" name="test_agent_controller_batch_create_allowed_and_disallowed" time="0.043" /><testcase classname="tests.frontend.unit.test_agent_creation_controller_batch" name="test_batch_success_progress_and_complete" time="0.051" /><testcase classname="tests.frontend.unit.test_agent_creation_controller_batch" name="test_cancel_job_best_effort" time="0.051" /><testcase classname="tests.frontend.unit.test_agent_creation_controller_batch" name="test_invalid_and_unsupported_type" time="0.000" /><testcase classname="tests.frontend.unit.test_agent_creation_controller_batch" name="test_idempotent_job_id" time="0.001" /><testcase classname="tests.frontend.unit.test_agent_creation_dialog" name="test_agent_creation_dialog_submit_success_and_error" time="0.045" /><testcase classname="tests.frontend.unit.test_agent_creation_modal" name="test_agent_creation_modal_validation_and_progress" time="0.038" /><testcase classname="tests.frontend.unit.test_agent_service_runtime_authority" name="test_agent_service_hydrates_agents_from_runtime_bindings" time="0.000" /><testcase classname="tests.frontend.unit.test_agent_service_runtime_authority" name="test_agent_service_runtime_hydration_preserves_live_status_fields" time="0.000" /><testcase classname="tests.frontend.unit.test_agent_service_runtime_authority" name="test_agent_service_recovers_persisted_runtime_status_from_binding_meta" time="0.001" /><testcase classname="tests.frontend.unit.test_agent_service_runtime_authority" name="test_agent_service_restores_previous_run_agents_as_stopped" time="0.000" /><testcase classname="tests.frontend.unit.test_agent_service_runtime_authority" name="test_agent_service_persists_params_version_to_runtime_meta" time="0.000" /><testcase classname="tests.frontend.unit.test_agent_service_runtime_authority" name="test_agent_service_rehydrates_runtime_retail_executor_before_start" time="0.000" /><testcase classname="tests.frontend.unit.test_agent_service_runtime_authority" name="test_agent_service_claims_previous_run_agent_when_starting" time="0.000" /><testcase classname="tests.frontend.unit.test_agent_service_runtime_gateway" name="test_agent_service_bootstrap_uses_runtime_gateway" time="0.009" /><testcase classname="tests.frontend.unit.test_agent_service_strategy_assignment" name="test_allocate_retail_strategies_uses_explicit_list_round_robin" time="0.000" /><testcase classname="tests.frontend.unit.test_agent_service_strategy_assignment" name="test_agent_service_assigns_visible_strategy_and_strategy_names_to_retail_agents" time="0.002" /><testcase classname="tests.frontend.unit.test_agent_service_strategy_assignment" name="test_agent_service_advances_retail_counters_from_persisted_bindings" time="0.001" /><testcase classname="tests.frontend.unit.test_agent_service_strategy_assignment" name="test_agent_service_respects_explicit_multi_strategy_batch_configuration" time="0.002" /><testcase classname="tests.frontend.unit.test_agent_service_strategy_assignment" name="test_agent_service_controls_runtime_retail_agents" time="0.001" /><testcase classname="tests.frontend.unit.test_agent_service_strategy_assignment" name="test_agent_service_stop_does_not_block_on_slow_runtime_agent" time="0.276" /><testcase classname="tests.frontend.unit.test_agent_service_strategy_assignment" name="test_cold_start_profile_exposes_post_ipo_mix" time="0.000" /><testcase classname="tests.frontend.unit.test_agent_service_strategy_assignment" name="test_allocate_retail_strategies_uses_balanced_bootstrap_for_small_post_ipo_batches" time="0.000" /><testcase classname="tests.frontend.unit.test_agents_adapter_control" name="test_agents_adapter_control_targets_current_row_instead_of_all_rows" time="0.000" /><testcase classname="tests.frontend.unit.test_agents_adapter_control" name="test_agents_adapter_control_targets_all_selected_rows" time="0.000" /><testcase classname="tests.frontend.unit.test_agents_adapter_control" name="test_agents_adapter_control_falls_back_to_selected_items_rows" time="0.000" /><testcase classname="tests.frontend.unit.test_agents_model_view" name="test_agents_panel_filters_retail_and_model_views" time="0.027" /><testcase classname="tests.frontend.unit.test_agents_model_view" name="test_agent_controller_can_create_and_start_model_agent" time="0.040" /><testcase classname="tests.frontend.unit.test_agents_model_view" name="test_agent_service_applies_model_step_metrics_to_view" time="0.033" /><testcase classname="tests.frontend.unit.test_agents_panel" name="test_agents_panel_batch_create_success" time="0.027" /><testcase classname="tests.frontend.unit.test_agents_panel" name="test_agents_panel_preserves_explicit_strategy_rotation_across_progressive_batch_creation" time="0.027" /><testcase classname="tests.frontend.unit.test_agents_panel" name="test_agents_panel_auto_retail_batch_uses_population_mix_not_singleton_default" time="0.027" /><testcase classname="tests.frontend.unit.test_agents_panel" name="test_agents_panel_batch_create_unsupported_type" time="0.027" /><testcase classname="tests.frontend.unit.test_agents_panel" name="test_agents_panel_control_and_heartbeat_stale" time="0.048" /><testcase classname="tests.frontend.unit.test_alert_heartbeat_manual_time" name="test_alert_heartbeat_manual_time_debounce_once" time="0.000" /><testcase classname="tests.frontend.unit.test_alerts" name="test_alert_drawdown_debounce" time="0.000" /><testcase classname="tests.frontend.unit.test_alerts" name="test_alert_heartbeat_and_low_balance" time="0.000" /><testcase classname="tests.frontend.unit.test_alerts" name="test_drawdown_no_peak_or_threshold" time="0.000" /><testcase classname="tests.frontend.unit.test_arena_panel" name="test_builtin_panel_registry_includes_arena" time="0.000" /><testcase classname="tests.frontend.unit.test_arena_panel" name="test_arena_panel_create_start_evaluate_view" time="0.083" /><testcase classname="tests.frontend.unit.test_arena_panel" name="test_arena_adapter_headless_renders_rows_and_controls" time="0.017" /><testcase classname="tests.frontend.unit.test_arena_panel" name="test_arena_panel_run_experiment_updates_report_view" time="0.017" /><testcase classname="tests.frontend.unit.test_arena_panel" name="test_arena_adapter_headless_renders_experiment_summary" time="0.017" /><testcase classname="tests.frontend.unit.test_clock_panel" name="test_clock_panel_basic_flow" time="0.036" /><testcase classname="tests.frontend.unit.test_clock_service_runtime_gateway" name="test_clock_service_uses_runtime_gateway_for_clock_actions" time="0.000" /><testcase classname="tests.frontend.unit.test_controllers_account_market" name="test_account_controller_pagination_and_filter" time="0.017" /><testcase classname="tests.frontend.unit.test_controllers_account_market" name="test_market_controller_merge_and_list_and_filter" time="0.017" /><testcase classname="tests.frontend.unit.test_controllers_account_market" name="test_market_controller_indicator_request_ma" time="0.035" /><testcase classname="tests.frontend.unit.test_controllers_account_market" name="test_market_controller_create_instrument_registers_runtime" time="0.019" /><testcase classname="tests.frontend.unit.test_controllers_agents" name="test_agent_batch_create_and_control" time="0.069" /><testcase classname="tests.frontend.unit.test_controllers_agents" name="test_agent_config_versions_and_rollback_and_validation" time="0.079" /><testcase classname="tests.frontend.unit.test_controllers_task22" name="test_leaderboard_controller_refresh_and_export" time="0.028" /><testcase classname="tests.frontend.unit.test_controllers_task22" name="test_clock_controller_rollback_and_restart" time="0.032" /><testcase classname="tests.frontend.unit.test_controllers_task22" name="test_settings_controller_hot_update" time="0.005" /><testcase classname="tests.frontend.unit.test_create_instrument_dialog" name="test_triad_requires_exactly_one_missing" time="0.000" /><testcase classname="tests.frontend.unit.test_create_instrument_dialog" name="test_preview_derivation_and_submit_missing_market_cap" time="0.001" /><testcase classname="tests.frontend.unit.test_create_instrument_dialog" name="test_field_errors_and_total_lt_float" time="0.001" /><testcase classname="tests.frontend.unit.test_diagnostics_panel" name="test_diagnostics_panel_uses_the_headless_application_interface" time="0.009" /><testcase classname="tests.frontend.unit.test_diagnostics_panel" name="test_v1_authoring_and_product_surface_facts_are_authoritative" time="0.001" /><testcase classname="tests.frontend.unit.test_diagnostics_panel" name="test_diagnostics_adapter_renders_the_logic_panel_view" time="0.022" /><testcase classname="tests.frontend.unit.test_diagnostics_panel" name="test_diagnostics_workspace_admits_and_displays_segment_provenance" time="0.001" /><testcase classname="tests.frontend.unit.test_diagnostics_panel" name="test_diagnostics_workspace_returns_a_bounded_recommendation_shortlist" time="0.001" /><testcase classname="tests.frontend.unit.test_diagnostics_panel" name="test_diagnostics_workspace_completes_the_manual_recipe_lifecycle" time="0.004" /><testcase classname="tests.frontend.unit.test_diagnostics_panel" name="test_headless_application_selects_the_registered_quentx_strategy" time="0.063" /><testcase classname="tests.frontend.unit.test_diagnostics_panel" name="test_diagnostics_panel_runs_a_comparable_two_strategy_baseline_campaign" time="0.152" /><testcase classname="tests.frontend.unit.test_diagnostics_panel" name="test_application_anchors_and_runs_an_approved_single_family_sensitivity_case" time="0.041" /><testcase classname="tests.frontend.unit.test_diagnostics_panel" name="test_application_anchors_an_approved_compound_campaign_case" time="0.004" /><testcase classname="tests.frontend.unit.test_diagnostics_panel" name="test_application_runs_compound_only_as_a_quick_experiment" time="0.043" /><testcase classname="tests.frontend.unit.test_diagnostics_panel" name="test_panel_plans_and_resumes_a_staged_quick_experiment" time="0.042" /><testcase classname="tests.frontend.unit.test_diagnostics_panel" name="test_diagnostics_workspace_previews_baseline_versus_trend_regime" time="0.003" /><testcase classname="tests.frontend.unit.test_diagnostics_panel" name="test_diagnostics_workspace_shows_volatility_request_and_path_statistics" time="0.003" /><testcase classname="tests.frontend.unit.test_diagnostics_panel" name="test_diagnostics_workspace_shows_shock_recovery_phases_and_statistics" time="0.005" /><testcase classname="tests.frontend.unit.test_diagnostics_panel" name="test_diagnostics_workspace_shows_requested_and_effective_market_structure" time="0.065" /><testcase classname="tests.frontend.unit.test_diagnostics_panel" name="test_diagnostics_panel_controls_and_inspects_an_anchored_baseline_run" time="0.005" /><testcase classname="tests.frontend.unit.test_diagnostics_panel" name="test_diagnostics_panel_cancels_a_baseline_run_at_a_node_boundary" time="0.004" /><testcase classname="tests.frontend.unit.test_diagnostics_panel" name="test_diagnostics_workspace_shows_requested_and_effective_liquidity" time="0.004" /><testcase classname="tests.frontend.unit.test_diagnostics_panel" name="test_diagnostics_workspace_shows_actionable_recipe_validation_feedback" time="0.001" /><testcase classname="tests.frontend.unit.test_diagnostics_panel" name="test_diagnostics_adapter_drives_recipe_review_approval_and_materialization" time="0.009" /><testcase classname="tests.frontend.unit.test_diagnostics_panel" name="test_diagnostics_adapter_controls_and_renders_a_baseline_strategy_run" time="0.012" /><testcase classname="tests.frontend.unit.test_diagnostics_panel" name="test_diagnostics_adapter_runs_and_renders_a_two_strategy_campaign" time="0.072" /><testcase classname="tests.frontend.unit.test_diagnostics_panel" name="test_diagnostics_adapter_renders_traceable_sensitivity_curves" time="0.006" /><testcase classname="tests.frontend.unit.test_diagnostics_panel" name="test_diagnostics_adapter_renders_formal_campaign_layers_and_failures" time="0.005" /><testcase classname="tests.frontend.unit.test_diagnostics_panel" name="test_application_exposes_versioned_strategy_specific_guardrails" time="0.001" /><testcase classname="tests.frontend.unit.test_diagnostics_panel" name="test_application_validates_explicit_v1_strategy_guardrail_selection" time="0.001" /><testcase classname="tests.frontend.unit.test_diagnostics_panel" name="test_panel_exposes_and_enforces_v1_diagnostic_configuration" time="0.001" /><testcase classname="tests.frontend.unit.test_diagnostics_panel" name="test_headless_formal_campaign_builds_and_seals_presentable_evidence" time="2.459" /><testcase classname="tests.frontend.unit.test_diagnostics_panel" name="test_gui_signals_complete_full_v1_acceptance_workflow" time="2.054" /><testcase classname="tests.frontend.unit.test_diagnostics_panel" name="test_diagnostics_adapter_renders_sealed_multidimensional_evidence" time="0.004" /><testcase classname="tests.frontend.unit.test_diagnostics_panel" name="test_diagnostics_adapter_runs_a_staged_compound_quick_experiment" time="0.099" /><testcase classname="tests.frontend.unit.test_diagnostics_panel" name="test_diagnostics_adapter_explains_campaign_policy_before_launch" time="0.010" /><testcase classname="tests.frontend.unit.test_diagnostics_panel" name="test_diagnostics_adapter_compares_execution_overrides_and_erosion" time="0.013" /><testcase classname="tests.frontend.unit.test_diagnostics_panel" name="test_approved_execution_recipe_cannot_run_another_materialization" time="0.002" /><testcase classname="tests.frontend.unit.test_diagnostics_panel" name="test_diagnostics_adapter_order_audit_renders_every_a_share_reason_code" time="0.004" /><testcase classname="tests.frontend.unit.test_diagnostics_panel" name="test_diagnostics_adapter_renders_baseline_versus_transformed_preview" time="0.011" /><testcase classname="tests.frontend.unit.test_diagnostics_panel" name="test_diagnostics_adapter_authors_volatility_and_renders_path_statistics" time="0.011" /><testcase classname="tests.frontend.unit.test_diagnostics_panel" name="test_diagnostics_adapter_previews_shock_phases_without_microstructure_claim" time="0.015" /><testcase classname="tests.frontend.unit.test_diagnostics_panel" name="test_diagnostics_adapter_previews_requested_and_effective_market_structure" time="0.023" /><testcase classname="tests.frontend.unit.test_diagnostics_panel" name="test_diagnostics_adapter_separates_path_liquidity_from_private_execution" time="0.012" /><testcase classname="tests.frontend.unit.test_diagnostics_panel" name="test_diagnostics_adapter_refuses_to_approve_stale_visible_inputs" time="0.006" /><testcase classname="tests.frontend.unit.test_diagnostics_panel" name="test_diagnostics_adapter_can_admit_and_recommend_without_storage_controls" time="0.005" /><testcase classname="tests.frontend.unit.test_diagnostics_panel" name="test_desktop_shell_registers_diagnostics_as_a_primary_workspace" time="0.084" /><testcase classname="tests.frontend.unit.test_diagnostics_panel" name="test_desktop_diagnostics_composition_restores_approved_recipe" time="0.027" /><testcase classname="tests.frontend.unit.test_diagnostics_panel" name="test_diagnostics_adapter_failure_preserves_the_legacy_shell" time="0.003" /><testcase classname="tests.frontend.unit.test_dto" name="test_account_dto_round_trip" time="0.000" /><testcase classname="tests.frontend.unit.test_dto" name="test_account_negative_equity_validation" time="0.000" /><testcase classname="tests.frontend.unit.test_dto" name="test_market_and_trade_dto" time="0.000" /><testcase classname="tests.frontend.unit.test_dto" name="test_agent_leaderboard_clock_version" time="0.000" /><testcase classname="tests.frontend.unit.test_event_bridge_redis" name="test_event_bridge_redis_fallback_to_local" time="0.121" /><testcase classname="tests.frontend.unit.test_event_bridge_redis" name="test_event_bridge_runtime_fallback_detected" time="0.142" /><testcase classname="tests.frontend.unit.test_event_bridge_redis_fallback" name="test_event_bridge_redis_start_failure_fallback" time="0.081" /><testcase classname="tests.frontend.unit.test_event_bridge_redis_fallback" name="test_event_bridge_runtime_fallback" time="0.101" /><testcase classname="tests.frontend.unit.test_event_bridge_trade_publish" name="test_publish_trade_payload_emits_trade_topics_to_app_bus" time="0.000" /><testcase classname="tests.frontend.unit.test_event_bridge_trade_publish" name="test_on_trade_executed_receives_single_canonical_trade_event" time="0.000" /><testcase classname="tests.frontend.unit.test_event_bridge_trade_publish" name="test_order_submitted_helper_covers_canonical_and_legacy_topics" time="0.000" /><testcase classname="tests.frontend.unit.test_event_bridge_trade_publish" name="test_order_event_helpers_receive_legacy_backend_topics_through_canonical_subscription" time="0.000" /><testcase classname="tests.frontend.unit.test_event_bridge_trade_publish" name="test_account_event_helpers_cover_canonical_and_legacy_topics" time="0.000" /><testcase classname="tests.frontend.unit.test_event_bridge_trade_publish" name="test_account_created_helper_covers_canonical_and_legacy_topics" time="0.003" /><testcase classname="tests.frontend.unit.test_event_bridge_trade_publish" name="test_publish_helpers_emit_agent_and_instrument_topics" time="0.000" /><testcase classname="tests.frontend.unit.test_evidence_chart_renderer" name="test_frame_gate_caps_commits_and_never_coalesces_away_terminal_revision" time="0.000" /><testcase classname="tests.frontend.unit.test_evidence_chart_renderer" name="test_qt_adapter_publishes_semantics_before_capped_chart_frame_deadline" time="0.050" /><testcase classname="tests.frontend.unit.test_evidence_chart_renderer" name="test_qt_adapter_disables_point_interaction_without_a_chart_sample" time="0.001" /><testcase classname="tests.frontend.unit.test_evidence_chart_renderer" name="test_revision_only_commit_does_not_republish_unchanged_chart_geometry" time="0.003" /><testcase classname="tests.frontend.unit.test_evidence_chart_renderer" name="test_active_tab_input_does_not_schedule_unrelated_chart_work" time="0.003" /><testcase classname="tests.frontend.unit.test_evidence_chart_sampling" name="test_reference_evidence_source_is_sampled_deterministically_without_mutation" time="0.005" /><testcase classname="tests.frontend.unit.test_export_button" name="test_export_button_basic_order_and_snapshot" time="0.008" /><testcase classname="tests.frontend.unit.test_export_button" name="test_export_button_include_extra_columns" time="0.003" /><testcase classname="tests.frontend.unit.test_export_button" name="test_export_button_error_handling_invalid_format" time="0.002" /><testcase classname="tests.frontend.unit.test_export_button" name="test_export_button_snapshot_id_mismatch" time="0.002" /><testcase classname="tests.frontend.unit.test_export_service" name="test_export_csv_meta_and_metrics" time="0.004" /><testcase classname="tests.frontend.unit.test_export_service" name="test_export_snapshot_id_mismatch" time="0.002" /><testcase classname="tests.frontend.unit.test_export_service" name="test_export_excel_requires_pandas" time="0.012" /><testcase classname="tests.frontend.unit.test_export_service_equity_consistency" name="test_export_equity_consistency_pass" time="0.002" /><testcase classname="tests.frontend.unit.test_export_service_equity_consistency" name="test_export_equity_consistency_fail" time="0.002" /><testcase classname="tests.frontend.unit.test_export_service_xlsx_fallback" name="test_export_excel_with_meta" time="0.003" /><testcase classname="tests.frontend.unit.test_export_service_xlsx_fallback" name="test_export_excel_openpyxl_fallback" time="0.002"><skipped type="pytest.skip" message="openpyxl not installed; skip fallback test">F:\CodexWorktrees\UTI-STOCKSIM-wave3\stock_sim\tests\frontend\unit\test_export_service_xlsx_fallback.py:45: openpyxl not installed; skip fallback test</skipped></testcase><testcase classname="tests.frontend.unit.test_formatters" name="test_format_number_basic_rounding" time="0.000" /><testcase classname="tests.frontend.unit.test_formatters" name="test_format_number_trim_and_compact" time="0.000" /><testcase classname="tests.frontend.unit.test_formatters" name="test_format_number_zero_decimals_and_sign_compact" time="0.000" /><testcase classname="tests.frontend.unit.test_formatters" name="test_format_currency_and_percent" time="0.000" /><testcase classname="tests.frontend.unit.test_formatters" name="test_format_percent_trim_trailing" time="0.001" /><testcase classname="tests.frontend.unit.test_formatters" name="test_format_date_default_and_custom_and_timestamp" time="0.000" /><testcase classname="tests.frontend.unit.test_formatters" name="test_format_number_edge_large_compact" time="0.000" /><testcase classname="tests.frontend.unit.test_i18n_loader" name="test_i18n_basic_and_formatting" time="0.000" /><testcase classname="tests.frontend.unit.test_i18n_loader" name="test_i18n_language_switch_and_fallback" time="0.000" /><testcase classname="tests.frontend.unit.test_i18n_loader" name="test_i18n_missing_key_counts" time="0.000" /><testcase classname="tests.frontend.unit.test_i18n_loader" name="test_i18n_format_error_increments" time="0.000" /><testcase classname="tests.frontend.unit.test_i18n_loader_reload" name="test_reload_success_and_translate_formatting" time="0.001" /><testcase classname="tests.frontend.unit.test_i18n_loader_reload" name="test_reload_nonexistent_fallback_to_en_and_missing_key_metrics" time="0.000" /><testcase classname="tests.frontend.unit.test_indicator_computations_and_timeout" name="test_indicator_ma_deterministic" time="0.001" /><testcase classname="tests.frontend.unit.test_indicator_computations_and_timeout" name="test_indicator_rsi_deterministic" time="0.001" /><testcase classname="tests.frontend.unit.test_indicator_computations_and_timeout" name="test_indicator_macd_basic_shapes" time="0.001" /><testcase classname="tests.frontend.unit.test_indicator_computations_and_timeout" name="test_indicator_timeout_monkeypatched_no_sleep" time="0.000" /><testcase classname="tests.frontend.unit.test_indicator_timeout" name="test_indicator_timeout_metric_and_skip_callback" time="0.051" /><testcase classname="tests.frontend.unit.test_indicators" name="test_ma_shape_and_values" time="0.001" /><testcase classname="tests.frontend.unit.test_indicators" name="test_rsi_shape" time="0.000" /><testcase classname="tests.frontend.unit.test_indicators" name="test_macd_shapes" time="0.001" /><testcase classname="tests.frontend.unit.test_leaderboard_export_concurrency" name="test_leaderboard_export_concurrency" time="0.352" /><testcase classname="tests.frontend.unit.test_leaderboard_panel" name="test_leaderboard_panel_basic_refresh_and_selection" time="0.018" /><testcase classname="tests.frontend.unit.test_leaderboard_panel" name="test_leaderboard_panel_rank_delta_after_second_refresh" time="0.138" /><testcase classname="tests.frontend.unit.test_leaderboard_panel" name="test_leaderboard_panel_sort_and_window_switch" time="0.021" /><testcase classname="tests.frontend.unit.test_leaderboard_panel" name="test_leaderboard_panel_export_csv" time="0.024" /><testcase classname="tests.frontend.unit.test_leaderboard_panel" name="test_leaderboard_panel_selected_block_prefers_runtime_curves" time="0.000" /><testcase classname="tests.frontend.unit.test_leaderboard_service_runtime_gateway" name="test_leaderboard_service_builds_runtime_rows_from_gateway" time="0.000" /><testcase classname="tests.frontend.unit.test_leaderboard_service_runtime_gateway" name="test_leaderboard_service_prefers_runtime_curves_from_gateway" time="0.000" /><testcase classname="tests.frontend.unit.test_mainwindow_layout" name="test_mainwindow_layout_idempotent" time="0.007" /><testcase classname="tests.frontend.unit.test_market_active_run_meta" name="test_market_data_service_exposes_active_run_in_chart_meta" time="0.000" /><testcase classname="tests.frontend.unit.test_market_active_run_meta" name="test_market_data_service_exposes_resolved_runtime_history_scope_from_runtime_rows" time="0.000" /><testcase classname="tests.frontend.unit.test_market_adapter_no_trade_buttons" name="test_market_adapter_no_manual_trade_buttons" time="0.035" /><testcase classname="tests.frontend.unit.test_market_adapter_snapshot_batch_bridge" name="test_market_adapter_merges_frontend_snapshot_batch_into_controller" time="0.042" /><testcase classname="tests.frontend.unit.test_market_adapter_snapshot_batch_bridge" name="test_market_adapter_refreshes_persisted_instruments_when_widget_is_created" time="0.018" /><testcase classname="tests.frontend.unit.test_market_adapter_snapshot_batch_bridge" name="test_market_adapter_forces_detail_repaint_on_runtime_bar_update" time="0.018" /><testcase classname="tests.frontend.unit.test_market_create_instrument_dialog" name="test_suggest_next_symbol_uses_highest_numeric_code_plus_one" time="0.000" /><testcase classname="tests.frontend.unit.test_market_create_instrument_dialog" name="test_create_instrument_dialog_derives_market_cap_and_submits_readonly_field" time="0.000" /><testcase classname="tests.frontend.unit.test_market_create_instrument_dialog" name="test_market_panel_get_view_stays_healthy_before_detail_is_loaded" time="0.017" /><testcase classname="tests.frontend.unit.test_market_detail_adapter_contract_labels" name="test_detail_snapshot_label_text_uses_contract_status_and_age" time="0.000" /><testcase classname="tests.frontend.unit.test_market_detail_adapter_contract_labels" name="test_detail_debug_label_text_tracks_contract_metadata_fields" time="0.000" /><testcase classname="tests.frontend.unit.test_market_detail_adapter_contract_labels" name="test_chart_empty_text_uses_series_contract_status" time="0.000" /><testcase classname="tests.frontend.unit.test_market_detail_adapter_contract_labels" name="test_symbol_label_and_bar_count_helpers_are_contract_focused" time="0.000" /><testcase classname="tests.frontend.unit.test_market_detail_adapter_contract_labels" name="test_order_book_rows_are_flattened_for_table_rendering" time="0.000" /><testcase classname="tests.frontend.unit.test_market_detail_chart_geometry" name="test_candle_plot_geometry_uses_bar_index_and_tight_price_window" time="0.000" /><testcase classname="tests.frontend.unit.test_market_detail_chart_geometry" name="test_detail_chart_widget_paints_visible_series" time="1.151" /><testcase classname="tests.frontend.unit.test_market_detail_contract" name="test_detail_view_exposes_contract_metadata_and_placeholder_holdings" time="0.023" /><testcase classname="tests.frontend.unit.test_market_detail_contract" name="test_detail_view_health_ok_when_series_and_snapshot_are_available" time="0.023" /><testcase classname="tests.frontend.unit.test_market_detail_contract_extended" name="test_detail_view_marks_holdings_placeholder_when_helper_missing" time="0.021" /><testcase classname="tests.frontend.unit.test_market_detail_contract_extended" name="test_detail_view_marks_holdings_available_when_helper_returns_data" time="0.022" /><testcase classname="tests.frontend.unit.test_market_detail_contract_extended" name="test_detail_view_marks_indicators_pending_or_available_consistently" time="0.025" /><testcase classname="tests.frontend.unit.test_market_detail_contract_extended" name="test_detail_view_marks_series_stale_as_degraded" time="0.023" /><testcase classname="tests.frontend.unit.test_market_detail_contract_extended" name="test_detail_view_marks_stale_snapshot_and_order_book_as_degraded" time="0.022" /><testcase classname="tests.frontend.unit.test_market_detail_contract_extended" name="test_detail_view_marks_placeholder_series_as_degraded_even_with_snapshot" time="0.023" /><testcase classname="tests.frontend.unit.test_market_detail_contract_overall_health" name="test_detail_overall_health_depends_on_core_blocks_not_auxiliary_holdings_only" time="0.022" /><testcase classname="tests.frontend.unit.test_market_detail_trades_contract" name="test_detail_view_prefers_runtime_trade_log_contract" time="0.020" /><testcase classname="tests.frontend.unit.test_market_detail_trades_contract" name="test_detail_view_dedupes_local_overlay_against_runtime_trade_log" time="0.018" /><testcase classname="tests.frontend.unit.test_market_panel" name="test_market_panel_add_and_view" time="0.018" /><testcase classname="tests.frontend.unit.test_market_panel" name="test_market_panel_filter_and_pagination" time="0.018" /><testcase classname="tests.frontend.unit.test_market_panel" name="test_market_panel_sort_and_detail" time="0.022" /><testcase classname="tests.frontend.unit.test_market_panel" name="test_market_panel_get_view_uses_lightweight_selected_symbol" time="0.022" /><testcase classname="tests.frontend.unit.test_market_panel" name="test_market_panel_loads_persisted_instruments_into_watchlist_and_snapshots" time="0.000" /><testcase classname="tests.frontend.unit.test_market_panel_create_dialog_regression" name="test_create_dialog_submit_only_once" time="0.032" /><testcase classname="tests.frontend.unit.test_market_panel_detail_open_regression" name="test_double_click_selects_and_opens_symbol_detail_page" time="0.119" /><testcase classname="tests.frontend.unit.test_market_runtime_only_mode" name="test_market_data_service_runtime_only_mode_does_not_fallback_to_synthetic" time="0.000" /><testcase classname="tests.frontend.unit.test_market_runtime_only_mode" name="test_market_data_service_runtime_only_builds_bars_from_trade_log_when_persisted_bars_missing" time="0.000" /><testcase classname="tests.frontend.unit.test_market_runtime_only_mode" name="test_market_data_service_trade_log_bar_lookup_is_bounded" time="0.000" /><testcase classname="tests.frontend.unit.test_market_runtime_trade_series" name="test_symbol_detail_trade_creates_runtime_series" time="0.023" /><testcase classname="tests.frontend.unit.test_market_runtime_trade_series" name="test_runtime_trade_daily_bar_uses_internal_sim_day_bucket" time="0.003" /><testcase classname="tests.frontend.unit.test_market_runtime_trade_series" name="test_runtime_bar_update_replaces_trade_cache_with_persisted_bar_event" time="0.003" /><testcase classname="tests.frontend.unit.test_market_snapshot_detail_contract" name="test_market_controller_exposes_snapshot_and_order_book_detail_contract" time="0.018" /><testcase classname="tests.frontend.unit.test_metrics_adapter" name="test_flush_with_metrics_and_reason" time="0.000" /><testcase classname="tests.frontend.unit.test_metrics_adapter" name="test_flush_empty_forced" time="0.000" /><testcase classname="tests.frontend.unit.test_metrics_dump" name="test_dump_metrics_and_reset_behavior" time="0.000" /><testcase classname="tests.frontend.unit.test_notification_center_ring_behavior" name="test_notification_center_overflow_and_observer_count" time="0.000" /><testcase classname="tests.frontend.unit.test_notification_center_ring_behavior" name="test_notification_center_clear_resets_and_restarts_ids" time="0.000" /><testcase classname="tests.frontend.unit.test_notification_center_ring_behavior" name="test_notification_center_remove_observer" time="0.000" /><testcase classname="tests.frontend.unit.test_notifications" name="test_notification_center_publish_and_alert_bridge" time="0.000" /><testcase classname="tests.frontend.unit.test_notifications_panel_adapter" name="test_notifications_panel_adapter_push_and_filter" time="0.015" /><testcase classname="tests.frontend.unit.test_orders_contract" name="test_orders_panel_exposes_lifecycle_stage_and_line_meta" time="0.000" /><testcase classname="tests.frontend.unit.test_orders_panel_dedup" name="test_orders_panel_deduplicates_same_trade_event" time="0.000" /><testcase classname="tests.frontend.unit.test_panel_i18n_titles" name="test_panel_titles_i18n_switch" time="0.000" /><testcase classname="tests.frontend.unit.test_panel_registry_main" name="test_panel_registry_lazy_creation" time="0.000" /><testcase classname="tests.frontend.unit.test_panel_registry_main" name="test_mainwindow_registered_panels_open" time="0.009" /><testcase classname="tests.frontend.unit.test_performance_monitor" name="test_performance_monitor_basic_section_flush" time="0.016" /><testcase classname="tests.frontend.unit.test_performance_monitor" name="test_performance_monitor_disabled" time="0.003" /><testcase classname="tests.frontend.unit.test_rate_limiter" name="test_rate_limiter_basic_window" time="0.000" /><testcase classname="tests.frontend.unit.test_rate_limiter" name="test_rate_limiter_metrics_counts" time="0.000" /><testcase classname="tests.frontend.unit.test_ring_buffer_concurrency" name="test_ring_buffer_concurrency_overflow_order_maintained" time="0.004" /><testcase classname="tests.frontend.unit.test_ring_buffer_concurrency" name="test_ring_buffer_concurrency_capacity_one" time="0.002" /><testcase classname="tests.frontend.unit.test_rollback_consistency" name="test_rollback_consistency_success" time="0.097" /><testcase classname="tests.frontend.unit.test_rollback_consistency" name="test_rollback_consistency_equity_fail" time="0.097" /><testcase classname="tests.frontend.unit.test_rollback_consistency" name="test_rollback_consistency_agents_hash_fail" time="0.106" /><testcase classname="tests.frontend.unit.test_runtime_retail_clock_gating" name="test_runtime_retail_waits_for_clock_start" time="0.021" /><testcase classname="tests.frontend.unit.test_runtime_retail_clock_gating" name="test_runtime_retail_cold_start_noise_agent_without_inventory_can_abstain" time="0.018" /><testcase classname="tests.frontend.unit.test_runtime_retail_clock_gating" name="test_runtime_retail_cold_start_holding_agent_can_still_post_buy_interest" time="0.017" /><testcase classname="tests.frontend.unit.test_runtime_retail_clock_gating" name="test_runtime_retail_scans_other_symbols_when_first_symbol_has_no_trade" time="0.019" /><testcase classname="tests.frontend.unit.test_runtime_retail_clock_gating" name="test_runtime_retail_passive_quotes_seed_empty_book_on_both_sides" time="0.017" /><testcase classname="tests.frontend.unit.test_runtime_retail_clock_gating" name="test_runtime_retail_cold_start_buy_quote_is_capped_when_no_ask" time="0.019" /><testcase classname="tests.frontend.unit.test_runtime_retail_clock_gating" name="test_runtime_retail_sell_plan_uses_planned_lots_not_full_inventory" time="0.017" /><testcase classname="tests.frontend.unit.test_runtime_retail_clock_gating" name="test_runtime_retail_patience_cancels_stale_live_orders" time="0.017" /><testcase classname="tests.frontend.unit.test_script_validator" name="test_forbidden_import_violation" time="0.001" /><testcase classname="tests.frontend.unit.test_script_validator" name="test_forbidden_attribute_violation" time="0.001" /><testcase classname="tests.frontend.unit.test_script_validator" name="test_whitelist_import_rule" time="0.000" /><testcase classname="tests.frontend.unit.test_script_validator" name="test_syntax_error" time="0.000" /><testcase classname="tests.frontend.unit.test_script_validator" name="test_file_too_large" time="0.003" /><testcase classname="tests.frontend.unit.test_script_validator" name="test_clean_script_ok" time="0.000" /><testcase classname="tests.frontend.unit.test_script_validator_notification" name="test_script_validation_violation_notification_dedup" time="0.000" /><testcase classname="tests.frontend.unit.test_script_validator_notification" name="test_script_validation_exception_notification_once" time="0.000" /><testcase classname="tests.frontend.unit.test_settings_clock_playback_bridge" name="test_playback_speed_updates_clock" time="0.023" /><testcase classname="tests.frontend.unit.test_settings_clock_playback_bridge" name="test_playback_speed_invalid_ignored_and_warn" time="0.022" /><testcase classname="tests.frontend.unit.test_settings_panel" name="test_settings_panel_basic" time="0.003" /><testcase classname="tests.frontend.unit.test_settings_panel_adapter" name="test_settings_panel_adapter_batch_and_undo" time="0.003" /><testcase classname="tests.frontend.unit.test_settings_panel_metrics" name="test_settings_panel_metrics_counts" time="0.002" /><testcase classname="tests.frontend.unit.test_settings_panel_playback_speed_mock" name="test_settings_panel_playback_speed_valid_then_invalid_ignored" time="0.000" /><testcase classname="tests.frontend.unit.test_settings_panel_redo" name="test_settings_panel_redo_sequence_metrics_and_clear" time="0.002" /><testcase classname="tests.frontend.unit.test_settings_panel_transaction" name="test_settings_panel_transaction_basic_and_idempotent" time="0.001" /><testcase classname="tests.frontend.unit.test_settings_panel_transaction_task32" name="test_settings_panel_transaction_preview_commit_cancel_metrics" time="0.001" /><testcase classname="tests.frontend.unit.test_settings_panel_undo" name="test_settings_panel_undo_basic_and_metrics" time="0.001" /><testcase classname="tests.frontend.unit.test_settings_store" name="test_language_change_triggers_callback" time="0.008" /><testcase classname="tests.frontend.unit.test_settings_store" name="test_layout_persistence" time="0.009" /><testcase classname="tests.frontend.unit.test_shortcuts_accessibility" name="test_shortcut_cycle_basic" time="0.000" /><testcase classname="tests.frontend.unit.test_shortcuts_accessibility" name="test_high_contrast_persist_and_callback" time="0.008" /><testcase classname="tests.frontend.unit.test_shortcuts_accessibility" name="test_apply_high_contrast_vars" time="0.000" /><testcase classname="tests.frontend.unit.test_snapshot_throttler" name="test_snapshot_throttler_50_events_per_second_max_10_refresh" time="0.000" /><testcase classname="tests.frontend.unit.test_snapshot_verifier" name="test_snapshot_verifier_ok" time="0.071" /><testcase classname="tests.frontend.unit.test_snapshot_verifier" name="test_snapshot_verifier_mismatch_triggers_alert" time="0.097" /><testcase classname="tests.frontend.unit.test_state" name="test_app_state_events" time="0.000" /><testcase classname="tests.frontend.unit.test_state" name="test_settings_state_persistence" time="0.004" /><testcase classname="tests.frontend.unit.test_template_store_and_apply" name="test_template_add_and_uniqueness" time="0.051" /><testcase classname="tests.frontend.unit.test_template_store_and_apply" name="test_apply_template_increments_params_version" time="0.074" /><testcase classname="tests.frontend.unit.test_template_store_and_apply" name="test_apply_template_not_found" time="0.051" /><testcase classname="tests.frontend.unit.test_trade_order_dialog" name="test_trade_order_dialog_validates_and_submits" time="0.000" /><testcase classname="tests.frontend.unit.test_trade_order_dialog" name="test_trade_order_dialog_rejects_invalid_form" time="0.000" /><testcase classname="tests.frontend.unit.test_trading_service_runtime_gateway" name="test_trading_service_uses_runtime_gateway_and_publishes_events" time="0.003" /><testcase classname="tests.frontend.unit.test_trading_service_runtime_gateway" name="test_trading_service_cancel_uses_runtime_gateway" time="0.000" /><testcase classname="tests.frontend.unit.test_ui_refresh_shared_context" name="test_open_symbol_page_reuses_shared_market_context" time="0.000" /><testcase classname="tests.frontend.unit.test_utils_tools" name="test_throttle_leading_and_trailing" time="0.061" /><testcase classname="tests.frontend.unit.test_utils_tools" name="test_throttle_force_flush" time="0.000" /><testcase classname="tests.frontend.unit.test_utils_tools" name="test_ring_buffer_basic" time="0.000" /><testcase classname="tests.frontend.unit.test_verification_report" name="test_verification_report_match" time="0.000" /><testcase classname="tests.frontend.unit.test_verification_report" name="test_verification_report_mismatch_multi_types" time="0.000" /><testcase classname="tests.frontend.unit.test_version_store" name="test_add_and_latest" time="0.011" /><testcase classname="tests.frontend.unit.test_version_store" name="test_rollback" time="0.004" /><testcase classname="tests.frontend.unit.test_version_store" name="test_rollback_not_found" time="0.003" /><testcase classname="tests.frontend.unit.test_version_store" name="test_agent_not_found" time="0.002" /><testcase classname="tests.frontend.unit.test_version_store" name="test_persistence_reload" time="0.008" /><testcase classname="tests.frontend.unit.test_watchlist_corrupted" name="test_watchlist_corrupted_json_fallback" time="0.009" /><testcase classname="tests.frontend.unit.test_watchlist_corrupted" name="test_watchlist_wrong_type_symbols_field" time="0.008" /></testsuite></testsuites>