<?xml version="1.0" encoding="utf-8"?><testsuites name="pytest tests"><testsuite name="pytest" errors="0" failures="0" skipped="0" tests="219" time="66.628" timestamp="2026-08-06T09:58:53.088272+08:00" hostname="Mango"><testcase classname="tests.frontend.contract.test_diagnostic_setup_selection_context" name="test_compose_exact_setup_selection_context_into_existing_configuration" time="0.002" /><testcase classname="tests.frontend.contract.test_diagnostic_setup_selection_context" name="test_setup_identity_binds_separate_source_view_selection_and_projection_revisions" time="0.003" /><testcase classname="tests.frontend.contract.test_diagnostic_setup_selection_context" name="test_setup_composition_fails_closed_on_strategy_binding_mismatch" time="0.001" /><testcase classname="tests.frontend.contract.test_diagnostic_setup_selection_context" name="test_setup_context_public_type_graph_is_immutable_and_safe" time="0.000" /><testcase classname="tests.frontend.contract.test_diagnostic_task_campaign_start_live_contract" name="test_live_and_fake_share_formal_campaign_start_conformance[live]" time="0.675" /><testcase classname="tests.frontend.contract.test_diagnostic_task_campaign_start_live_contract" name="test_live_and_fake_share_formal_campaign_start_conformance[fake]" time="0.185" /><testcase classname="tests.frontend.contract.test_diagnostic_task_campaign_start_live_contract" name="test_default_start_uses_the_single_process_production_host" time="0.613" /><testcase classname="tests.frontend.contract.test_diagnostic_task_campaign_start_live_contract" name="test_application_reopen_resumes_a_durably_accepted_queued_start" time="1.119" /><testcase classname="tests.frontend.contract.test_diagnostic_task_campaign_start_live_contract" name="test_running_task_rejects_configuration_mutations_in_backend" time="0.890" /><testcase classname="tests.frontend.contract.test_diagnostic_task_creation_live_contract" name="test_unstarted_application_create_is_a_typed_retryable_rejection" time="0.007" /><testcase classname="tests.frontend.contract.test_diagnostic_task_evidence_handoff_live_contract" name="test_completed_formal_task_hands_real_evidence_to_existing_feature" time="3.954" /><testcase classname="tests.frontend.contract.test_diagnostic_task_evidence_handoff_live_contract" name="test_live_and_fake_share_available_handoff_and_recovery_conformance[live]" time="2.945" /><testcase classname="tests.frontend.contract.test_diagnostic_task_evidence_handoff_live_contract" name="test_live_and_fake_share_available_handoff_and_recovery_conformance[fake]" time="0.234" /><testcase classname="tests.frontend.contract.test_diagnostic_task_evidence_handoff_live_contract" name="test_retry_preserves_failed_history_and_manifests_only_accepted_attempts[live]" time="2.861" /><testcase classname="tests.frontend.contract.test_diagnostic_task_evidence_handoff_live_contract" name="test_retry_preserves_failed_history_and_manifests_only_accepted_attempts[fake]" time="0.196" /><testcase classname="tests.frontend.contract.test_diagnostic_task_evidence_handoff_live_contract" name="test_complete_evidence_handoff_survives_application_reopen" time="2.881" /><testcase classname="tests.frontend.contract.test_diagnostic_task_evidence_handoff_live_contract" name="test_live_and_fake_share_failed_and_partial_evidence_conformance[live-failed]" time="2.355" /><testcase classname="tests.frontend.contract.test_diagnostic_task_evidence_handoff_live_contract" name="test_live_and_fake_share_failed_and_partial_evidence_conformance[fake-failed]" time="0.193" /><testcase classname="tests.frontend.contract.test_diagnostic_task_evidence_handoff_live_contract" name="test_live_and_fake_share_failed_and_partial_evidence_conformance[live-partial]" time="2.508" /><testcase classname="tests.frontend.contract.test_diagnostic_task_evidence_handoff_live_contract" name="test_live_and_fake_share_failed_and_partial_evidence_conformance[fake-partial]" time="0.196" /><testcase classname="tests.frontend.contract.test_diagnostic_task_evidence_handoff_live_contract" name="test_duplicate_manifest_identity_graph_fails_closed" time="2.602" /><testcase classname="tests.frontend.contract.test_diagnostic_task_failed_node_retry_live_contract" name="test_live_and_fake_share_failed_node_retry_conformance[live]" time="0.838" /><testcase classname="tests.frontend.contract.test_diagnostic_task_failed_node_retry_live_contract" name="test_live_and_fake_share_failed_node_retry_conformance[fake]" time="0.190" /><testcase classname="tests.frontend.contract.test_diagnostic_task_failed_node_retry_live_contract" name="test_live_and_fake_disable_retry_while_parent_campaign_is_paused[live]" time="0.729" /><testcase classname="tests.frontend.contract.test_diagnostic_task_failed_node_retry_live_contract" name="test_live_and_fake_disable_retry_while_parent_campaign_is_paused[fake]" time="0.200" /><testcase classname="tests.frontend.contract.test_diagnostic_task_failed_node_retry_live_contract" name="test_live_failed_node_retry_is_durably_accepted" time="0.909" /><testcase classname="tests.frontend.contract.test_diagnostic_task_failed_node_retry_live_contract" name="test_live_retry_of_a_second_failed_node_preserves_first_retry_history" time="1.173" /><testcase classname="tests.frontend.contract.test_diagnostic_task_failed_node_retry_live_contract" name="test_live_failed_node_retry_recovers_after_completion_write_interruption" time="0.870" /><testcase classname="tests.frontend.contract.test_diagnostic_task_lifecycle_live_contract" name="test_live_and_fake_share_task_pause_resume_cancel_lifecycle[live]" time="0.876" /><testcase classname="tests.frontend.contract.test_diagnostic_task_lifecycle_live_contract" name="test_live_and_fake_share_task_pause_resume_cancel_lifecycle[fake]" time="0.234" /><testcase classname="tests.frontend.contract.test_diagnostic_task_lifecycle_live_contract" name="test_live_and_fake_share_campaign_pause_resume_cancel_lifecycle[live]" time="0.835" /><testcase classname="tests.frontend.contract.test_diagnostic_task_lifecycle_live_contract" name="test_live_and_fake_share_campaign_pause_resume_cancel_lifecycle[fake]" time="0.191" /><testcase classname="tests.frontend.contract.test_diagnostic_task_lifecycle_live_contract" name="test_live_and_fake_share_campaign_node_lifecycle_and_conflicts[live]" time="0.863" /><testcase classname="tests.frontend.contract.test_diagnostic_task_lifecycle_live_contract" name="test_live_and_fake_share_campaign_node_lifecycle_and_conflicts[fake]" time="0.191" /><testcase classname="tests.frontend.contract.test_diagnostic_task_lifecycle_live_contract" name="test_live_campaign_progress_sync_recovers_after_persistence_interruption" time="2.826" /><testcase classname="tests.frontend.contract.test_diagnostic_task_lifecycle_live_contract" name="test_later_campaign_pause_wins_runner_save_to_sidecar_sync_race" time="0.873" /><testcase classname="tests.frontend.contract.test_diagnostic_task_revision_approval_live_contract" name="test_live_pending_validation_disables_and_rejects_approval_until_recovery" time="0.094" /><testcase classname="tests.frontend.contract.test_diagnostic_tasks_recovery_live_contract" name="test_campaign_lifecycle_replays_after_application_restart_without_regression" time="0.868" /><testcase classname="tests.frontend.contract.test_diagnostic_tasks_recovery_live_contract" name="test_current_generation_campaign_run_batch_refreshes_its_diagnostic_task" time="0.848" /><testcase classname="tests.frontend.contract.test_evidence_and_findings_feature_contract" name="test_feature_starts_with_an_explicit_immutable_loading_contract" time="0.000" /><testcase classname="tests.frontend.contract.test_evidence_and_findings_feature_contract" name="test_completed_script_is_multidimensional_citable_and_reproducible" time="0.083" /><testcase classname="tests.frontend.contract.test_evidence_and_findings_feature_contract" name="test_candidate_evidence_rejects_duplicate_graph_identities" time="0.001" /><testcase classname="tests.frontend.contract.test_evidence_and_findings_feature_contract" name="test_candidate_evidence_rejects_unpaired_or_dangling_graph_references" time="0.001" /><testcase classname="tests.frontend.contract.test_evidence_and_findings_feature_contract" name="test_stale_script_requires_prior_reliable_evidence" time="0.000" /><testcase classname="tests.frontend.contract.test_evidence_and_findings_feature_contract" name="test_fake_scripts_honest_non_empty_failure_and_incomplete_states" time="0.001" /><testcase classname="tests.frontend.contract.test_evidence_and_findings_feature_contract" name="test_subscription_delivers_revisions_and_disposes_idempotently" time="0.001" /><testcase classname="tests.frontend.contract.test_evidence_and_findings_feature_contract" name="test_app_context_composes_fake_evidence_and_preserves_route_identity" time="0.460" /><testcase classname="tests.frontend.contract.test_evidence_and_findings_feature_contract" name="test_partial_route_identity_is_preserved_without_inventing_metadata" time="0.043" /><testcase classname="tests.frontend.contract.test_evidence_and_findings_feature_contract" name="test_production_live_composition_mounts_only_the_live_evidence_adapter" time="0.049" /><testcase classname="tests.frontend.contract.test_evidence_and_findings_feature_contract" name="test_selection_rejects_swapped_identity_wrappers" time="0.000" /><testcase classname="tests.frontend.contract.test_evidence_and_findings_feature_live_contract" name="test_live_adapter_maps_explicit_chart_source_without_mutating_payload" time="0.001" /><testcase classname="tests.frontend.contract.test_evidence_and_findings_feature_live_contract" name="test_live_adapter_reuses_digest_identified_immutable_evidence_payload" time="0.001" /><testcase classname="tests.frontend.contract.test_evidence_and_findings_feature_live_contract" name="test_live_adapter_rejects_malformed_content_digest" time="0.000" /><testcase classname="tests.frontend.contract.test_evidence_and_findings_feature_live_contract" name="test_live_adapter_rejects_malformed_explicit_chart_payload" time="0.001" /><testcase classname="tests.frontend.contract.test_evidence_and_findings_feature_live_contract" name="test_live_and_fake_adapters_share_the_read_only_feature_contract[fake]" time="0.147" /><testcase classname="tests.frontend.contract.test_evidence_and_findings_feature_live_contract" name="test_live_and_fake_adapters_share_the_read_only_feature_contract[live]" time="0.001" /><testcase classname="tests.frontend.contract.test_evidence_and_findings_feature_live_contract" name="test_live_and_fake_adapters_share_the_honest_state_matrix_contract[fake-completed-ready-ready-complete-True]" time="0.001" /><testcase classname="tests.frontend.contract.test_evidence_and_findings_feature_live_contract" name="test_live_and_fake_adapters_share_the_honest_state_matrix_contract[fake-partial-degraded-ready-partial-True]" time="0.001" /><testcase classname="tests.frontend.contract.test_evidence_and_findings_feature_live_contract" name="test_live_and_fake_adapters_share_the_honest_state_matrix_contract[fake-failed-failed-failed-partial-True]" time="0.001" /><testcase classname="tests.frontend.contract.test_evidence_and_findings_feature_live_contract" name="test_live_and_fake_adapters_share_the_honest_state_matrix_contract[fake-empty-ready-empty-empty-False]" time="0.000" /><testcase classname="tests.frontend.contract.test_evidence_and_findings_feature_live_contract" name="test_live_and_fake_adapters_share_the_honest_state_matrix_contract[fake-no_prior_failed-failed-disconnected-unknown-False]" time="0.000" /><testcase classname="tests.frontend.contract.test_evidence_and_findings_feature_live_contract" name="test_live_and_fake_adapters_share_the_honest_state_matrix_contract[live-completed-ready-ready-complete-True]" time="0.001" /><testcase classname="tests.frontend.contract.test_evidence_and_findings_feature_live_contract" name="test_live_and_fake_adapters_share_the_honest_state_matrix_contract[live-partial-degraded-ready-partial-True]" time="0.001" /><testcase classname="tests.frontend.contract.test_evidence_and_findings_feature_live_contract" name="test_live_and_fake_adapters_share_the_honest_state_matrix_contract[live-failed-failed-failed-partial-True]" time="0.001" /><testcase classname="tests.frontend.contract.test_evidence_and_findings_feature_live_contract" name="test_live_and_fake_adapters_share_the_honest_state_matrix_contract[live-empty-ready-empty-empty-False]" time="0.000" /><testcase classname="tests.frontend.contract.test_evidence_and_findings_feature_live_contract" name="test_live_and_fake_adapters_share_the_honest_state_matrix_contract[live-no_prior_failed-failed-disconnected-unknown-False]" time="0.000" /><testcase classname="tests.frontend.contract.test_evidence_and_findings_feature_live_contract" name="test_live_and_fake_adapters_share_stale_and_disconnected_retention_contract[fake]" time="0.001" /><testcase classname="tests.frontend.contract.test_evidence_and_findings_feature_live_contract" name="test_live_and_fake_adapters_share_stale_and_disconnected_retention_contract[live]" time="0.001" /><testcase classname="tests.frontend.contract.test_evidence_and_findings_feature_live_contract" name="test_live_and_fake_adapters_share_revision_generation_recovery_contract[fake]" time="0.000" /><testcase classname="tests.frontend.contract.test_evidence_and_findings_feature_live_contract" name="test_live_and_fake_adapters_share_revision_generation_recovery_contract[live]" time="0.001" /><testcase classname="tests.frontend.contract.test_evidence_and_findings_feature_live_contract" name="test_live_and_fake_adapters_share_dispose_and_close_lifecycle_contract[fake]" time="0.001" /><testcase classname="tests.frontend.contract.test_evidence_and_findings_feature_live_contract" name="test_live_and_fake_adapters_share_dispose_and_close_lifecycle_contract[live]" time="0.001" /><testcase classname="tests.frontend.contract.test_evidence_and_findings_feature_live_contract" name="test_live_and_fake_adapters_isolate_a_failing_observer_from_future_updates[fake]" time="0.001" /><testcase classname="tests.frontend.contract.test_evidence_and_findings_feature_live_contract" name="test_live_and_fake_adapters_isolate_a_failing_observer_from_future_updates[live]" time="0.001" /><testcase classname="tests.frontend.contract.test_evidence_and_findings_feature_live_contract" name="test_live_adapter_accepts_semantic_changes_and_rejects_old_generations" time="0.001" /><testcase classname="tests.frontend.contract.test_evidence_and_findings_feature_live_contract" name="test_live_adapter_retries_an_authoritative_refresh_after_local_revision_contention" time="0.001" /><testcase classname="tests.frontend.contract.test_evidence_and_findings_feature_live_contract" name="test_live_adapter_accepts_unversioned_semantic_evidence_changes" time="0.001" /><testcase classname="tests.frontend.contract.test_evidence_and_findings_feature_live_contract" name="test_live_adapter_uses_aggregate_content_identity_not_legacy_source_order" time="0.001" /><testcase classname="tests.frontend.contract.test_evidence_and_findings_feature_live_contract" name="test_initial_read_retries_when_connection_generation_changes_in_flight" time="0.001" /><testcase classname="tests.frontend.contract.test_evidence_and_findings_feature_live_contract" name="test_live_adapter_recovers_from_a_transient_query_failure_at_the_same_revision" time="0.001" /><testcase classname="tests.frontend.contract.test_evidence_and_findings_feature_live_contract" name="test_live_adapter_aging_preserves_authoritative_error_semantics" time="0.001" /><testcase classname="tests.frontend.contract.test_evidence_and_findings_feature_live_contract" name="test_live_adapter_rereads_an_age_stale_cache_on_remount" time="0.001" /><testcase classname="tests.frontend.contract.test_evidence_and_findings_feature_live_contract" name="test_live_adapter_accepts_semantic_status_changes[partial-degraded-ready-diagnostic_evidence_partial]" time="0.001" /><testcase classname="tests.frontend.contract.test_evidence_and_findings_feature_live_contract" name="test_live_adapter_accepts_semantic_status_changes[failed-failed-failed-diagnostic_evidence_mapping_failed]" time="0.001" /><testcase classname="tests.frontend.contract.test_evidence_and_findings_feature_live_contract" name="test_live_adapter_never_reports_incomplete_formal_campaigns_as_complete[missing-formal-coverage]" time="0.001" /><testcase classname="tests.frontend.contract.test_evidence_and_findings_feature_live_contract" name="test_live_adapter_never_reports_incomplete_formal_campaigns_as_complete[missing-assumptions]" time="0.001" /><testcase classname="tests.frontend.contract.test_evidence_and_findings_feature_live_contract" name="test_live_adapter_never_reports_incomplete_formal_campaigns_as_complete[missing-provenance]" time="0.001" /><testcase classname="tests.frontend.contract.test_evidence_and_findings_feature_live_contract" name="test_live_adapter_never_reports_incomplete_formal_campaigns_as_complete[missing-artifacts]" time="0.001" /><testcase classname="tests.frontend.contract.test_evidence_and_findings_feature_live_contract" name="test_live_adapter_never_reports_incomplete_formal_campaigns_as_complete[missing-manifest-dependency]" time="0.001" /><testcase classname="tests.frontend.contract.test_evidence_and_findings_feature_live_contract" name="test_live_adapter_never_reports_incomplete_formal_campaigns_as_complete[missing-finding-evidence-citation]" time="0.001" /><testcase classname="tests.frontend.contract.test_evidence_and_findings_feature_live_contract" name="test_live_adapter_never_reports_incomplete_formal_campaigns_as_complete[missing-finding-comparison-citation]" time="0.001" /><testcase classname="tests.frontend.contract.test_evidence_and_findings_feature_live_contract" name="test_live_adapter_never_reports_incomplete_formal_campaigns_as_complete[missing-sensitivity-breakpoint]" time="0.001" /><testcase classname="tests.frontend.contract.test_evidence_and_findings_feature_live_contract" name="test_live_adapter_never_reports_incomplete_formal_campaigns_as_complete[missing-failure-reason]" time="0.001" /><testcase classname="tests.frontend.contract.test_evidence_and_findings_feature_live_contract" name="test_live_adapter_rejects_dangling_typed_evidence_references[comparison-to-evidence]" time="0.001" /><testcase classname="tests.frontend.contract.test_evidence_and_findings_feature_live_contract" name="test_live_adapter_rejects_dangling_typed_evidence_references[finding-to-evidence]" time="0.001" /><testcase classname="tests.frontend.contract.test_evidence_and_findings_feature_live_contract" name="test_live_adapter_rejects_dangling_typed_evidence_references[finding-to-comparison]" time="0.001" /><testcase classname="tests.frontend.contract.test_evidence_and_findings_feature_live_contract" name="test_live_adapter_rejects_dangling_typed_evidence_references[breakpoint-to-evidence]" time="0.001" /><testcase classname="tests.frontend.contract.test_evidence_and_findings_feature_live_contract" name="test_live_adapter_validates_nested_identity_and_boolean_semantics" time="0.001" /><testcase classname="tests.frontend.contract.test_evidence_and_findings_feature_live_contract" name="test_live_adapter_distinguishes_pending_from_failed_authoritative_read" time="0.001" /><testcase classname="tests.frontend.contract.test_evidence_and_findings_feature_live_contract" name="test_live_adapter_maps_existing_series_aggregate_without_flattening_states" time="0.001" /><testcase classname="tests.frontend.contract.test_evidence_and_findings_feature_live_contract" name="test_runtime_query_reads_persisted_evidence_package_for_the_selected_run" time="0.319" /><testcase classname="tests.frontend.contract.test_evidence_and_findings_feature_live_contract" name="test_app_context_composes_live_or_fake_evidence_with_one_pinned_context" time="0.089" /><testcase classname="tests.frontend.contract.test_journey_workspace_recovery_contract" name="test_workspace_bookmark_codec_is_strict_typed_and_immutable" time="0.000" /><testcase classname="tests.frontend.contract.test_journey_workspace_recovery_contract" name="test_workspace_bookmark_decoder_fails_closed[]" time="0.000" /><testcase classname="tests.frontend.contract.test_journey_workspace_recovery_contract" name="test_workspace_bookmark_decoder_fails_closed[[]]" time="0.000" /><testcase classname="tests.frontend.contract.test_journey_workspace_recovery_contract" name="test_workspace_bookmark_decoder_fails_closed[{&quot;schema_version&quot;:&quot;2.0&quot;}]" time="0.000" /><testcase classname="tests.frontend.contract.test_journey_workspace_recovery_contract" name="test_workspace_bookmark_decoder_fails_closed[{&quot;schema_version&quot;:&quot;1.0&quot;,&quot;last_route&quot;:&quot;scenario_lab&quot;,&quot;diagnostic_task_id&quot;:null,&quot;scenario_focus_target&quot;:&quot;search&quot;,&quot;scenario_focus_identity&quot;:null,&quot;unexpected&quot;:true}]" time="0.000" /><testcase classname="tests.frontend.contract.test_journey_workspace_recovery_contract" name="test_workspace_bookmark_decoder_fails_closed[{&quot;schema_version&quot;:&quot;1.0&quot;,&quot;last_route&quot;:&quot;unknown&quot;,&quot;diagnostic_task_id&quot;:null,&quot;scenario_focus_target&quot;:&quot;search&quot;,&quot;scenario_focus_identity&quot;:null}]" time="0.000" /><testcase classname="tests.frontend.contract.test_journey_workspace_recovery_contract" name="test_workspace_bookmark_decoder_fails_closed[{&quot;schema_version&quot;:&quot;1.0&quot;,&quot;last_route&quot;:&quot;scenario_lab&quot;,&quot;diagnostic_task_id&quot;:42,&quot;scenario_focus_target&quot;:&quot;search&quot;,&quot;scenario_focus_identity&quot;:null}]" time="0.000" /><testcase classname="tests.frontend.contract.test_journey_workspace_recovery_contract" name="test_workspace_bookmark_rejects_incoherent_focus" time="0.000" /><testcase classname="tests.frontend.contract.test_journey_workspace_recovery_contract" name="test_app_context_reopens_only_typed_route_focus_and_task_identity" time="0.006" /><testcase classname="tests.frontend.contract.test_run_monitoring_feature_contract" name="test_wave_three_entry_activates_strategy_library_before_inherited_interfaces" time="0.000" /><testcase classname="tests.frontend.contract.test_run_monitoring_feature_contract" name="test_fake_snapshot_starts_as_typed_loading_state" time="0.000" /><testcase classname="tests.frontend.contract.test_run_monitoring_feature_contract" name="test_campaign_and_run_identities_travel_as_one_typed_selection" time="0.000" /><testcase classname="tests.frontend.contract.test_run_monitoring_feature_contract" name="test_fake_subscription_advances_loading_to_no_selection_empty_without_sleep" time="0.000" /><testcase classname="tests.frontend.contract.test_run_monitoring_feature_contract" name="test_fake_disconnected_without_prior_data_is_failed_not_empty" time="0.000" /><testcase classname="tests.frontend.contract.test_run_monitoring_feature_contract" name="test_subscription_disposal_and_adapter_close_are_repeatable_and_final" time="0.000" /><testcase classname="tests.frontend.contract.test_run_monitoring_feature_contract" name="test_app_context_composes_the_run_monitoring_feature_interface" time="0.043" /><testcase classname="tests.frontend.contract.test_run_monitoring_feature_contract" name="test_external_seam_exposes_only_typed_approved_operations" time="0.000" /><testcase classname="tests.frontend.contract.test_run_monitoring_feature_recovery_contract" name="test_eventbridge_batches_and_connection_state_have_strong_generations" time="0.000" /><testcase classname="tests.frontend.contract.test_run_monitoring_feature_recovery_contract" name="test_eventbridge_connection_states_have_a_monotonic_sequence" time="0.000" /><testcase classname="tests.frontend.contract.test_run_monitoring_feature_recovery_contract" name="test_fake_and_live_recovery_retains_data_and_never_flashes_empty[fake]" time="0.000" /><testcase classname="tests.frontend.contract.test_run_monitoring_feature_recovery_contract" name="test_fake_and_live_recovery_retains_data_and_never_flashes_empty[live]" time="0.001" /><testcase classname="tests.frontend.contract.test_run_monitoring_feature_recovery_contract" name="test_fake_disconnect_without_prior_data_is_typed_failed" time="0.000" /><testcase classname="tests.frontend.contract.test_run_monitoring_feature_recovery_contract" name="test_no_selection_disconnect_reconnect_returns_to_typed_empty[fake]" time="0.001" /><testcase classname="tests.frontend.contract.test_run_monitoring_feature_recovery_contract" name="test_no_selection_disconnect_reconnect_returns_to_typed_empty[live]" time="0.001" /><testcase classname="tests.frontend.contract.test_run_monitoring_feature_recovery_contract" name="test_fake_recovery_sequences_are_deterministic_and_honest" time="0.000" /><testcase classname="tests.frontend.contract.test_run_monitoring_feature_recovery_contract" name="test_live_adapter_quarantines_delayed_batches_from_an_old_generation" time="0.001" /><testcase classname="tests.frontend.contract.test_run_monitoring_feature_recovery_contract" name="test_live_adapter_does_not_accept_delayed_batches_while_disconnected" time="0.001" /><testcase classname="tests.frontend.contract.test_run_monitoring_feature_recovery_contract" name="test_live_adapter_drops_a_refresh_queued_before_disconnect" time="0.000" /><testcase classname="tests.frontend.contract.test_run_monitoring_feature_recovery_contract" name="test_disconnect_wins_if_a_refresh_passed_precommit_checks[False]" time="1.010" /><testcase classname="tests.frontend.contract.test_run_monitoring_feature_recovery_contract" name="test_disconnect_wins_if_a_refresh_passed_precommit_checks[True]" time="1.004" /><testcase classname="tests.frontend.contract.test_run_monitoring_feature_recovery_contract" name="test_authoritative_refresh_retries_after_a_local_age_tick_wins_cas" time="0.001" /><testcase classname="tests.frontend.contract.test_run_monitoring_feature_recovery_contract" name="test_live_snapshot_opened_while_disconnected_is_typed_not_fresh_or_empty" time="0.000" /><testcase classname="tests.frontend.contract.test_run_monitoring_feature_recovery_contract" name="test_task_command_stays_unavailable_during_connection_publish" time="0.001" /><testcase classname="tests.frontend.contract.test_run_monitoring_feature_recovery_contract" name="test_live_adapter_requests_atomic_connection_state_replay" time="0.000" /><testcase classname="tests.frontend.contract.test_run_monitoring_feature_recovery_contract" name="test_live_adapter_rejects_an_out_of_order_connection_replay" time="0.000" /><testcase classname="tests.frontend.contract.test_run_monitoring_feature_recovery_contract" name="test_live_adapter_coalesces_intermediate_batches_without_losing_terminal[completed-completed-completed]" time="0.001" /><testcase classname="tests.frontend.contract.test_run_monitoring_feature_recovery_contract" name="test_live_adapter_coalesces_intermediate_batches_without_losing_terminal[failed-failed-failed]" time="0.001" /><testcase classname="tests.frontend.contract.test_run_monitoring_feature_recovery_contract" name="test_terminal_confirmation_survives_more_than_the_initial_60ms" time="0.107" /><testcase classname="tests.frontend.contract.test_run_monitoring_feature_recovery_contract" name="test_terminal_phase_is_scoped_to_the_matching_run_in_a_mixed_batch" time="0.001" /><testcase classname="tests.frontend.contract.test_run_monitoring_feature_recovery_contract" name="test_qt_adapter_rejects_duplicate_and_lower_revisions" time="0.006" /><testcase classname="tests.frontend.contract.test_run_monitoring_feature_recovery_contract" name="test_qt_remount_has_a_new_generation_and_rejects_old_mount_delivery" time="0.000" /><testcase classname="tests.frontend.contract.test_run_monitoring_feature_recovery_contract" name="test_dispose_waits_for_inflight_delivery_and_none_arrive_after_return[fake]" time="0.052" /><testcase classname="tests.frontend.contract.test_run_monitoring_feature_recovery_contract" name="test_dispose_waits_for_inflight_delivery_and_none_arrive_after_return[live]" time="0.054" /><testcase classname="tests.frontend.contract.test_run_monitoring_feature_recovery_contract" name="test_subscribe_never_delivers_initial_state_after_a_newer_revision[fake]" time="0.053" /><testcase classname="tests.frontend.contract.test_run_monitoring_feature_recovery_contract" name="test_subscribe_never_delivers_initial_state_after_a_newer_revision[live]" time="0.054" /><testcase classname="tests.frontend.contract.test_run_monitoring_feature_recovery_contract" name="test_live_subscribe_recaptures_state_updated_before_registration" time="0.001" /><testcase classname="tests.frontend.contract.test_run_monitoring_feature_recovery_contract" name="test_live_close_releases_callbacks_and_suppresses_late_work" time="0.000" /><testcase classname="tests.frontend.contract.test_run_monitoring_feature_recovery_contract" name="test_live_close_waits_for_the_owned_executor_exactly_once" time="0.000" /><testcase classname="tests.frontend.contract.test_run_monitoring_feature_recovery_contract" name="test_observer_can_close_owned_executor_without_self_joining" time="0.001" /><testcase classname="tests.frontend.contract.test_run_monitoring_feature_recovery_contract" name="test_close_cancels_pending_terminal_confirmation_timers" time="0.001" /><testcase classname="tests.frontend.contract.test_run_monitoring_feature_recovery_contract" name="test_qt_close_is_idempotent_and_rejects_queued_or_direct_late_state" time="0.001" /><testcase classname="tests.frontend.contract.test_run_monitoring_feature_recovery_contract" name="test_recovery_interfaces_add_no_order_or_generic_dispatch_operation" time="0.000" /><testcase classname="tests.frontend.contract.test_run_monitoring_feature_wave1_contract" name="test_fake_and_live_adapters_share_the_complete_wave1_contract[fake]" time="0.001" /><testcase classname="tests.frontend.contract.test_run_monitoring_feature_wave1_contract" name="test_fake_and_live_adapters_share_the_complete_wave1_contract[live]" time="0.022" /><testcase classname="tests.frontend.contract.test_run_monitoring_feature_wave1_contract" name="test_fake_and_live_adapters_apply_revision_checked_diagnostic_commands[fake]" time="0.000" /><testcase classname="tests.frontend.contract.test_run_monitoring_feature_wave1_contract" name="test_fake_and_live_adapters_apply_revision_checked_diagnostic_commands[live]" time="0.020" /><testcase classname="tests.frontend.contract.test_run_monitoring_feature_wave1_contract" name="test_fake_and_live_adapters_share_subscription_and_close_lifecycle[fake]" time="0.000" /><testcase classname="tests.frontend.contract.test_run_monitoring_feature_wave1_contract" name="test_fake_and_live_adapters_share_subscription_and_close_lifecycle[live]" time="0.019" /><testcase classname="tests.frontend.contract.test_run_monitoring_feature_wave1_contract" name="test_live_adapter_consumes_one_eventbridge_batch_as_one_new_revision" time="0.020" /><testcase classname="tests.frontend.contract.test_run_monitoring_feature_wave1_contract" name="test_live_adapter_derives_freshness_and_retains_data_on_query_failure" time="0.019" /><testcase classname="tests.frontend.contract.test_run_monitoring_feature_wave1_contract" name="test_live_adapter_maps_the_real_runtime_query_persistence_implementation" time="0.324" /><testcase classname="tests.frontend.contract.test_run_monitoring_feature_wave1_contract" name="test_missing_live_identities_and_task_are_explicitly_partial" time="0.018" /><testcase classname="tests.frontend.contract.test_run_monitoring_feature_wave1_contract" name="test_live_adapter_rejects_task_commands_at_the_read_only_boundary" time="0.018" /><testcase classname="tests.frontend.contract.test_run_monitoring_feature_wave1_contract" name="test_live_adapter_never_queues_a_task_handle_for_read_only_commands" time="0.000" /><testcase classname="tests.frontend.contract.test_run_monitoring_feature_wave1_contract" name="test_snapshot_returns_the_canonical_runtime_state_when_age_refresh_races" time="0.019" /><testcase classname="tests.frontend.contract.test_run_monitoring_feature_wave1_contract" name="test_training_arena_diagnostic_control_failure_does_not_advance_lifecycle" time="0.001" /><testcase classname="tests.frontend.contract.test_run_monitoring_feature_wave1_contract" name="test_campaign_only_context_is_valid_and_never_queries_or_launches_a_run" time="0.066" /><testcase classname="tests.frontend.contract.test_run_monitoring_feature_wave1_contract" name="test_live_adapter_never_normalizes_an_unavailable_query_source_to_empty" time="0.020" /><testcase classname="tests.frontend.contract.test_run_monitoring_feature_wave1_contract" name="test_external_interface_has_no_launch_manual_order_or_generic_dispatch" time="0.000" /><testcase classname="tests.frontend.contract.test_run_monitoring_feature_wave1_contract" name="test_app_context_selects_live_or_fake_and_preserves_existing_route_identity" time="0.097" /><testcase classname="tests.frontend.contract.test_run_monitoring_feature_wave1_contract" name="test_frontend_v2_composition_never_creates_or_launches_a_run" time="0.015" /><testcase classname="tests.frontend.contract.test_run_monitoring_feature_wave1_contract" name="test_diagnostic_command_rejections_are_stable_and_feature_specific" time="0.000" /><testcase classname="tests.frontend.contract.test_scenario_lab_formal_scenario_sets_live_contract" name="test_live_recipe_successor_history_keeps_one_active_semantic_sweep" time="0.352" /><testcase classname="tests.frontend.contract.test_scenario_lab_recipe_authoring_contract" name="test_live_recipe_commands_are_idempotent_immutable_and_file_backed" time="0.083" /><testcase classname="tests.frontend.contract.test_scenario_lab_recipe_authoring_contract" name="test_exact_recipe_approval_is_durable_idempotent_and_file_backed" time="0.185" /><testcase classname="tests.frontend.contract.test_scenario_lab_recipe_authoring_contract" name="test_legacy_public_approval_remains_visible_but_cannot_gain_new_authority" time="0.041" /><testcase classname="tests.frontend.contract.test_scenario_lab_recipe_authoring_contract" name="test_recipe_approval_rejects_nonexact_validation_without_side_effects" time="0.048" /><testcase classname="tests.frontend.contract.test_scenario_lab_recipe_authoring_contract" name="test_recipe_approval_recovers_after_version_persisted_before_command_terminal" time="0.074" /><testcase classname="tests.frontend.contract.test_scenario_lab_recipe_authoring_contract" name="test_approved_recipe_dependency_change_retains_history_but_loses_authority[changed-outdated]" time="0.077" /><testcase classname="tests.frontend.contract.test_scenario_lab_recipe_authoring_contract" name="test_approved_recipe_dependency_change_retains_history_but_loses_authority[incompatible-incompatible]" time="0.083" /><testcase classname="tests.frontend.contract.test_scenario_lab_recipe_authoring_contract" name="test_approved_recipe_dependency_change_retains_history_but_loses_authority[unavailable-unavailable]" time="0.082" /><testcase classname="tests.frontend.contract.test_scenario_lab_recipe_authoring_contract" name="test_validation_findings_are_typed_and_bind_the_last_reliable_draft" time="0.053" /><testcase classname="tests.frontend.contract.test_scenario_lab_recipe_authoring_contract" name="test_ai_assisted_draft_requires_and_preserves_the_backend_audit" time="0.004" /><testcase classname="tests.frontend.contract.test_scenario_lab_recipe_authoring_contract" name="test_typed_ai_command_is_claimed_before_provider_and_replays_one_audit" time="0.047" /><testcase classname="tests.frontend.contract.test_scenario_lab_recipe_authoring_contract" name="test_typed_ai_command_recovers_existing_audit_after_pre_journal_crash" time="0.041" /><testcase classname="tests.frontend.contract.test_scenario_lab_recipe_authoring_contract" name="test_typed_ai_provider_failure_is_terminal_and_idempotently_replayed" time="0.033" /><testcase classname="tests.frontend.contract.test_scenario_lab_recipe_authoring_contract" name="test_pending_durable_command_recovers_the_immutable_result_after_reopen" time="0.042" /><testcase classname="tests.frontend.contract.test_scenario_lab_recipe_authoring_contract" name="test_materialization_is_claimed_atomically_and_replays_after_reopen" time="0.114" /><testcase classname="tests.frontend.contract.test_scenario_lab_recipe_authoring_contract" name="test_backend_materialization_continues_after_feature_disconnect_and_close" time="0.100" /><testcase classname="tests.frontend.contract.test_scenario_lab_recipe_authoring_contract" name="test_file_backed_retry_lineage_survives_reopen" time="0.125" /><testcase classname="tests.frontend.contract.test_strategy_diagnostics_v1_application_read_model_contract" name="test_application_read_model_contract_is_exact_typed_and_frozen" time="0.003" /><testcase classname="tests.frontend.contract.test_strategy_diagnostics_v1_application_read_model_contract" name="test_application_read_result_requires_coherent_typed_state" time="0.001" /><testcase classname="tests.frontend.contract.test_strategy_diagnostics_v1_application_read_model_contract" name="test_evidence_1_1_preserves_package_identity_and_multiple_edges" time="0.000" /><testcase classname="tests.frontend.contract.test_strategy_diagnostics_v1_application_read_model_contract" name="test_resolved_journey_contains_only_typed_frontend_contexts" time="0.000" /><testcase classname="tests.frontend.contract.test_strategy_diagnostics_v1_application_read_model_live_contract" name="test_live_adapter_serializes_reads_across_feature_consumers" time="0.153" /><testcase classname="tests.frontend.contract.test_strategy_diagnostics_v1_application_read_model_live_contract" name="test_live_application_adapters_serialize_shared_backend_reads" time="0.416" /><testcase classname="tests.frontend.contract.test_strategy_diagnostics_v1_application_read_model_live_contract" name="test_live_adapter_reopens_file_backed_v1_and_preserves_exact_identities" time="1.609" /><testcase classname="tests.frontend.contract.test_strategy_diagnostics_v1_application_read_model_live_contract" name="test_live_adapter_rejects_self_consistent_dangling_curve_manifest" time="1.258" /><testcase classname="tests.frontend.contract.test_strategy_diagnostics_v1_application_read_model_live_contract" name="test_live_adapter_rejects_breakpoint_relations_not_selected_by_curve" time="1.226" /><testcase classname="tests.frontend.contract.test_strategy_diagnostics_v1_application_read_model_live_contract" name="test_live_adapter_rejects_unrelated_valid_breakpoint_comparison" time="1.342" /><testcase classname="tests.frontend.contract.test_strategy_diagnostics_v1_application_read_model_live_contract" name="test_live_adapter_tokens_are_semantic_and_errors_are_sanitized" time="2.180" /><testcase classname="tests.frontend.contract.test_strategy_diagnostics_v1_application_read_model_live_contract" name="test_live_adapter_rejects_forged_resolved_journey_identities" time="1.361" /><testcase classname="tests.frontend.contract.test_strategy_diagnostics_v1_application_read_model_live_contract" name="test_live_adapter_treats_missing_sealed_manifest_as_integrity_failure" time="0.757" /><testcase classname="tests.frontend.contract.test_strategy_diagnostics_v1_application_read_model_live_contract" name="test_live_reads_classify_post_resolution_artifact_corruption_as_integrity" time="0.799" /><testcase classname="tests.frontend.contract.test_strategy_diagnostics_v1_application_read_model_live_contract" name="test_live_adapter_fails_closed_for_unknown_schema_and_ambiguity" time="0.563" /><testcase classname="tests.frontend.contract.test_strategy_diagnostics_v1_application_read_model_live_contract" name="test_live_adapter_rejects_implicit_ambiguous_evidence_selection" time="0.618" /><testcase classname="tests.frontend.contract.test_strategy_diagnostics_v1_application_read_model_live_contract" name="test_live_adapter_rejects_evidence_artifact_corruption_as_integrity_failure" time="0.574" /><testcase classname="tests.frontend.contract.test_strategy_diagnostics_v1_application_read_model_live_contract" name="test_live_adapter_rejects_incompatible_interface_without_fallback" time="0.559" /><testcase classname="tests.frontend.contract.test_strategy_diagnostics_v1_application_read_model_live_contract" name="test_live_adapter_converts_transient_application_failure_without_leaking" time="0.559" /><testcase classname="tests.frontend.contract.test_strategy_diagnostics_v1_evidence_and_findings_live_contract" name="test_real_v1_run_without_sealed_evidence_stays_honestly_pending_in_qml" time="6.216" /><testcase classname="tests.frontend.contract.test_strategy_diagnostics_v1_run_monitoring_live_contract" name="test_live_run_adapter_uses_only_the_typed_application_read_model" time="0.001" /><testcase classname="tests.frontend.contract.test_strategy_diagnostics_v1_run_monitoring_live_contract" name="test_live_run_adapter_executes_authoritative_reads_off_the_caller_thread" time="0.001" /><testcase classname="tests.frontend.contract.test_strategy_diagnostics_v1_run_monitoring_live_contract" name="test_owned_worker_initial_read_never_blocks_the_snapshot_caller" time="0.007" /><testcase classname="tests.frontend.contract.test_strategy_diagnostics_v1_run_monitoring_live_contract" name="test_terminal_transient_failure_retains_data_without_integrity_alarm" time="0.001" /><testcase classname="tests.frontend.contract.test_strategy_diagnostics_v1_run_monitoring_live_contract" name="test_non_retryable_integrity_failure_after_success_fails_closed" time="0.001" /><testcase classname="tests.frontend.contract.test_strategy_diagnostics_v1_run_monitoring_live_contract" name="test_live_run_adapter_quarantines_terminal_regression_and_hash_conflict" time="0.001" /><testcase classname="tests.frontend.contract.test_strategy_diagnostics_v1_run_monitoring_live_contract" name="test_real_file_backed_v1_run_is_visible_in_the_qml_journey" time="1.723" /></testsuite></testsuites>