<?xml version="1.0" encoding="utf-8"?><testsuites name="pytest tests"><testsuite name="pytest" errors="0" failures="0" skipped="0" tests="388" time="33.727" timestamp="2026-08-06T12:22:10.613617+08:00" hostname="Mango"><testcase classname="tests.strategy_diagnostics.test_a_share_execution" name="test_a_share_sessions_reject_out_of_session_orders[simulation_time0-market.closed]" time="0.001" /><testcase classname="tests.strategy_diagnostics.test_a_share_execution" name="test_a_share_sessions_reject_out_of_session_orders[simulation_time1-market.closed]" time="0.000" /><testcase classname="tests.strategy_diagnostics.test_a_share_execution" name="test_a_share_sessions_reject_out_of_session_orders[simulation_time2-market.closed]" time="0.000" /><testcase classname="tests.strategy_diagnostics.test_a_share_execution" name="test_a_share_sessions_reject_out_of_session_orders[simulation_time3-market.closed]" time="0.000" /><testcase classname="tests.strategy_diagnostics.test_a_share_execution" name="test_a_share_sessions_accept_supported_exchange_times[simulation_time0]" time="0.001" /><testcase classname="tests.strategy_diagnostics.test_a_share_execution" name="test_a_share_sessions_accept_supported_exchange_times[simulation_time1]" time="0.000" /><testcase classname="tests.strategy_diagnostics.test_a_share_execution" name="test_a_share_sessions_accept_supported_exchange_times[simulation_time2]" time="0.000" /><testcase classname="tests.strategy_diagnostics.test_a_share_execution" name="test_a_share_sessions_accept_supported_exchange_times[simulation_time3]" time="0.000" /><testcase classname="tests.strategy_diagnostics.test_a_share_execution" name="test_a_share_sessions_accept_supported_exchange_times[simulation_time4]" time="0.000" /><testcase classname="tests.strategy_diagnostics.test_a_share_execution" name="test_tick_size_and_board_lot_fail_closed" time="0.000" /><testcase classname="tests.strategy_diagnostics.test_a_share_execution" name="test_sell_allows_a_full_odd_lot_but_not_a_partial_odd_lot" time="0.000" /><testcase classname="tests.strategy_diagnostics.test_a_share_execution" name="test_no_short_and_t_plus_one_have_distinct_reason_codes" time="0.000" /><testcase classname="tests.strategy_diagnostics.test_a_share_execution" name="test_suspension_and_inactive_instruments_reject_deterministically[suspended]" time="0.000" /><testcase classname="tests.strategy_diagnostics.test_a_share_execution" name="test_suspension_and_inactive_instruments_reject_deterministically[inactive]" time="0.000" /><testcase classname="tests.strategy_diagnostics.test_a_share_execution" name="test_daily_price_limits_are_hand_calculable_for_supported_boards[reference0-11.00-9.00]" time="0.000" /><testcase classname="tests.strategy_diagnostics.test_a_share_execution" name="test_daily_price_limits_are_hand_calculable_for_supported_boards[reference1-10.50-9.50]" time="0.000" /><testcase classname="tests.strategy_diagnostics.test_a_share_execution" name="test_daily_price_limits_are_hand_calculable_for_supported_boards[reference2-12.00-8.00]" time="0.000" /><testcase classname="tests.strategy_diagnostics.test_a_share_execution" name="test_daily_price_limits_are_hand_calculable_for_supported_boards[reference3-12.00-8.00]" time="0.000" /><testcase classname="tests.strategy_diagnostics.test_a_share_execution" name="test_daily_price_limits_are_hand_calculable_for_supported_boards[reference4-13.00-7.00]" time="0.000" /><testcase classname="tests.strategy_diagnostics.test_a_share_execution" name="test_price_limit_rounding_uses_profile_tick_and_half_up" time="0.000" /><testcase classname="tests.strategy_diagnostics.test_a_share_execution" name="test_orders_outside_daily_limits_are_rejected_and_unbounded_stage_is_allowed" time="0.000" /><testcase classname="tests.strategy_diagnostics.test_a_share_execution" name="test_missing_or_wrong_session_price_limit_reference_fails_closed" time="0.000" /><testcase classname="tests.strategy_diagnostics.test_a_share_execution" name="test_buy_fee_arithmetic_and_account_effect_are_exact_and_auditable" time="0.000" /><testcase classname="tests.strategy_diagnostics.test_a_share_execution" name="test_sell_fee_arithmetic_and_account_effect_are_exact_and_auditable" time="0.001" /><testcase classname="tests.strategy_diagnostics.test_a_share_execution" name="test_commission_minimum_is_only_applied_when_commission_is_configured" time="0.000" /><testcase classname="tests.strategy_diagnostics.test_a_share_execution" name="test_cash_check_includes_all_buy_side_fees" time="0.000" /><testcase classname="tests.strategy_diagnostics.test_ai_recipe_assistant" name="test_deterministic_fake_emits_the_model_independent_draft_contract" time="0.001" /><testcase classname="tests.strategy_diagnostics.test_ai_recipe_assistant" name="test_openai_responses_adapter_emits_the_same_draft_contract" time="0.002" /><testcase classname="tests.strategy_diagnostics.test_ai_recipe_assistant" name="test_openai_production_adapter_uses_environment_configuration" time="0.000" /><testcase classname="tests.strategy_diagnostics.test_ai_recipe_assistant" name="test_application_turns_ai_intent_into_a_valid_but_untrusted_draft" time="0.001" /><testcase classname="tests.strategy_diagnostics.test_ai_recipe_assistant" name="test_ai_draft_rejects_unadmitted_segments_and_unregistered_transformations[unadmitted-segment-data.admitted-segment-required]" time="0.001" /><testcase classname="tests.strategy_diagnostics.test_ai_recipe_assistant" name="test_ai_draft_rejects_unadmitted_segments_and_unregistered_transformations[unregistered-transformation-transformation.not-registered]" time="0.001" /><testcase classname="tests.strategy_diagnostics.test_ai_recipe_assistant" name="test_provider_failure_is_visible_and_creates_no_recipe_draft" time="0.001" /><testcase classname="tests.strategy_diagnostics.test_ai_recipe_assistant" name="test_malformed_provider_output_is_visible_and_creates_no_recipe_draft[resp_malformed_json_001-{not-json]" time="0.001" /><testcase classname="tests.strategy_diagnostics.test_ai_recipe_assistant" name="test_malformed_provider_output_is_visible_and_creates_no_recipe_draft[resp_schema_mismatch_001-{&quot;schema_version&quot;:&quot;ai_recipe_draft_output.v1&quot;,&quot;recipe&quot;:{}}]" time="0.001" /><testcase classname="tests.strategy_diagnostics.test_ai_recipe_assistant" name="test_ai_audit_survives_restart_and_links_subsequent_approval" time="0.032" /><testcase classname="tests.strategy_diagnostics.test_application" name="test_headless_application_starts_the_diagnostics_workspace" time="0.007" /><testcase classname="tests.strategy_diagnostics.test_architecture" name="test_architecture_rule_rejects_each_forbidden_family[from app.panels import arena\n-app.panels.arena]" time="0.004" /><testcase classname="tests.strategy_diagnostics.test_architecture" name="test_architecture_rule_rejects_each_forbidden_family[from app.services import model_population_service\n-app.services.model_population_service]" time="0.003" /><testcase classname="tests.strategy_diagnostics.test_architecture" name="test_architecture_rule_rejects_each_forbidden_family[from agents import retail_trader\n-agents.retail_trader]" time="0.003" /><testcase classname="tests.strategy_diagnostics.test_architecture" name="test_architecture_rule_rejects_each_forbidden_family[from core import matching_engine\n-core.matching_engine]" time="0.008" /><testcase classname="tests.strategy_diagnostics.test_architecture" name="test_architecture_rule_rejects_each_forbidden_family[from PySide6 import QtWidgets\n-PySide6.QtWidgets]" time="0.004" /><testcase classname="tests.strategy_diagnostics.test_architecture" name="test_diagnostic_domain_is_isolated_from_legacy_runtime_and_qt" time="0.262" /><testcase classname="tests.strategy_diagnostics.test_baostock_historical_source" name="test_local_baostock_interval_passes_real_point_in_time_checks" time="0.489" /><testcase classname="tests.strategy_diagnostics.test_baostock_historical_source" name="test_future_dated_industry_snapshot_fails_closed" time="0.136" /><testcase classname="tests.strategy_diagnostics.test_baostock_historical_source" name="test_local_source_detects_intraday_quality_failures[DELETE FROM minute_5_bars WHERE code = 'sh.600000' AND time = (SELECT min(time) FROM minute_5_bars WHERE code = 'sh.600000')-bar_continuity]" time="0.157" /><testcase classname="tests.strategy_diagnostics.test_baostock_historical_source" name="test_local_source_detects_intraday_quality_failures[INSERT INTO minute_5_bars SELECT * FROM minute_5_bars LIMIT 1-duplicates]" time="0.159" /><testcase classname="tests.strategy_diagnostics.test_baostock_historical_source" name="test_local_source_detects_intraday_quality_failures[UPDATE minute_5_bars SET time = '20240102120000000' WHERE code = 'sh.600000' AND time = (SELECT min(time) FROM minute_5_bars WHERE code = 'sh.600000')-timestamps]" time="0.158" /><testcase classname="tests.strategy_diagnostics.test_baostock_historical_source" name="test_local_source_detects_intraday_quality_failures[UPDATE minute_5_bars SET adjustflag = '3' WHERE code = 'sh.600000'-adjustment_consistency]" time="0.149" /><testcase classname="tests.strategy_diagnostics.test_baostock_historical_source" name="test_local_source_detects_intraday_quality_failures[UPDATE minute_5_bars SET high = 99, close = 99 WHERE code = 'sh.600000' AND time = (SELECT max(time) FROM minute_5_bars WHERE code = 'sh.600000')-adjustment_consistency]" time="0.150" /><testcase classname="tests.strategy_diagnostics.test_baostock_historical_source" name="test_independent_calendar_detects_an_entire_missing_trading_day" time="0.136" /><testcase classname="tests.strategy_diagnostics.test_baostock_historical_source" name="test_independent_calendar_rejects_a_market_day_it_does_not_declare" time="0.142" /><testcase classname="tests.strategy_diagnostics.test_baostock_historical_source" name="test_malformed_delisting_date_rejects_eligible_universe" time="0.140" /><testcase classname="tests.strategy_diagnostics.test_baostock_historical_source" name="test_default_layout_discovers_quentx_point_in_time_industry_snapshots" time="0.004" /><testcase classname="tests.strategy_diagnostics.test_baostock_historical_source" name="test_local_baostock_segment_materializes_as_canonical_unadjusted_world" time="0.260" /><testcase classname="tests.strategy_diagnostics.test_baostock_historical_source" name="test_materialization_rejects_equal_row_count_source_changes_after_inspection" time="0.176" /><testcase classname="tests.strategy_diagnostics.test_diagnostic_evidence" name="test_builder_seals_hand_calculable_multidimensional_evidence_without_score" time="0.380" /><testcase classname="tests.strategy_diagnostics.test_diagnostic_evidence" name="test_guardrail_breakpoint_and_findings_cite_the_sealed_chain" time="0.115" /><testcase classname="tests.strategy_diagnostics.test_diagnostic_evidence" name="test_cross_strategy_comparisons_and_findings_trace_both_runs" time="0.114" /><testcase classname="tests.strategy_diagnostics.test_diagnostic_evidence" name="test_cross_strategy_relative_return_does_not_mask_guardrail_breaches" time="0.116" /><testcase classname="tests.strategy_diagnostics.test_diagnostic_evidence" name="test_sensitivity_curve_and_package_identity_ignore_input_level_order" time="0.224" /><testcase classname="tests.strategy_diagnostics.test_diagnostic_evidence" name="test_numeric_sweep_axis_orders_breakpoint_bounds_by_decimal_value" time="0.141" /><testcase classname="tests.strategy_diagnostics.test_diagnostic_evidence" name="test_multi_parameter_sweep_reports_observed_level_not_false_bounds" time="0.112" /><testcase classname="tests.strategy_diagnostics.test_diagnostic_evidence" name="test_builder_rejects_quick_and_incomplete_campaigns" time="0.034" /><testcase classname="tests.strategy_diagnostics.test_diagnostic_evidence" name="test_optional_explanation_can_only_reference_sealed_findings" time="0.168" /><testcase classname="tests.strategy_diagnostics.test_diagnostic_evidence" name="test_sql_index_and_json_artifacts_restore_a_sealed_package" time="0.334" /><testcase classname="tests.strategy_diagnostics.test_diagnostic_evidence" name="test_sql_repository_rejects_missing_artifacts_before_write_or_idempotency" time="0.246" /><testcase classname="tests.strategy_diagnostics.test_diagnostic_selection_dependency_bindings" name="test_validation_and_approval_bind_the_same_exact_dependency" time="0.001" /><testcase classname="tests.strategy_diagnostics.test_diagnostic_selection_dependency_bindings" name="test_authority_drift_records_invalidation_and_disables_approval_start" time="0.001" /><testcase classname="tests.strategy_diagnostics.test_diagnostic_selection_dependency_bindings" name="test_sql_binding_and_invalidation_reopen_without_rewriting_history" time="0.035" /><testcase classname="tests.strategy_diagnostics.test_diagnostic_selection_dependency_bindings" name="test_start_performs_its_own_authority_recheck_without_prior_read" time="0.001" /><testcase classname="tests.strategy_diagnostics.test_diagnostic_selection_dependency_bindings" name="test_corrected_exact_selection_can_revise_revalidate_and_reapprove" time="0.001" /><testcase classname="tests.strategy_diagnostics.test_diagnostic_selection_dependency_bindings" name="test_legacy_caller_without_dependency_provider_remains_compatible" time="0.000" /><testcase classname="tests.strategy_diagnostics.test_diagnostic_tasks" name="test_command_identity_and_idempotency_replay_one_durable_task" time="0.000" /><testcase classname="tests.strategy_diagnostics.test_diagnostic_tasks" name="test_application_restart_recovers_a_durable_queued_acceptance" time="0.025" /><testcase classname="tests.strategy_diagnostics.test_diagnostic_tasks" name="test_persisted_task_rejects_an_incompatible_row_schema" time="0.021" /><testcase classname="tests.strategy_diagnostics.test_diagnostic_tasks" name="test_sql_latest_task_uses_persisted_creation_order_when_clocks_tie" time="0.025" /><testcase classname="tests.strategy_diagnostics.test_diagnostic_tasks" name="test_authoritative_validator_storage_failure_is_typed_and_retryable" time="0.001" /><testcase classname="tests.strategy_diagnostics.test_diagnostic_tasks" name="test_approval_requires_exact_validation_identity_and_revision" time="0.001" /><testcase classname="tests.strategy_diagnostics.test_diagnostic_tasks" name="test_validation_persistence_failure_rolls_back_all_side_effects" time="0.024" /><testcase classname="tests.strategy_diagnostics.test_diagnostic_tasks" name="test_persisted_validation_must_match_current_task_revision" time="0.025" /><testcase classname="tests.strategy_diagnostics.test_diagnostic_tasks" name="test_validation_acceptance_keeps_a_durable_queued_handle_until_recovery" time="0.041" /><testcase classname="tests.strategy_diagnostics.test_diagnostic_tasks" name="test_shared_command_ledger_rolls_back_cross_table_identity_race" time="0.028" /><testcase classname="tests.strategy_diagnostics.test_diagnostic_tasks" name="test_approval_cas_rejects_validation_replaced_after_authoritative_read" time="0.032" /><testcase classname="tests.strategy_diagnostics.test_diagnostic_tasks" name="test_failed_cas_reread_returns_structured_persistence_failure" time="0.000" /><testcase classname="tests.strategy_diagnostics.test_diagnostic_tasks" name="test_empty_mutation_identity_rejects_before_repository_read[revise]" time="0.000" /><testcase classname="tests.strategy_diagnostics.test_diagnostic_tasks" name="test_empty_mutation_identity_rejects_before_repository_read[validate]" time="0.000" /><testcase classname="tests.strategy_diagnostics.test_diagnostic_tasks" name="test_empty_mutation_identity_rejects_before_repository_read[approve]" time="0.000" /><testcase classname="tests.strategy_diagnostics.test_execution_stress" name="test_execution_stress_is_a_registered_identity_transformation" time="0.000" /><testcase classname="tests.strategy_diagnostics.test_execution_stress" name="test_scenario_values_override_requested_assumptions_with_reasons" time="0.000" /><testcase classname="tests.strategy_diagnostics.test_execution_stress" name="test_silent_scenario_uses_requested_values_without_fake_override_reasons" time="0.000" /><testcase classname="tests.strategy_diagnostics.test_formal_diagnostic_campaigns" name="test_complete_three_layer_selection_has_explicit_formal_comparisons" time="0.002" /><testcase classname="tests.strategy_diagnostics.test_formal_diagnostic_campaigns" name="test_compound_only_selection_is_a_non_attributive_quick_experiment" time="0.000" /><testcase classname="tests.strategy_diagnostics.test_formal_diagnostic_campaigns" name="test_formal_campaign_rejects_isolated_control_mismatch[initial_cash0-1000-initial cash]" time="0.001" /><testcase classname="tests.strategy_diagnostics.test_formal_diagnostic_campaigns" name="test_formal_campaign_rejects_isolated_control_mismatch[initial_cash1-2000-order shares]" time="0.001" /><testcase classname="tests.strategy_diagnostics.test_formal_diagnostic_campaigns" name="test_runner_advances_all_layers_sequentially_and_supports_attribution" time="0.031" /><testcase classname="tests.strategy_diagnostics.test_formal_diagnostic_campaigns" name="test_partial_failure_is_auditable_resumable_and_retryable" time="0.033" /><testcase classname="tests.strategy_diagnostics.test_formal_diagnostic_campaigns" name="test_real_campaign_member_failures_remain_visible_and_identifiable" time="0.002" /><testcase classname="tests.strategy_diagnostics.test_formal_diagnostic_campaigns" name="test_partial_campaign_resumes_after_repository_restart" time="0.103" /><testcase classname="tests.strategy_diagnostics.test_formal_scenario_sets" name="test_complete_backend_declared_sweep_is_formal_and_round_trips" time="0.002" /><testcase classname="tests.strategy_diagnostics.test_formal_scenario_sets" name="test_selective_sweep_is_typed_quick_experiment_only" time="0.002" /><testcase classname="tests.strategy_diagnostics.test_formal_scenario_sets" name="test_composition_fails_closed_on_source_seed_or_policy_mismatch" time="0.001" /><testcase classname="tests.strategy_diagnostics.test_formal_scenario_sets" name="test_composition_rejects_transformed_baseline_and_single_family_compound" time="0.001" /><testcase classname="tests.strategy_diagnostics.test_formal_scenario_sets" name="test_authoritative_larger_sweep_cannot_be_selectively_promoted" time="0.002" /><testcase classname="tests.strategy_diagnostics.test_formal_scenario_sets" name="test_unknown_isolated_family_fails_closed" time="0.001" /><testcase classname="tests.strategy_diagnostics.test_formal_scenario_sets" name="test_immutable_baseline_history_does_not_expand_declared_sweep" time="0.001" /><testcase classname="tests.strategy_diagnostics.test_historical_segment_admission" name="test_explicit_valid_interval_is_admitted_with_immutable_content_identity" time="0.001" /><testcase classname="tests.strategy_diagnostics.test_historical_segment_admission" name="test_incomplete_quality_dimension_fails_closed_with_actionable_reason[bar_continuity]" time="0.000" /><testcase classname="tests.strategy_diagnostics.test_historical_segment_admission" name="test_incomplete_quality_dimension_fails_closed_with_actionable_reason[instrument_coverage]" time="0.000" /><testcase classname="tests.strategy_diagnostics.test_historical_segment_admission" name="test_incomplete_quality_dimension_fails_closed_with_actionable_reason[eligible_universe]" time="0.000" /><testcase classname="tests.strategy_diagnostics.test_historical_segment_admission" name="test_incomplete_quality_dimension_fails_closed_with_actionable_reason[trading_status]" time="0.000" /><testcase classname="tests.strategy_diagnostics.test_historical_segment_admission" name="test_incomplete_quality_dimension_fails_closed_with_actionable_reason[st_status]" time="0.000" /><testcase classname="tests.strategy_diagnostics.test_historical_segment_admission" name="test_incomplete_quality_dimension_fails_closed_with_actionable_reason[suspension_state]" time="0.000" /><testcase classname="tests.strategy_diagnostics.test_historical_segment_admission" name="test_incomplete_quality_dimension_fails_closed_with_actionable_reason[industry_as_of]" time="0.001" /><testcase classname="tests.strategy_diagnostics.test_historical_segment_admission" name="test_incomplete_quality_dimension_fails_closed_with_actionable_reason[adjustment_consistency]" time="0.000" /><testcase classname="tests.strategy_diagnostics.test_historical_segment_admission" name="test_incomplete_quality_dimension_fails_closed_with_actionable_reason[causal_availability]" time="0.002" /><testcase classname="tests.strategy_diagnostics.test_historical_segment_admission" name="test_incomplete_quality_dimension_fails_closed_with_actionable_reason[required_fields]" time="0.000" /><testcase classname="tests.strategy_diagnostics.test_historical_segment_admission" name="test_incomplete_quality_dimension_fails_closed_with_actionable_reason[missing_data]" time="0.000" /><testcase classname="tests.strategy_diagnostics.test_historical_segment_admission" name="test_incomplete_quality_dimension_fails_closed_with_actionable_reason[duplicates]" time="0.000" /><testcase classname="tests.strategy_diagnostics.test_historical_segment_admission" name="test_incomplete_quality_dimension_fails_closed_with_actionable_reason[timestamps]" time="0.000" /><testcase classname="tests.strategy_diagnostics.test_historical_segment_admission" name="test_admission_report_covers_every_required_point_in_time_quality_dimension" time="0.000" /><testcase classname="tests.strategy_diagnostics.test_historical_segment_admission" name="test_explicit_selection_outside_source_coverage_is_rejected_actionably" time="0.000" /><testcase classname="tests.strategy_diagnostics.test_historical_segment_admission" name="test_catalog_recommendations_are_ranked_bounded_and_non_binding" time="0.001" /><testcase classname="tests.strategy_diagnostics.test_historical_segment_admission" name="test_selection_rejects_reverse_date_ranges_before_source_access" time="0.000" /><testcase classname="tests.strategy_diagnostics.test_historical_segment_admission" name="test_recommendation_tags_are_part_of_the_immutable_segment_identity" time="0.000" /><testcase classname="tests.strategy_diagnostics.test_installation" name="test_installed_package_starts_in_a_subprocess_outside_the_checkout" time="11.306" /><testcase classname="tests.strategy_diagnostics.test_isolated_sensitivity_sets" name="test_set_requires_two_bounded_cases_for_every_registered_family" time="0.002" /><testcase classname="tests.strategy_diagnostics.test_isolated_sensitivity_sets" name="test_set_rejects_changed_comparable_inputs_and_duplicate_levels" time="0.002" /><testcase classname="tests.strategy_diagnostics.test_isolated_sensitivity_sets" name="test_runner_is_deterministic_partial_visible_and_resumable" time="0.015" /><testcase classname="tests.strategy_diagnostics.test_isolated_sensitivity_sets" name="test_incomplete_case_stays_visible_and_can_be_retried_with_traceable_curves" time="0.023" /><testcase classname="tests.strategy_diagnostics.test_isolated_sensitivity_sets" name="test_runner_rejects_a_campaign_result_from_another_case" time="0.005" /><testcase classname="tests.strategy_diagnostics.test_isolated_sensitivity_sets" name="test_runner_rejects_completed_status_without_two_complete_members" time="0.004" /><testcase classname="tests.strategy_diagnostics.test_isolated_sensitivity_sets" name="test_invalid_retry_controls_do_not_pollute_attempt_history" time="0.005" /><testcase classname="tests.strategy_diagnostics.test_isolated_sensitivity_sets" name="test_partial_set_and_attempts_resume_after_repository_restart" time="0.054" /><testcase classname="tests.strategy_diagnostics.test_isolated_sensitivity_sets" name="test_sql_restart_rejects_corrupted_campaign_case_assignment" time="0.029" /><testcase classname="tests.strategy_diagnostics.test_isolated_sensitivity_sets" name="test_sql_restart_rejects_rehashed_but_misassigned_pinned_run_inputs" time="0.028" /><testcase classname="tests.strategy_diagnostics.test_isolated_sensitivity_sets" name="test_sql_restart_rejects_rehashed_noncanonical_member_assignment[replica-pairing-belongs to another case]" time="0.030" /><testcase classname="tests.strategy_diagnostics.test_isolated_sensitivity_sets" name="test_sql_restart_rejects_rehashed_noncanonical_member_assignment[member-order-canonical representative strategy order]" time="0.029" /><testcase classname="tests.strategy_diagnostics.test_isolated_sensitivity_sets" name="test_sql_restart_rejects_forged_completed_status" time="0.028" /><testcase classname="tests.strategy_diagnostics.test_isolated_sensitivity_sets" name="test_sql_restart_rejects_forged_trace_identities[campaign-campaign identity is not canonical]" time="0.028" /><testcase classname="tests.strategy_diagnostics.test_isolated_sensitivity_sets" name="test_sql_restart_rejects_forged_trace_identities[run-run identity is not canonical]" time="0.034" /><testcase classname="tests.strategy_diagnostics.test_isolated_sensitivity_sets" name="test_snapshot_hydration_rejects_duplicate_case_records" time="0.003" /><testcase classname="tests.strategy_diagnostics.test_live_minute_scenario_native_strategy" name="test_live_minute_manifest_records_a_distinct_scenario_native_lineage" time="0.000" /><testcase classname="tests.strategy_diagnostics.test_live_minute_scenario_native_strategy" name="test_live_minute_initializes_schedules_and_submits_an_eligible_buy" time="0.014" /><testcase classname="tests.strategy_diagnostics.test_live_minute_scenario_native_strategy" name="test_live_minute_stop_loss_submits_only_a_signed_exit" time="0.011" /><testcase classname="tests.strategy_diagnostics.test_live_minute_scenario_native_strategy" name="test_live_minute_corrupt_or_future_daily_ledger_fails_closed[None]" time="0.010" /><testcase classname="tests.strategy_diagnostics.test_live_minute_scenario_native_strategy" name="test_live_minute_corrupt_or_future_daily_ledger_fails_closed[{not-json]" time="0.010" /><testcase classname="tests.strategy_diagnostics.test_live_minute_scenario_native_strategy" name="test_live_minute_corrupt_or_future_daily_ledger_fails_closed[{&quot;bought_instruments&quot;:[],&quot;buy_count&quot;:0,&quot;scan_count&quot;:1,&quot;trade_date&quot;:&quot;2024-01-03&quot;}]" time="0.046" /><testcase classname="tests.strategy_diagnostics.test_live_minute_scenario_native_strategy" name="test_live_minute_corrupt_or_future_daily_ledger_fails_closed[{&quot;bought_instruments&quot;:[&quot;sh.600000&quot;],&quot;buy_count&quot;:0,&quot;scan_count&quot;:1,&quot;trade_date&quot;:&quot;2024-01-02&quot;}]" time="0.011" /><testcase classname="tests.strategy_diagnostics.test_live_minute_scenario_native_strategy" name="test_live_minute_context_has_no_quentx_only_instrument_state_capability" time="0.003" /><testcase classname="tests.strategy_diagnostics.test_live_minute_scenario_native_strategy" name="test_live_minute_formal_execution_rejects_external_candidate_data" time="0.003" /><testcase classname="tests.strategy_diagnostics.test_market_path_materialization" name="test_baseline_materialization_is_reconstructed_reaggregatable_and_stable" time="0.001" /><testcase classname="tests.strategy_diagnostics.test_market_path_materialization" name="test_scenario_market_view_refuses_every_kind_of_future_data" time="0.001" /><testcase classname="tests.strategy_diagnostics.test_market_path_materialization" name="test_scenario_market_view_refuses_direct_reads_before_ipo" time="0.001" /><testcase classname="tests.strategy_diagnostics.test_market_path_materialization" name="test_scenario_market_view_refuses_direct_reads_after_delisting" time="0.001" /><testcase classname="tests.strategy_diagnostics.test_market_path_materialization" name="test_headless_application_materializes_and_previews_an_admitted_segment" time="0.001" /><testcase classname="tests.strategy_diagnostics.test_market_path_materialization" name="test_content_addressed_path_survives_artifact_store_restart" time="0.043" /><testcase classname="tests.strategy_diagnostics.test_market_path_materialization" name="test_parquet_store_retries_transient_directory_publish_conflict" time="0.093" /><testcase classname="tests.strategy_diagnostics.test_market_path_materialization" name="test_parquet_store_bounds_publish_retries_and_cleans_staging" time="0.037" /><testcase classname="tests.strategy_diagnostics.test_market_path_materialization" name="test_parquet_store_propagates_non_retryable_publish_error_immediately" time="0.034" /><testcase classname="tests.strategy_diagnostics.test_market_path_materialization" name="test_reopened_parquet_store_reuses_verified_immutable_path_within_process" time="0.064" /><testcase classname="tests.strategy_diagnostics.test_market_path_materialization" name="test_store_generation_hashes_once_before_reusing_local_verified_path" time="0.041" /><testcase classname="tests.strategy_diagnostics.test_market_path_materialization" name="test_verified_cache_rejects_same_metadata_manifest_tampering" time="0.045" /><testcase classname="tests.strategy_diagnostics.test_market_path_materialization" name="test_verified_cache_rejects_same_metadata_parquet_tampering" time="0.045" /><testcase classname="tests.strategy_diagnostics.test_market_path_materialization" name="test_process_verified_cache_enforces_estimated_byte_budget" time="0.091" /><testcase classname="tests.strategy_diagnostics.test_market_path_materialization" name="test_evicted_oversized_paths_use_safe_reread_across_reopen" time="0.097" /><testcase classname="tests.strategy_diagnostics.test_market_path_materialization" name="test_legacy_parquet_path_publishes_safe_reread_after_one_native_load" time="0.069" /><testcase classname="tests.strategy_diagnostics.test_market_path_materialization" name="test_legacy_cache_publish_failure_does_not_block_authoritative_path" time="0.060" /><testcase classname="tests.strategy_diagnostics.test_market_path_materialization" name="test_parquet_store_serializes_parallel_first_verification" time="0.564" /><testcase classname="tests.strategy_diagnostics.test_market_path_materialization" name="test_parquet_store_does_not_publish_cache_after_mid_read_invalidation" time="0.076" /><testcase classname="tests.strategy_diagnostics.test_market_path_materialization" name="test_parquet_store_idempotently_accepts_equivalent_feature_map_order" time="0.040" /><testcase classname="tests.strategy_diagnostics.test_market_path_materialization" name="test_materializer_rejects_source_bars_outside_a_share_sessions" time="0.001" /><testcase classname="tests.strategy_diagnostics.test_market_path_materialization" name="test_artifact_identity_ignores_equivalent_decimal_text_scales" time="0.001" /><testcase classname="tests.strategy_diagnostics.test_market_path_materialization" name="test_trend_regime_transform_is_deterministic_and_preserves_path_invariants" time="0.004" /><testcase classname="tests.strategy_diagnostics.test_market_path_materialization" name="test_volatility_scaling_is_deterministic_and_preserves_path_invariants" time="0.003" /><testcase classname="tests.strategy_diagnostics.test_market_path_materialization" name="test_shock_recovery_is_deterministic_and_persists_phase_identity" time="0.007" /><testcase classname="tests.strategy_diagnostics.test_market_path_materialization" name="test_shock_recovery_uses_the_tightest_cross_sectional_price_limit" time="0.004" /><testcase classname="tests.strategy_diagnostics.test_market_path_materialization" name="test_shock_recovery_rejects_incompatible_phase_duration" time="0.001" /><testcase classname="tests.strategy_diagnostics.test_market_path_materialization" name="test_shock_recovery_phase_identity_survives_artifact_store_restart" time="0.105" /><testcase classname="tests.strategy_diagnostics.test_market_path_materialization" name="test_market_structure_is_deterministic_and_recomputes_the_full_world" time="0.015" /><testcase classname="tests.strategy_diagnostics.test_market_path_materialization" name="test_market_structure_never_uses_future_source_bars" time="0.005" /><testcase classname="tests.strategy_diagnostics.test_market_path_materialization" name="test_market_structure_requires_multiple_point_in_time_industries" time="0.001" /><testcase classname="tests.strategy_diagnostics.test_market_path_materialization" name="test_market_structure_identity_survives_artifact_store_restart" time="0.097" /><testcase classname="tests.strategy_diagnostics.test_market_path_materialization" name="test_liquidity_stress_is_deterministic_and_conserves_scaled_volume" time="0.005" /><testcase classname="tests.strategy_diagnostics.test_market_path_materialization" name="test_liquidity_stress_preserves_zero_volume_nonrecipients" time="0.002" /><testcase classname="tests.strategy_diagnostics.test_market_path_materialization" name="test_liquidity_stress_identity_survives_artifact_store_restart" time="0.061" /><testcase classname="tests.strategy_diagnostics.test_market_path_materialization" name="test_volatility_scaling_fails_closed_without_previous_close_reference" time="0.001" /><testcase classname="tests.strategy_diagnostics.test_market_path_materialization" name="test_volatility_scaling_fails_closed_on_point_in_time_rule_mismatch" time="0.001" /><testcase classname="tests.strategy_diagnostics.test_market_path_materialization" name="test_volatility_scaling_does_not_hide_source_price_limit_violations" time="0.000" /><testcase classname="tests.strategy_diagnostics.test_market_path_materialization" name="test_trend_regime_uses_previous_close_for_gap_day_price_limits[bullish-source_bar0-bound0-high]" time="0.001" /><testcase classname="tests.strategy_diagnostics.test_market_path_materialization" name="test_trend_regime_uses_previous_close_for_gap_day_price_limits[bearish-source_bar1-bound1-low]" time="0.001" /><testcase classname="tests.strategy_diagnostics.test_market_path_materialization" name="test_trend_regime_fails_closed_without_previous_close_reference" time="0.000" /><testcase classname="tests.strategy_diagnostics.test_market_path_materialization" name="test_trend_regime_does_not_invent_limits_for_initial_unbounded_session" time="0.001" /><testcase classname="tests.strategy_diagnostics.test_market_path_materialization" name="test_trend_regime_fails_closed_when_rule_and_st_state_disagree" time="0.000" /><testcase classname="tests.strategy_diagnostics.test_market_path_materialization" name="test_transformed_world_recomputes_every_derived_scenario_data_family" time="0.002" /><testcase classname="tests.strategy_diagnostics.test_market_path_materialization" name="test_headless_application_previews_baseline_versus_transformed_results" time="0.002" /><testcase classname="tests.strategy_diagnostics.test_market_path_materialization" name="test_headless_application_previews_volatility_and_recomputed_statistics" time="0.003" /><testcase classname="tests.strategy_diagnostics.test_market_path_materialization" name="test_headless_application_previews_shock_phases_and_recomputed_statistics" time="0.007" /><testcase classname="tests.strategy_diagnostics.test_market_path_materialization" name="test_headless_application_previews_requested_and_effective_market_structure" time="0.006" /><testcase classname="tests.strategy_diagnostics.test_market_rules" name="test_a_share_price_limit_profile_resolves_board_st_and_rule_date[sh.600000-session_date0-False-None-sh-main-expected_limit0]" time="0.000" /><testcase classname="tests.strategy_diagnostics.test_market_rules" name="test_a_share_price_limit_profile_resolves_board_st_and_rule_date[sh.600000-session_date1-True-None-sh-main-expected_limit1]" time="0.000" /><testcase classname="tests.strategy_diagnostics.test_market_rules" name="test_a_share_price_limit_profile_resolves_board_st_and_rule_date[sz.000001-session_date2-False-None-sz-main-expected_limit2]" time="0.000" /><testcase classname="tests.strategy_diagnostics.test_market_rules" name="test_a_share_price_limit_profile_resolves_board_st_and_rule_date[sz.000001-session_date3-True-None-sz-main-expected_limit3]" time="0.000" /><testcase classname="tests.strategy_diagnostics.test_market_rules" name="test_a_share_price_limit_profile_resolves_board_st_and_rule_date[sh.688001-session_date4-False-None-star-expected_limit4]" time="0.000" /><testcase classname="tests.strategy_diagnostics.test_market_rules" name="test_a_share_price_limit_profile_resolves_board_st_and_rule_date[sh.688001-session_date5-True-None-star-expected_limit5]" time="0.000" /><testcase classname="tests.strategy_diagnostics.test_market_rules" name="test_a_share_price_limit_profile_resolves_board_st_and_rule_date[sz.300001-session_date6-False-None-chinext-expected_limit6]" time="0.000" /><testcase classname="tests.strategy_diagnostics.test_market_rules" name="test_a_share_price_limit_profile_resolves_board_st_and_rule_date[sz.300001-session_date7-True-None-chinext-expected_limit7]" time="0.000" /><testcase classname="tests.strategy_diagnostics.test_market_rules" name="test_a_share_price_limit_profile_resolves_board_st_and_rule_date[bj.430001-session_date8-False-None-beijing-expected_limit8]" time="0.000" /><testcase classname="tests.strategy_diagnostics.test_market_rules" name="test_a_share_price_limit_profile_resolves_board_st_and_rule_date[bj.430001-session_date9-True-None-beijing-expected_limit9]" time="0.000" /><testcase classname="tests.strategy_diagnostics.test_market_rules" name="test_a_share_price_limit_profile_resolves_board_st_and_rule_date[sh.600000-session_date10-True-None-sh-main-expected_limit10]" time="0.000" /><testcase classname="tests.strategy_diagnostics.test_market_rules" name="test_a_share_price_limit_profile_resolves_board_st_and_rule_date[sz.000001-session_date11-True-None-sz-main-expected_limit11]" time="0.000" /><testcase classname="tests.strategy_diagnostics.test_market_rules" name="test_a_share_price_limit_profile_marks_initial_unbounded_sessions[sh.600000-session_date0-1]" time="0.000" /><testcase classname="tests.strategy_diagnostics.test_market_rules" name="test_a_share_price_limit_profile_marks_initial_unbounded_sessions[sh.600000-session_date1-5]" time="0.000" /><testcase classname="tests.strategy_diagnostics.test_market_rules" name="test_a_share_price_limit_profile_marks_initial_unbounded_sessions[sh.688001-session_date2-1]" time="0.000" /><testcase classname="tests.strategy_diagnostics.test_market_rules" name="test_a_share_price_limit_profile_marks_initial_unbounded_sessions[sh.688001-session_date3-5]" time="0.000" /><testcase classname="tests.strategy_diagnostics.test_market_rules" name="test_a_share_price_limit_profile_marks_initial_unbounded_sessions[sz.300001-session_date4-1]" time="0.000" /><testcase classname="tests.strategy_diagnostics.test_market_rules" name="test_a_share_price_limit_profile_marks_initial_unbounded_sessions[sz.300001-session_date5-5]" time="0.000" /><testcase classname="tests.strategy_diagnostics.test_market_rules" name="test_a_share_price_limit_profile_marks_initial_unbounded_sessions[bj.430001-session_date6-1]" time="0.000" /><testcase classname="tests.strategy_diagnostics.test_market_rules" name="test_beijing_profile_restores_thirty_percent_limit_after_listing_day" time="0.000" /><testcase classname="tests.strategy_diagnostics.test_market_rules" name="test_a_share_price_limit_profile_fails_closed_for_unknown_boards[hk.00001]" time="0.000" /><testcase classname="tests.strategy_diagnostics.test_market_rules" name="test_a_share_price_limit_profile_fails_closed_for_unknown_boards[sh.900901]" time="0.000" /><testcase classname="tests.strategy_diagnostics.test_market_rules" name="test_a_share_price_limit_profile_fails_closed_for_unknown_boards[sz.200001]" time="0.000" /><testcase classname="tests.strategy_diagnostics.test_market_rules" name="test_legacy_ipo_session_with_asymmetric_limit_fails_closed" time="0.000" /><testcase classname="tests.strategy_diagnostics.test_persistence_migrations" name="test_diagnostic_migration_baseline_preserves_legacy_tables" time="0.024" /><testcase classname="tests.strategy_diagnostics.test_persistence_migrations" name="test_issue_58_migration_upgrades_and_backfills_issue_57_tasks" time="0.023" /><testcase classname="tests.strategy_diagnostics.test_persistence_migrations" name="test_issue_59_migration_adds_durable_campaign_handoff_without_rewriting_0014" time="0.025" /><testcase classname="tests.strategy_diagnostics.test_persistence_migrations" name="test_issue_60_migration_backfills_lifecycle_targets_idempotently" time="0.027" /><testcase classname="tests.strategy_diagnostics.test_persistence_migrations" name="test_issue_61_migration_backfills_attempt_lineage_idempotently" time="0.027" /><testcase classname="tests.strategy_diagnostics.test_persistence_migrations" name="test_admitted_segment_catalog_survives_application_restart" time="0.021" /><testcase classname="tests.strategy_diagnostics.test_persistence_migrations" name="test_diagnostic_migration_rejects_an_unknown_future_revision" time="0.010" /><testcase classname="tests.strategy_diagnostics.test_persistence_migrations" name="test_issue_80_migrations_create_exact_recipe_dependency_and_command_schema" time="0.012" /><testcase classname="tests.strategy_diagnostics.test_persistence_migrations" name="test_issue_80_upgrade_from_0018_backfills_immutable_legacy_history" time="0.031" /><testcase classname="tests.strategy_diagnostics.test_persistence_migrations" name="test_issue_80_migration_failure_rolls_back_partial_schema_and_revision[0019_scenario_recipe_dependency_bindings-_create_scenario_recipe_dependency_bindings-tables_to_drop0-0018_diagnostic_campaign_attempt_history]" time="0.026" /><testcase classname="tests.strategy_diagnostics.test_persistence_migrations" name="test_issue_80_migration_failure_rolls_back_partial_schema_and_revision[0020_scenario_lab_commands_and_materialization_handles-_create_scenario_lab_commands_and_materialization_handles-tables_to_drop1-0019_scenario_recipe_dependency_bindings]" time="0.020" /><testcase classname="tests.strategy_diagnostics.test_persistence_migrations" name="test_issue_84_migration_creates_exact_validation_approval_dependency_schema" time="0.012" /><testcase classname="tests.strategy_diagnostics.test_persistence_migrations" name="test_issue_84_upgrade_from_0020_is_idempotent_and_preserves_task_history" time="0.024" /><testcase classname="tests.strategy_diagnostics.test_persistence_migrations" name="test_issue_84_migration_failure_rolls_back_partial_schema_and_revision" time="0.023" /><testcase classname="tests.strategy_diagnostics.test_ptrade_host" name="test_ptrade_surface_manifest_is_versioned_and_fails_unknown_calls" time="0.000" /><testcase classname="tests.strategy_diagnostics.test_ptrade_host" name="test_reference_manifest_hides_undeclared_context_fields" time="0.000" /><testcase classname="tests.strategy_diagnostics.test_ptrade_host" name="test_real_loader_context_reflection_cannot_recover_undeclared_fields" time="0.003" /><testcase classname="tests.strategy_diagnostics.test_ptrade_host" name="test_registered_strategy_loader_uses_packaged_auditable_source" time="0.032" /><testcase classname="tests.strategy_diagnostics.test_ptrade_host" name="test_strategy_loader_audits_source_before_execution" time="0.004" /><testcase classname="tests.strategy_diagnostics.test_ptrade_host" name="test_registered_packaged_strategy_rejects_ast_clean_source_tampering" time="0.005" /><testcase classname="tests.strategy_diagnostics.test_ptrade_host" name="test_reference_manifest_rejects_undeclared_history_units" time="0.000" /><testcase classname="tests.strategy_diagnostics.test_ptrade_host" name="test_in_process_host_runs_reference_lifecycle_and_signed_share_order" time="0.005" /><testcase classname="tests.strategy_diagnostics.test_ptrade_host" name="test_embedded_production_host_uses_fresh_modules_in_the_product_process" time="0.003" /><testcase classname="tests.strategy_diagnostics.test_ptrade_host" name="test_embedded_production_host_serializes_temporary_module_registration" time="0.004" /><testcase classname="tests.strategy_diagnostics.test_ptrade_host" name="test_subprocess_host_isolates_random_globals_logs_and_failures" time="4.914" /><testcase classname="tests.strategy_diagnostics.test_ptrade_host" name="test_runtime_rebinds_expanding_and_empty_point_in_time_universes" time="0.005" /><testcase classname="tests.strategy_diagnostics.test_ptrade_host" name="test_subprocess_response_schema_fails_closed[[]]" time="0.000" /><testcase classname="tests.strategy_diagnostics.test_ptrade_host" name="test_subprocess_response_schema_fails_closed[{&quot;protocol_version&quot;:&quot;ptrade-subprocess-json.v1&quot;,&quot;ok&quot;:&quot;false&quot;}]" time="0.001" /><testcase classname="tests.strategy_diagnostics.test_ptrade_host" name="test_subprocess_response_schema_fails_closed[{&quot;protocol_version&quot;:&quot;wrong&quot;,&quot;ok&quot;:true,&quot;result&quot;:{}}]" time="0.000" /><testcase classname="tests.strategy_diagnostics.test_ptrade_host" name="test_subprocess_response_rejects_malformed_nested_result_fields" time="0.002" /><testcase classname="tests.strategy_diagnostics.test_ptrade_host" name="test_subprocess_response_rejects_worker_identity_mismatch[surface_version-ptrade_surface.v0]" time="0.002" /><testcase classname="tests.strategy_diagnostics.test_ptrade_host" name="test_subprocess_response_rejects_worker_identity_mismatch[manifest_hash-0000000000000000000000000000000000000000000000000000000000000000]" time="0.002" /><testcase classname="tests.strategy_diagnostics.test_ptrade_host" name="test_subprocess_response_rejects_worker_identity_mismatch[host_adapter_version-ptrade-subprocess-host.v0]" time="0.002" /><testcase classname="tests.strategy_diagnostics.test_ptrade_host" name="test_unknown_log_facade_call_is_a_versioned_compatibility_error" time="0.000" /><testcase classname="tests.strategy_diagnostics.test_ptrade_host" name="test_subprocess_transport_wraps_start_and_timeout_failures" time="0.012" /><testcase classname="tests.strategy_diagnostics.test_ptrade_host" name="test_subprocess_transport_uses_explicit_frozen_worker_arguments" time="0.002" /><testcase classname="tests.strategy_diagnostics.test_ptrade_host" name="test_subprocess_host_rejects_a_string_as_worker_arguments" time="0.000" /><testcase classname="tests.strategy_diagnostics.test_quentx_scenario_native_strategy" name="test_quentx_manifest_records_scenario_native_lineage" time="0.000" /><testcase classname="tests.strategy_diagnostics.test_quentx_scenario_native_strategy" name="test_quentx_reproduces_the_frozen_legacy_a_aggregation_contract" time="0.002" /><testcase classname="tests.strategy_diagnostics.test_quentx_scenario_native_strategy" name="test_quentx_preserves_the_legacy_a_incomplete_tail_group" time="0.000" /><testcase classname="tests.strategy_diagnostics.test_quentx_scenario_native_strategy" name="test_quentx_523_low_volume_retest_keeps_hard_and_soft_paths_distinct" time="0.000" /><testcase classname="tests.strategy_diagnostics.test_quentx_scenario_native_strategy" name="test_quentx_keeps_overheat_penalties_and_industry_concentration_limits" time="0.000" /><testcase classname="tests.strategy_diagnostics.test_quentx_scenario_native_strategy" name="test_quentx_initializes_and_schedules_through_the_host" time="0.019" /><testcase classname="tests.strategy_diagnostics.test_quentx_scenario_native_strategy" name="test_quentx_generates_filters_and_ranks_candidates_from_the_active_scenario" time="0.073" /><testcase classname="tests.strategy_diagnostics.test_quentx_scenario_native_strategy" name="test_quentx_production_host_preserves_runtime_state_across_processes" time="1.636" /><testcase classname="tests.strategy_diagnostics.test_quentx_scenario_native_strategy" name="test_quentx_daily_state_machine_refuses_intraday_only_history" time="0.038" /><testcase classname="tests.strategy_diagnostics.test_quentx_scenario_native_strategy" name="test_quentx_daily_loss_guard_blocks_new_entries" time="0.064" /><testcase classname="tests.strategy_diagnostics.test_quentx_scenario_native_strategy" name="test_quentx_daily_loss_guard_blocks_full_portfolio_rotation_buys" time="0.045" /><testcase classname="tests.strategy_diagnostics.test_quentx_scenario_native_strategy" name="test_quentx_early_failure_risk_submits_a_signed_exit_order" time="0.036" /><testcase classname="tests.strategy_diagnostics.test_quentx_scenario_native_strategy" name="test_partial_risk_exit_does_not_release_a_portfolio_slot_or_full_cash" time="0.080" /><testcase classname="tests.strategy_diagnostics.test_quentx_scenario_native_strategy" name="test_quentx_rotates_a_weak_holding_into_a_superior_scenario_candidate" time="0.133" /><testcase classname="tests.strategy_diagnostics.test_quentx_scenario_native_strategy" name="test_formal_host_rejects_external_or_legacy_candidate_access[open]" time="0.002" /><testcase classname="tests.strategy_diagnostics.test_quentx_scenario_native_strategy" name="test_formal_host_rejects_external_or_legacy_candidate_access[__import__]" time="0.002" /><testcase classname="tests.strategy_diagnostics.test_quentx_scenario_native_strategy" name="test_formal_host_rejects_external_or_legacy_candidate_access[load_external_market_path]" time="0.002" /><testcase classname="tests.strategy_diagnostics.test_quentx_scenario_native_strategy" name="test_formal_host_rejects_external_or_legacy_candidate_access[load_legacy_candidate_cache]" time="0.002" /><testcase classname="tests.strategy_diagnostics.test_quentx_scenario_native_strategy" name="test_formal_host_blocks_builtin_aliases_before_real_module_execution[reader = open\ndef initialize(context):\n    reader('C:/external-real-market/candidates.csv')\n]" time="0.006" /><testcase classname="tests.strategy_diagnostics.test_quentx_scenario_native_strategy" name="test_formal_host_blocks_builtin_aliases_before_real_module_execution[reader = open\nreader('C:/external-real-market/candidates.csv')\ndef initialize(context):\n    pass\n]" time="0.005" /><testcase classname="tests.strategy_diagnostics.test_recipe_lifecycle" name="test_scenario_recipe_v1_has_stable_schema_canonical_json_and_hash" time="0.001" /><testcase classname="tests.strategy_diagnostics.test_recipe_lifecycle" name="test_manual_recipe_requires_validation_and_approval_before_materialization" time="0.001" /><testcase classname="tests.strategy_diagnostics.test_recipe_lifecycle" name="test_recipe_validation_fails_closed_with_actionable_rules[change0-schema.unknown-field]" time="0.001" /><testcase classname="tests.strategy_diagnostics.test_recipe_lifecycle" name="test_recipe_validation_fails_closed_with_actionable_rules[change1-data.admitted-segment-required]" time="0.001" /><testcase classname="tests.strategy_diagnostics.test_recipe_lifecycle" name="test_recipe_validation_fails_closed_with_actionable_rules[change2-bounds.invalid]" time="0.001" /><testcase classname="tests.strategy_diagnostics.test_recipe_lifecycle" name="test_recipe_validation_fails_closed_with_actionable_rules[change3-causality.point-in-time-required]" time="0.001" /><testcase classname="tests.strategy_diagnostics.test_recipe_lifecycle" name="test_recipe_validation_fails_closed_with_actionable_rules[change4-transformation.not-registered]" time="0.001" /><testcase classname="tests.strategy_diagnostics.test_recipe_lifecycle" name="test_recipe_validation_fails_closed_with_actionable_rules[change5-transformation.parameter-bounds]" time="0.001" /><testcase classname="tests.strategy_diagnostics.test_recipe_lifecycle" name="test_recipe_validation_fails_closed_with_actionable_rules[change6-transformation.incompatible-combination]" time="0.001" /><testcase classname="tests.strategy_diagnostics.test_recipe_lifecycle" name="test_headless_catalog_registers_versioned_transforms_with_typed_bounds" time="0.001" /><testcase classname="tests.strategy_diagnostics.test_recipe_lifecycle" name="test_volatility_scaling_rejects_values_outside_published_bounds[0.49]" time="0.001" /><testcase classname="tests.strategy_diagnostics.test_recipe_lifecycle" name="test_volatility_scaling_rejects_values_outside_published_bounds[2.01]" time="0.000" /><testcase classname="tests.strategy_diagnostics.test_recipe_lifecycle" name="test_shock_recovery_rejects_invalid_phase_parameters[gap_fraction-0.11-transformation.parameter-bounds]" time="0.001" /><testcase classname="tests.strategy_diagnostics.test_recipe_lifecycle" name="test_shock_recovery_rejects_invalid_phase_parameters[shock_fraction-0.201-transformation.parameter-bounds]" time="0.001" /><testcase classname="tests.strategy_diagnostics.test_recipe_lifecycle" name="test_shock_recovery_rejects_invalid_phase_parameters[shock_duration_bars-1.5-transformation.parameter-type]" time="0.001" /><testcase classname="tests.strategy_diagnostics.test_recipe_lifecycle" name="test_shock_recovery_rejects_invalid_phase_parameters[persistence_duration_bars-25-transformation.parameter-bounds]" time="0.001" /><testcase classname="tests.strategy_diagnostics.test_recipe_lifecycle" name="test_shock_recovery_rejects_invalid_phase_parameters[recovery_duration_bars-0-transformation.parameter-bounds]" time="0.001" /><testcase classname="tests.strategy_diagnostics.test_recipe_lifecycle" name="test_market_structure_rejects_values_outside_published_bounds[breadth_target-0.09]" time="0.001" /><testcase classname="tests.strategy_diagnostics.test_recipe_lifecycle" name="test_market_structure_rejects_values_outside_published_bounds[breadth_target-0.91]" time="0.001" /><testcase classname="tests.strategy_diagnostics.test_recipe_lifecycle" name="test_market_structure_rejects_values_outside_published_bounds[dispersion_fraction-0.009]" time="0.001" /><testcase classname="tests.strategy_diagnostics.test_recipe_lifecycle" name="test_market_structure_rejects_values_outside_published_bounds[dispersion_fraction-0.101]" time="0.001" /><testcase classname="tests.strategy_diagnostics.test_recipe_lifecycle" name="test_market_structure_rejects_values_outside_published_bounds[sector_concentration--0.01]" time="0.001" /><testcase classname="tests.strategy_diagnostics.test_recipe_lifecycle" name="test_market_structure_rejects_values_outside_published_bounds[sector_concentration-1.01]" time="0.001" /><testcase classname="tests.strategy_diagnostics.test_recipe_lifecycle" name="test_liquidity_stress_rejects_values_outside_published_bounds[volume_multiplier-0.249]" time="0.001" /><testcase classname="tests.strategy_diagnostics.test_recipe_lifecycle" name="test_liquidity_stress_rejects_values_outside_published_bounds[volume_multiplier-2.001]" time="0.001" /><testcase classname="tests.strategy_diagnostics.test_recipe_lifecycle" name="test_liquidity_stress_rejects_values_outside_published_bounds[cross_sectional_concentration--0.01]" time="0.001" /><testcase classname="tests.strategy_diagnostics.test_recipe_lifecycle" name="test_liquidity_stress_rejects_values_outside_published_bounds[cross_sectional_concentration-1.01]" time="0.000" /><testcase classname="tests.strategy_diagnostics.test_recipe_lifecycle" name="test_recipe_rejects_non_declarative_transformation_payloads[forbidden_parameter0-transformation.executable-code-forbidden]" time="0.001" /><testcase classname="tests.strategy_diagnostics.test_recipe_lifecycle" name="test_recipe_rejects_non_declarative_transformation_payloads[forbidden_parameter1-transformation.expression-forbidden]" time="0.001" /><testcase classname="tests.strategy_diagnostics.test_recipe_lifecycle" name="test_recipe_rejects_non_declarative_transformation_payloads[forbidden_parameter2-transformation.path-forbidden]" time="0.001" /><testcase classname="tests.strategy_diagnostics.test_recipe_lifecycle" name="test_recipe_rejects_non_declarative_transformation_payloads[forbidden_parameter3-transformation.final-price-edit-forbidden]" time="0.001" /><testcase classname="tests.strategy_diagnostics.test_recipe_lifecycle" name="test_catalog_rejects_non_finite_decimal_parameters[NaN]" time="0.001" /><testcase classname="tests.strategy_diagnostics.test_recipe_lifecycle" name="test_catalog_rejects_non_finite_decimal_parameters[Infinity]" time="0.001" /><testcase classname="tests.strategy_diagnostics.test_recipe_lifecycle" name="test_catalog_rejects_non_finite_decimal_parameters[-Infinity]" time="0.000" /><testcase classname="tests.strategy_diagnostics.test_recipe_lifecycle" name="test_editing_an_approved_recipe_creates_a_new_immutable_version" time="0.001" /><testcase classname="tests.strategy_diagnostics.test_recipe_lifecycle" name="test_approved_recipe_version_survives_application_restart" time="0.026" /><testcase classname="tests.strategy_diagnostics.test_recipe_lifecycle" name="test_same_draft_cannot_be_approved_twice[False]" time="0.002" /><testcase classname="tests.strategy_diagnostics.test_recipe_lifecycle" name="test_same_draft_cannot_be_approved_twice[True]" time="0.025" /><testcase classname="tests.strategy_diagnostics.test_recipe_lifecycle" name="test_approved_version_keeps_its_validation_snapshot" time="0.026" /><testcase classname="tests.strategy_diagnostics.test_reproduction_manifests" name="test_manifest_pins_complete_dependencies_and_has_canonical_identity" time="0.002" /><testcase classname="tests.strategy_diagnostics.test_reproduction_manifests" name="test_evidence_specific_acceptances_have_distinct_formal_identities" time="0.003" /><testcase classname="tests.strategy_diagnostics.test_reproduction_manifests" name="test_evidence_manifest_batch_is_prevalidated_before_any_write" time="0.002" /><testcase classname="tests.strategy_diagnostics.test_reproduction_manifests" name="test_missing_or_changed_dependencies_fail_with_exact_visible_reasons" time="0.002" /><testcase classname="tests.strategy_diagnostics.test_reproduction_manifests" name="test_changed_source_snapshot_fails_without_replay_or_fallback" time="0.003" /><testcase classname="tests.strategy_diagnostics.test_reproduction_manifests" name="test_declared_numeric_tolerance_is_enforced" time="0.007" /><testcase classname="tests.strategy_diagnostics.test_reproduction_manifests" name="test_changed_execution_environment_fails_with_exact_visible_reason" time="0.004" /><testcase classname="tests.strategy_diagnostics.test_reproduction_manifests" name="test_sql_repository_survives_restart_and_rejects_tampering" time="0.065" /><testcase classname="tests.strategy_diagnostics.test_reproduction_manifests" name="test_sql_latest_report_tracks_a_repeated_identical_attempt" time="0.045" /><testcase classname="tests.strategy_diagnostics.test_reproduction_manifests" name="test_repositories_reject_report_run_or_tolerance_drift" time="0.035" /><testcase classname="tests.strategy_diagnostics.test_reproduction_manifests" name="test_sql_manifest_batch_rolls_back_when_a_later_identity_collides" time="0.019" /><testcase classname="tests.strategy_diagnostics.test_strategy_campaigns" name="test_campaign_runs_two_isolated_replicas_sequentially_and_overlays_curves" time="0.001" /><testcase classname="tests.strategy_diagnostics.test_strategy_campaigns" name="test_campaign_contains_one_strategy_failure_and_still_runs_the_other_replica" time="0.001" /><testcase classname="tests.strategy_diagnostics.test_strategy_campaigns" name="test_campaign_resumes_existing_runs_after_a_mid_case_restart" time="0.001" /><testcase classname="tests.strategy_diagnostics.test_strategy_campaigns" name="test_campaign_does_not_claim_isolation_without_member_host_audits" time="0.002" /><testcase classname="tests.strategy_diagnostics.test_strategy_campaigns" name="test_campaign_rejects_non_comparable_or_reused_replica_inputs[materialization_hash-dddddddddddddddddddddddddddddddddddddddddddddddddddddddddddddddd-materialization hash]" time="0.001" /><testcase classname="tests.strategy_diagnostics.test_strategy_campaigns" name="test_campaign_rejects_non_comparable_or_reused_replica_inputs[materialization_seed-18-controlled random source]" time="0.001" /><testcase classname="tests.strategy_diagnostics.test_strategy_campaigns" name="test_campaign_rejects_non_comparable_or_reused_replica_inputs[market_rule_profile_version-other-profile.v1-Market Rule Profile]" time="0.001" /><testcase classname="tests.strategy_diagnostics.test_strategy_campaigns" name="test_campaign_rejects_non_comparable_or_reused_replica_inputs[execution_policy_version-other-policy.v1-Execution Policy]" time="0.001" /><testcase classname="tests.strategy_diagnostics.test_strategy_campaigns" name="test_campaign_rejects_non_comparable_or_reused_replica_inputs[replica_id-baseline-campaign-1-quentx-replica ids]" time="0.000" /><testcase classname="tests.strategy_diagnostics.test_strategy_campaigns" name="test_campaign_rejects_the_contract_test_only_in_process_host" time="0.000" /><testcase classname="tests.strategy_diagnostics.test_strategy_campaigns" name="test_campaign_accepts_the_explicit_embedded_production_host" time="0.001" /><testcase classname="tests.strategy_diagnostics.test_strategy_inventory" name="test_formal_selection_validation_dtos_are_public_package_types" time="0.000" /><testcase classname="tests.strategy_diagnostics.test_strategy_inventory" name="test_public_application_inventory_exposes_only_formal_v1_strategies" time="0.010" /><testcase classname="tests.strategy_diagnostics.test_strategy_inventory" name="test_installed_inventory_verifies_retained_formal_strategy_sources" time="0.026" /><testcase classname="tests.strategy_diagnostics.test_strategy_inventory" name="test_installed_inventory_rejects_tampered_retained_formal_strategy_source" time="0.031" /><testcase classname="tests.strategy_diagnostics.test_strategy_inventory" name="test_missing_guardrail_profiles_remain_visible_without_fabricated_identity" time="0.002" /><testcase classname="tests.strategy_diagnostics.test_strategy_inventory" name="test_unavailable_formal_entry_returns_typed_unavailable_validation" time="0.002" /><testcase classname="tests.strategy_diagnostics.test_strategy_inventory" name="test_inventory_content_hash_covers_exposed_authoritative_facts" time="0.009" /><testcase classname="tests.strategy_diagnostics.test_strategy_runs" name="test_quentx_scenario_native_run_is_deterministic_and_auditable" time="3.147" /><testcase classname="tests.strategy_diagnostics.test_strategy_runs" name="test_live_minute_scenario_native_run_is_deterministic_and_auditable" time="0.097" /><testcase classname="tests.strategy_diagnostics.test_strategy_runs" name="test_live_minute_sql_restart_fails_closed_on_an_invalid_daily_ledger[missing]" time="0.035" /><testcase classname="tests.strategy_diagnostics.test_strategy_runs" name="test_live_minute_sql_restart_fails_closed_on_an_invalid_daily_ledger[corrupt]" time="0.036" /><testcase classname="tests.strategy_diagnostics.test_strategy_runs" name="test_half_hour_decisions_use_simulation_time_and_next_node_activation" time="0.012" /><testcase classname="tests.strategy_diagnostics.test_strategy_runs" name="test_ptrade_configuration_requests_and_effective_conditions_are_run_evidence" time="0.032" /><testcase classname="tests.strategy_diagnostics.test_strategy_runs" name="test_production_strategy_run_routes_decisions_through_subprocess_host" time="3.285" /><testcase classname="tests.strategy_diagnostics.test_strategy_runs" name="test_strategy_configuration_calls_are_the_requested_assumption_source" time="0.003" /><testcase classname="tests.strategy_diagnostics.test_strategy_runs" name="test_engine_rejects_host_orders_outside_current_eligible_universe" time="0.005" /><testcase classname="tests.strategy_diagnostics.test_strategy_runs" name="test_host_adapter_is_pinned_in_run_identity_and_cannot_switch_mid_run" time="0.003" /><testcase classname="tests.strategy_diagnostics.test_strategy_runs" name="test_cash_check_includes_policy_fees_and_records_rejection_evidence" time="0.010" /><testcase classname="tests.strategy_diagnostics.test_strategy_runs" name="test_activation_uses_point_in_time_suspension_state" time="0.010" /><testcase classname="tests.strategy_diagnostics.test_strategy_runs" name="test_suspension_rejects_even_when_the_activation_node_has_no_trade" time="0.010" /><testcase classname="tests.strategy_diagnostics.test_strategy_runs" name="test_activation_fails_closed_without_price_limit_reference" time="0.010" /><testcase classname="tests.strategy_diagnostics.test_strategy_runs" name="test_execution_stress_applies_latency_slippage_and_private_partial_fill" time="0.033" /><testcase classname="tests.strategy_diagnostics.test_strategy_runs" name="test_fill_cap_rejects_when_partial_fills_are_disabled" time="0.011" /><testcase classname="tests.strategy_diagnostics.test_strategy_runs" name="test_fill_cap_cannot_repair_an_invalid_buy_board_lot" time="0.010" /><testcase classname="tests.strategy_diagnostics.test_strategy_runs" name="test_latency_beyond_reference_path_fails_with_auditable_reason" time="0.004" /><testcase classname="tests.strategy_diagnostics.test_strategy_runs" name="test_scenario_rejection_is_deterministic_and_private" time="0.010" /><testcase classname="tests.strategy_diagnostics.test_strategy_runs" name="test_execution_stress_path_identity_fails_closed" time="0.001" /><testcase classname="tests.strategy_diagnostics.test_strategy_runs" name="test_strategy_run_rejects_an_unregistered_non_execution_transformation" time="0.001" /><testcase classname="tests.strategy_diagnostics.test_strategy_runs" name="test_hourly_decisions_are_independent_of_wall_time_batch_size" time="0.030" /><testcase classname="tests.strategy_diagnostics.test_strategy_runs" name="test_orders_change_only_the_private_portfolio_not_the_reference_path" time="0.019" /><testcase classname="tests.strategy_diagnostics.test_strategy_runs" name="test_pause_resume_matches_an_uninterrupted_run_at_node_boundaries" time="0.024" /><testcase classname="tests.strategy_diagnostics.test_strategy_runs" name="test_cancel_stops_a_run_at_the_last_completed_node_boundary" time="0.003" /><testcase classname="tests.strategy_diagnostics.test_strategy_runs" name="test_missing_candidate_rank_fails_closed_at_the_last_node_boundary" time="0.004" /><testcase classname="tests.strategy_diagnostics.test_strategy_runs" name="test_paused_run_and_private_facts_survive_repository_restart" time="0.075" /><testcase classname="tests.strategy_diagnostics.test_strategy_runs" name="test_failed_run_evidence_survives_repository_restart" time="0.023" /><testcase classname="tests.strategy_diagnostics.test_strategy_runs" name="test_pre_execution_profile_paused_run_is_read_only_after_upgrade" time="0.015" /><testcase classname="tests.strategy_diagnostics.test_v1_acceptance" name="test_complete_v1_facts_produce_a_canonical_passing_report" time="0.002" /><testcase classname="tests.strategy_diagnostics.test_v1_acceptance" name="test_report_identity_changes_with_the_accepted_artifact_subject" time="0.003" /><testcase classname="tests.strategy_diagnostics.test_v1_acceptance" name="test_missing_transformation_family_fails_only_the_profile_check" time="0.001" /><testcase classname="tests.strategy_diagnostics.test_v1_acceptance" name="test_present_excluded_capability_fails_the_release_boundary" time="0.001" /><testcase classname="tests.strategy_diagnostics.test_v1_acceptance" name="test_incomplete_surface_inventory_cannot_claim_exclusions_absent" time="0.000" /><testcase classname="tests.strategy_diagnostics.test_v1_acceptance" name="test_unclassified_public_command_makes_surface_incomplete" time="0.001" /><testcase classname="tests.strategy_diagnostics.test_v1_acceptance" name="test_wave_2_diagnostic_commands_are_classified_without_becoming_v1_required" time="0.000" /><testcase classname="tests.strategy_diagnostics.test_v1_acceptance" name="test_one_observed_cadence_cannot_claim_30_and_60_minute_support" time="0.000" /><testcase classname="tests.strategy_diagnostics.test_v1_acceptance" name="test_no_observed_order_cannot_claim_next_node_activation" time="0.000" /><testcase classname="tests.strategy_diagnostics.test_v1_acceptance" name="test_next_node_fact_requires_nonempty_well_formed_accepted_orders" time="0.000" /><testcase classname="tests.strategy_diagnostics.test_v1_acceptance" name="test_ai_explanation_with_execution_authority_is_an_excluded_capability" time="0.001" /></testsuite></testsuites>