<?xml version="1.0" encoding="utf-8"?><testsuites name="pytest tests"><testsuite name="pytest" errors="0" failures="0" skipped="0" tests="18" time="31.698" timestamp="2026-08-03T19:54:00.993360+08:00" hostname="Mango"><properties><property name="frontend_v2_source_commit" value="f3e7c2a45bb32b512bb9ce045208dc508b0851bc" /><property name="frontend_v2_toolchain_lock_sha256" value="sha256:f53b1b7245e48a33420ee7a2657c7d7bedc35a61cefbe0fc86ce0a1232bfaf1f" /></properties><testcase classname="tests.frontend.integration.test_accessible_journey" name="test_narrator_sees_named_state_progress_commands_and_no_trading_actions" time="0.265" /><testcase classname="tests.frontend.integration.test_accessible_journey" name="test_keyboard_route_actions_restore_meaningful_visible_focus_immediately" time="0.065" /><testcase classname="tests.frontend.integration.test_accessible_journey" name="test_evidence_semantics_keep_chart_narrative_and_table_on_one_revision" time="0.140" /><testcase classname="tests.frontend.integration.test_accessible_journey" name="test_state_changes_remain_distinguishable_and_repair_focus_without_color" time="0.085" /><testcase classname="tests.frontend.integration.test_accessible_journey" name="test_remount_reestablishes_meaningful_keyboard_focus_without_state_mutation" time="0.132" /><testcase classname="tests.frontend.integration.test_accessible_journey" name="test_200_percent_text_scale_scrolls_focused_content_and_reduces_motion" time="0.089" /><testcase classname="tests.frontend.integration.test_accessible_journey" name="test_shared_default_and_high_contrast_tokens_meet_wcag_aa_ratios[None]" time="0.070" /><testcase classname="tests.frontend.integration.test_accessible_journey" name="test_shared_default_and_high_contrast_tokens_meet_wcag_aa_ratios[preferences1]" time="0.067" /><testcase classname="tests.frontend.integration.test_accessible_journey_renderer_lanes" name="test_accessible_journey_renders_at_200_percent_in_supported_lanes[software-Software]" time="1.387" /><testcase classname="tests.frontend.integration.test_accessible_journey_renderer_lanes" name="test_accessible_journey_renders_at_200_percent_in_supported_lanes[hardware-Direct3D11]" time="1.836" /><testcase classname="tests.frontend.integration.test_live_run_to_evidence_journey" name="test_file_backed_formal_campaign_reopens_and_traces_exact_ids_through_qml" time="16.882" /><testcase classname="tests.frontend.integration.test_release_evidence_identity" name="test_release_evidence_records_verified_source_and_toolchain" time="0.074" /><testcase classname="tests.frontend.integration.test_diagnostic_tasks_workspace_route" name="test_available_diagnostic_evidence_hands_exact_ids_to_evidence_route" time="0.424" /><testcase classname="tests.frontend.integration.test_diagnostic_tasks_workspace_route" name="test_live_qml_tracer_recovers_retries_and_reopens_exact_evidence" time="7.947" /><testcase classname="tests.frontend.integration.test_diagnostic_tasks_workspace_route" name="test_diagnostic_route_restores_visible_focus_after_navigation_and_recovery" time="0.450" /><testcase classname="tests.frontend.integration.test_diagnostic_tasks_workspace_route" name="test_keyboard_completes_three_route_journey_with_narrator_identity_summary" time="0.429" /><testcase classname="tests.frontend.integration.test_diagnostic_tasks_workspace_route" name="test_revision_conflict_announces_authoritative_reread_and_invalid_approval" time="0.408" /><testcase classname="tests.frontend.integration.test_diagnostic_tasks_workspace_route" name="test_failed_node_retry_is_keyboard_accessible_and_exposes_attempt_lineage" time="0.333" /></testsuite></testsuites>