<?xml version="1.0" encoding="utf-8"?><testsuites name="pytest tests"><testsuite name="pytest" errors="0" failures="0" skipped="0" tests="103" time="90.286" timestamp="2026-08-06T02:20:07.013159+08:00" hostname="Mango"><properties><property name="frontend_v2_source_commit" value="19e8bf0befdc4819dbb183c1fc38be26ebef955f" /><property name="frontend_v2_toolchain_lock_sha256" value="sha256:f53b1b7245e48a33420ee7a2657c7d7bedc35a61cefbe0fc86ce0a1232bfaf1f" /></properties><testcase classname="tests.frontend.integration.test_accessible_journey" name="test_narrator_sees_named_state_progress_commands_and_no_trading_actions" time="0.208" /><testcase classname="tests.frontend.integration.test_accessible_journey" name="test_five_route_journey_is_keyboard_operable_and_narrator_named" time="0.222" /><testcase classname="tests.frontend.integration.test_accessible_journey" name="test_run_monitoring_initial_focus_seam_matches_runtime_fallback[terminal]" time="0.054" /><testcase classname="tests.frontend.integration.test_accessible_journey" name="test_run_monitoring_initial_focus_seam_matches_runtime_fallback[no_selection]" time="0.052" /><testcase classname="tests.frontend.integration.test_accessible_journey" name="test_setup_comparisons_expose_revision_synchronized_narrative_alternatives" time="0.148" /><testcase classname="tests.frontend.integration.test_accessible_journey" name="test_keyboard_route_actions_restore_meaningful_visible_focus_immediately" time="0.101" /><testcase classname="tests.frontend.integration.test_accessible_journey" name="test_evidence_semantics_keep_chart_narrative_and_table_on_one_revision" time="0.295" /><testcase classname="tests.frontend.integration.test_accessible_journey" name="test_state_changes_remain_distinguishable_and_repair_focus_without_color" time="0.114" /><testcase classname="tests.frontend.integration.test_accessible_journey" name="test_remount_reestablishes_meaningful_keyboard_focus_without_state_mutation" time="0.182" /><testcase classname="tests.frontend.integration.test_accessible_journey" name="test_200_percent_text_scale_scrolls_focused_content_and_reduces_motion" time="0.187" /><testcase classname="tests.frontend.integration.test_accessible_journey" name="test_shared_default_and_high_contrast_tokens_meet_wcag_aa_ratios[None]" time="0.058" /><testcase classname="tests.frontend.integration.test_accessible_journey" name="test_shared_default_and_high_contrast_tokens_meet_wcag_aa_ratios[preferences1]" time="0.057" /><testcase classname="tests.frontend.integration.test_accessible_journey_renderer_lanes" name="test_accessible_journey_renders_at_200_percent_in_supported_lanes[software-Software]" time="1.645" /><testcase classname="tests.frontend.integration.test_accessible_journey_renderer_lanes" name="test_accessible_journey_renders_at_200_percent_in_supported_lanes[hardware-Direct3D11]" time="1.819" /><testcase classname="tests.frontend.integration.test_account_panel_adapter_bridge" name="test_account_panel_adapter_exposes_logic_bridge_methods_headless" time="0.089" /><testcase classname="tests.frontend.integration.test_agent_status_refresh" name="test_event_refresh_under_500ms" time="0.029" /><testcase classname="tests.frontend.integration.test_agent_status_refresh" name="test_polling_refresh_without_events_via_fake_loop" time="0.108" /><testcase classname="tests.frontend.integration.test_agents_flow" name="test_agents_flow_integration" time="0.125" /><testcase classname="tests.frontend.integration.test_batch_create_agents" name="test_batch_create_events_drive_adapter_refresh_and_label_updates" time="0.212" /><testcase classname="tests.frontend.integration.test_batch_create_agents" name="test_cancel_batch_stops_progress_and_adapter_keeps_stable" time="0.319" /><testcase classname="tests.frontend.integration.test_diagnostic_setup_workspace_route" name="test_diagnostic_tasks_adapter_gates_and_uses_exact_upstream_selection" time="0.005" /><testcase classname="tests.frontend.integration.test_diagnostic_setup_workspace_route" name="test_qml_exposes_exact_setup_identity_and_accessible_handoff" time="0.001" /><testcase classname="tests.frontend.integration.test_diagnostic_tasks_workspace_route" name="test_available_diagnostic_evidence_hands_exact_ids_to_evidence_route" time="0.463" /><testcase classname="tests.frontend.integration.test_diagnostic_tasks_workspace_route" name="test_reopen_rereads_task_handoffs_without_overriding_last_route" time="0.457" /><testcase classname="tests.frontend.integration.test_diagnostic_tasks_workspace_route" name="test_real_persisted_evidence_handoff_resolves_in_qml_without_id_remap" time="5.407" /><testcase classname="tests.frontend.integration.test_diagnostic_tasks_workspace_route" name="test_diagnostic_route_restores_visible_focus_after_navigation_and_recovery" time="0.581" /><testcase classname="tests.frontend.integration.test_diagnostic_tasks_workspace_route" name="test_keyboard_completes_five_route_journey_with_narrator_identity_summary" time="5.726" /><testcase classname="tests.frontend.integration.test_diagnostic_tasks_workspace_route" name="test_revision_conflict_announces_authoritative_reread_and_invalid_approval" time="0.454" /><testcase classname="tests.frontend.integration.test_diagnostic_tasks_workspace_route" name="test_failed_node_retry_is_keyboard_accessible_and_exposes_attempt_lineage" time="0.437" /><testcase classname="tests.frontend.integration.test_diagnostic_tasks_workspace_route" name="test_real_diagnostic_tasks_route_renders_loading_before_first_delivery" time="0.068" /><testcase classname="tests.frontend.integration.test_diagnostic_tasks_workspace_route" name="test_real_diagnostic_tasks_route_renders_each_terminal_inventory_state[empty-No authoritative inputs are registered]" time="0.069" /><testcase classname="tests.frontend.integration.test_diagnostic_tasks_workspace_route" name="test_real_diagnostic_tasks_route_renders_each_terminal_inventory_state[input_unavailable-Required authoritative inputs are unavailable]" time="0.066" /><testcase classname="tests.frontend.integration.test_diagnostic_tasks_workspace_route" name="test_real_diagnostic_tasks_route_renders_each_terminal_inventory_state[ready-Authoritative inputs are ready]" time="0.065" /><testcase classname="tests.frontend.integration.test_diagnostic_tasks_workspace_route" name="test_real_diagnostic_tasks_route_renders_each_terminal_inventory_state[degraded-Showing last reliable authoritative inputs]" time="0.068" /><testcase classname="tests.frontend.integration.test_diagnostic_tasks_workspace_route" name="test_real_diagnostic_tasks_route_renders_each_terminal_inventory_state[failed-Authoritative input read failed]" time="0.066" /><testcase classname="tests.frontend.integration.test_diagnostic_tasks_workspace_route" name="test_diagnostic_tasks_is_the_active_typed_qml_workspace_route" time="0.072" /><testcase classname="tests.frontend.integration.test_diagnostic_tasks_workspace_route" name="test_workspace_route_exit_disposes_subscription_and_remounts_page" time="0.076" /><testcase classname="tests.frontend.integration.test_diagnostic_tasks_workspace_route" name="test_qml_create_persists_task_handle_across_remount_and_application_reopen" time="0.293" /><testcase classname="tests.frontend.integration.test_diagnostic_tasks_workspace_route" name="test_qml_corrects_validates_and_approves_exact_persisted_revision" time="0.405" /><testcase classname="tests.frontend.integration.test_diagnostic_tasks_workspace_route" name="test_qml_starts_approved_campaign_and_hands_real_run_to_monitoring" time="1.862" /><testcase classname="tests.frontend.integration.test_event_flow" name="test_event_flow_integration" time="0.386" /><testcase classname="tests.frontend.integration.test_evidence_and_findings_route" name="test_evidence_route_renders_pinned_multidimensional_research_evidence" time="0.174" /><testcase classname="tests.frontend.integration.test_evidence_and_findings_route" name="test_local_evidence_exploration_never_mutates_the_feature" time="0.102" /><testcase classname="tests.frontend.integration.test_evidence_and_findings_route" name="test_route_observes_honest_scripted_states_and_exposes_local_controls" time="0.130" /><testcase classname="tests.frontend.integration.test_evidence_and_findings_route" name="test_route_candidate_and_finding_controls_follow_typed_fake_data" time="0.166" /><testcase classname="tests.frontend.integration.test_evidence_chart_renderer_lanes" name="test_production_chart_renders_deterministically_in_supported_lanes[software-Software]" time="0.308" /><testcase classname="tests.frontend.integration.test_evidence_chart_renderer_lanes" name="test_production_chart_renders_deterministically_in_supported_lanes[hardware-Direct3D11]" time="0.558" /><testcase classname="tests.frontend.integration.test_evidence_chart_route" name="test_qml_route_mounts_production_chart_with_one_synchronized_revision" time="0.073" /><testcase classname="tests.frontend.integration.test_evidence_chart_route" name="test_research_selections_update_chart_narrative_and_table_without_mutation" time="0.388" /><testcase classname="tests.frontend.integration.test_frontend_entry" name="test_frontend_entry_headless" time="0.003" /><testcase classname="tests.frontend.integration.test_frontend_entry" name="test_frontend_entry_check_db_exits_without_starting_frontend" time="0.001" /><testcase classname="tests.frontend.integration.test_frontend_entry" name="test_frontend_entry_check_db_can_require_postgres" time="0.001" /><testcase classname="tests.frontend.integration.test_frontend_entry" name="test_frontend_entry_gui_start_fails_fast_on_db_check" time="0.001" /><testcase classname="tests.frontend.integration.test_frontend_entry" name="test_frontend_entry_can_skip_startup_db_check" time="0.002" /><testcase classname="tests.frontend.integration.test_frontend_trading_closed_loop" name="test_frontend_trading_closed_loop_market_order_account_orders" time="33.320" /><testcase classname="tests.frontend.integration.test_i18n_accessibility_bridge" name="test_i18n_language_switch_and_callbacks_bridge" time="0.003" /><testcase classname="tests.frontend.integration.test_i18n_accessibility_bridge" name="test_shortcut_manager_cycle_bridge" time="0.001" /><testcase classname="tests.frontend.integration.test_journey_workspace_route" name="test_route_flag_mounts_one_centralized_qml_workspace_with_loading_state" time="0.205" /><testcase classname="tests.frontend.integration.test_journey_workspace_route" name="test_product_reopen_restores_route_focus_and_task_identity_from_app_context" time="0.347" /><testcase classname="tests.frontend.integration.test_journey_workspace_route" name="test_workspace_exposes_every_approved_shared_token_family" time="0.205" /><testcase classname="tests.frontend.integration.test_journey_workspace_route" name="test_gui_entry_composes_qml_route_from_app_context_without_legacy_preload" time="0.207" /><testcase classname="tests.frontend.integration.test_journey_workspace_route" name="test_fake_feature_advances_qml_to_explicit_no_run_selected_empty_state" time="0.203" /><testcase classname="tests.frontend.integration.test_journey_workspace_route" name="test_fake_feature_renders_an_honest_disconnected_state" time="0.186" /><testcase classname="tests.frontend.integration.test_journey_workspace_route" name="test_existing_run_renders_live_diagnostic_identity_progress_and_commands" time="0.192" /><testcase classname="tests.frontend.integration.test_journey_workspace_route" name="test_diagnostic_command_feedback_does_not_overlap_the_button_row" time="0.187" /><testcase classname="tests.frontend.integration.test_journey_workspace_route" name="test_route_unmount_does_not_change_diagnostic_task_and_remount_sees_state" time="0.229" /><testcase classname="tests.frontend.integration.test_journey_workspace_route" name="test_route_remount_rediscovers_the_existing_task_handle" time="0.249" /><testcase classname="tests.frontend.integration.test_journey_workspace_route" name="test_route_flag_off_preserves_the_legacy_widgets_workspace" time="0.154" /><testcase classname="tests.frontend.integration.test_journey_workspace_route" name="test_release_close_mount_quiesces_real_qml_route_before_shutdown" time="0.212" /><testcase classname="tests.frontend.integration.test_live_run_to_evidence_journey" name="test_file_backed_formal_campaign_reopens_and_traces_exact_ids_through_qml" time="17.945" /><testcase classname="tests.frontend.integration.test_live_run_to_evidence_journey" name="test_real_persisted_run_advances_running_to_completed_at_feature_seam" time="0.520" /><testcase classname="tests.frontend.integration.test_market_trade_entry" name="test_market_adapter_headless_trade_entry_uses_selected_symbol" time="0.059" /><testcase classname="tests.frontend.integration.test_orders_panel_wiring" name="test_orders_panel_adapter_headless_flow" time="0.249" /><testcase classname="tests.frontend.integration.test_orders_panel_wiring" name="test_market_adapter_trade_pass_through" time="0.079" /><testcase classname="tests.frontend.integration.test_orders_panel_wiring" name="test_orders_panel_loads_persisted_history_on_first_view" time="0.000" /><testcase classname="tests.frontend.integration.test_release_evidence_identity" name="test_release_evidence_records_verified_source_and_toolchain" time="0.056" /><testcase classname="tests.frontend.integration.test_scenario_lab_workspace_route" name="test_scenario_lab_qml_authoring_controls_bind_only_typed_exact_identities" time="0.159" /><testcase classname="tests.frontend.integration.test_scenario_lab_workspace_route" name="test_production_workspace_browses_scenario_lab_read_tracer" time="0.247" /><testcase classname="tests.frontend.integration.test_scenario_lab_workspace_route" name="test_production_workspace_authors_materializes_and_remounts_exact_recipes" time="0.339" /><testcase classname="tests.frontend.integration.test_scenario_lab_workspace_route" name="test_production_workspace_exposes_only_configured_audited_ai_authoring[False]" time="0.222" /><testcase classname="tests.frontend.integration.test_scenario_lab_workspace_route" name="test_production_workspace_exposes_only_configured_audited_ai_authoring[True]" time="0.222" /><testcase classname="tests.frontend.integration.test_scenario_lab_workspace_route" name="test_scenario_lab_route_restores_meaningful_keyboard_focus" time="0.244" /><testcase classname="tests.frontend.integration.test_scenario_lab_workspace_route" name="test_workspace_persists_and_restores_typed_route_focus_and_task_bookmark" time="0.262" /><testcase classname="tests.frontend.integration.test_scenario_lab_workspace_route" name="test_real_backend_inventory_traces_through_live_feature_into_qml" time="0.224" /><testcase classname="tests.frontend.integration.test_scenario_lab_workspace_route" name="test_production_qml_composes_resolves_and_selects_formal_scenario_context" time="3.519" /><testcase classname="tests.frontend.integration.test_scenario_lab_workspace_route" name="test_live_application_fails_closed_when_path_preview_integrity_fails" time="0.135" /><testcase classname="tests.frontend.integration.test_scenario_lab_workspace_route" name="test_live_application_maps_backend_owned_compatibility_and_reproducibility" time="0.130" /><testcase classname="tests.frontend.integration.test_scenario_lab_workspace_route" name="test_live_application_fails_closed_on_misaligned_assessment_identity[path]" time="0.129" /><testcase classname="tests.frontend.integration.test_scenario_lab_workspace_route" name="test_live_application_fails_closed_on_misaligned_assessment_identity[case]" time="0.121" /><testcase classname="tests.frontend.integration.test_scenario_lab_workspace_route" name="test_nonbaseline_case_maps_exact_baseline_identity_across_recipe_versions" time="0.129" /><testcase classname="tests.frontend.integration.test_strategy_library_workspace_route" name="test_production_workspace_browses_and_searches_strategy_library" time="0.183" /><testcase classname="tests.frontend.integration.test_strategy_library_workspace_route" name="test_strategy_library_route_contains_no_trading_or_admin_actions" time="0.191" /><testcase classname="tests.frontend.integration.test_strategy_library_workspace_route" name="test_main_window_starts_frontend_v2_at_strategy_library_when_available" time="0.195" /><testcase classname="tests.frontend.integration.test_strategy_library_workspace_route" name="test_live_strategy_library_traces_public_inventory_into_qml" time="0.188" /><testcase classname="tests.frontend.integration.test_strategy_library_workspace_route" name="test_strategy_library_inspection_shows_complete_compatibility_and_guardrails" time="0.180" /><testcase classname="tests.frontend.integration.test_strategy_library_workspace_route" name="test_strategy_library_route_restores_meaningful_keyboard_focus" time="0.195" /><testcase classname="tests.frontend.integration.test_strategy_library_workspace_route" name="test_strategy_library_compares_dimensions_and_selects_exact_formal_set" time="0.220" /><testcase classname="tests.frontend.integration.test_strategy_library_workspace_route" name="test_strategy_selection_survives_qml_host_remount_without_floating" time="0.243" /><testcase classname="tests.frontend.e2e.test_create_instrument_and_batch_agents" name="test_core_user_journey_e2e" time="0.313" /><testcase classname="tests.frontend.e2e.test_full_journey" name="test_full_journey_e2e" time="0.503" /><testcase classname="tests.frontend.e2e.test_full_journey_v2" name="test_full_journey_v2" time="0.514" /><testcase classname="tests.frontend.e2e.test_i18n_accessibility" name="test_i18n_language_switch_and_callbacks" time="0.003" /><testcase classname="tests.frontend.e2e.test_i18n_accessibility" name="test_shortcut_manager_cycle" time="0.001" /></testsuite></testsuites>