<?xml version="1.0" encoding="utf-8"?><testsuites name="pytest tests"><testsuite name="pytest" errors="0" failures="0" skipped="0" tests="30" time="14.669" timestamp="2026-08-06T10:01:35.397556+08:00" hostname="Mango"><testcase classname="tests.frontend.safety.test_no_manual_trading_release_gate" name="test_current_wave1_slice_passes_every_mandatory_safety_surface" time="3.626" /><testcase classname="tests.frontend.safety.test_no_manual_trading_release_gate" name="test_gate_refuses_to_mix_a_target_tree_with_imports_from_another_tree" time="0.004" /><testcase classname="tests.frontend.safety.test_no_manual_trading_release_gate" name="test_public_feature_reflection_is_exact_and_generic_dispatch_is_rejected" time="0.000" /><testcase classname="tests.frontend.safety.test_no_manual_trading_release_gate" name="test_every_live_and_fake_adapter_denies_manual_runtime_members" time="0.000" /><testcase classname="tests.frontend.safety.test_no_manual_trading_release_gate" name="test_diagnostic_task_cancel_has_a_distinct_typed_identity" time="0.000" /><testcase classname="tests.frontend.safety.test_no_manual_trading_release_gate" name="test_market_account_position_order_and_fill_context_is_immutable" time="0.000" /><testcase classname="tests.frontend.safety.test_no_manual_trading_release_gate" name="test_qml_gate_allows_diagnostic_cancel_and_rejects_transaction_actions" time="0.000" /><testcase classname="tests.frontend.safety.test_no_manual_trading_release_gate" name="test_python_gate_rejects_direct_dynamic_and_camel_case_order_dispatch" time="0.000" /><testcase classname="tests.frontend.safety.test_no_manual_trading_release_gate" name="test_python_import_gate_rejects_backend_transaction_dependencies" time="0.000" /><testcase classname="tests.frontend.safety.test_no_manual_trading_release_gate" name="test_python_import_gate_allows_only_the_named_app_context_entry" time="0.000" /><testcase classname="tests.frontend.safety.test_no_manual_trading_release_gate" name="test_python_import_gate_rejects_each_dynamic_loader_independently[from importlib import import_module as load\nload('services.order_service')\n-dynamic import loader 'importlib']" time="0.000" /><testcase classname="tests.frontend.safety.test_no_manual_trading_release_gate" name="test_python_import_gate_rejects_each_dynamic_loader_independently[loader = __import__\nloader('stock_sim.persistence.models_order')\n-dynamic import loader '__import__']" time="0.000" /><testcase classname="tests.frontend.safety.test_no_manual_trading_release_gate" name="test_python_import_gate_rejects_each_dynamic_loader_independently[loader = getattr(__builtins__, '__import__')\nloader('services.order_service')\n-dynamic import reflection '__import__']" time="0.000" /><testcase classname="tests.frontend.safety.test_no_manual_trading_release_gate" name="test_python_import_gate_rejects_each_dynamic_loader_independently[exec('from services.order_service import OrderService')\n-dynamic execution 'exec']" time="0.000" /><testcase classname="tests.frontend.safety.test_no_manual_trading_release_gate" name="test_python_import_gate_rejects_each_dynamic_loader_independently[runner = __builtins__.exec\nrunner('from services.order_service import OrderService')\n-dynamic execution '__builtins__.exec']" time="0.000" /><testcase classname="tests.frontend.safety.test_no_manual_trading_release_gate" name="test_runtime_junit_sentinel_counts_only_executed_passing_cases" time="0.004" /><testcase classname="tests.frontend.safety.test_no_manual_trading_release_gate" name="test_qml_inventory_recurses_into_every_packaged_component" time="0.004" /><testcase classname="tests.frontend.safety.test_no_manual_trading_release_gate" name="test_runtime_gateway_gate_rejects_alias_and_helper_delegation" time="0.000" /><testcase classname="tests.frontend.safety.test_no_manual_trading_release_gate" name="test_packaging_surface_audit_delegates_to_the_mandatory_gate" time="1.113" /><testcase classname="tests.frontend.safety.test_no_manual_trading_release_gate" name="test_release_gate_has_a_source_tree_module_cli" time="1.052" /><testcase classname="tests.frontend.safety.test_no_manual_trading_release_gate" name="test_release_gate_cannot_be_switched_to_collect_only_by_environment" time="4.225" /><testcase classname="tests.frontend.safety.test_no_manual_trading_release_gate" name="test_safety_failure_blocks_release_before_any_package_build" time="1.017" /><testcase classname="tests.frontend.safety.test_no_manual_trading_release_gate" name="test_clean_room_certification_rejects_missing_or_failed_safety_evidence" time="0.004" /><testcase classname="tests.frontend.safety.test_no_manual_trading_release_gate" name="test_clean_room_certification_rejects_fabricated_source_digest" time="2.014" /><testcase classname="tests.frontend.safety.test_no_manual_trading_release_gate" name="test_future_manual_trading_is_denied_by_default_in_product_policy" time="0.000" /><testcase classname="tests.frontend.safety.test_no_manual_trading_runtime_gate" name="test_qml_object_tree_navigation_and_runtime_surface_are_safe[deterministic_fake]" time="0.482" /><testcase classname="tests.frontend.safety.test_no_manual_trading_runtime_gate" name="test_qml_object_tree_navigation_and_runtime_surface_are_safe[live]" time="0.227" /><testcase classname="tests.frontend.safety.test_no_manual_trading_runtime_gate" name="test_order_and_fill_evidence_renders_only_as_non_editable_context[deterministic_fake]" time="0.160" /><testcase classname="tests.frontend.safety.test_no_manual_trading_runtime_gate" name="test_order_and_fill_evidence_renders_only_as_non_editable_context[live]" time="0.136" /><testcase classname="tests.frontend.safety.test_no_manual_trading_runtime_gate" name="test_live_cancel_diagnostic_task_cannot_reach_order_cancellation" time="0.066" /></testsuite></testsuites>