<?xml version="1.0" encoding="utf-8"?><testsuites name="pytest tests"><testsuite name="pytest" errors="0" failures="0" skipped="0" tests="213" time="9.180" timestamp="2026-08-06T12:20:46.263656+08:00" hostname="Mango"><testcase classname="tests.frontend.contract.test_diagnostic_tasks_feature_contract" name="test_diagnostic_tasks_feature_activates_the_exact_versioned_operation_surface" time="0.001" /><testcase classname="tests.frontend.contract.test_diagnostic_tasks_feature_contract" name="test_diagnostic_tasks_1_0_freezes_complete_state_and_result_shapes" time="0.000" /><testcase classname="tests.frontend.contract.test_diagnostic_tasks_feature_contract" name="test_existing_target_commands_freeze_expected_revision_and_nominal_targets" time="0.000" /><testcase classname="tests.frontend.contract.test_diagnostic_tasks_feature_contract" name="test_configuration_cases_and_handoff_keep_all_authoritative_identities_linked" time="0.000" /><testcase classname="tests.frontend.contract.test_diagnostic_tasks_feature_contract" name="test_validation_findings_freeze_typed_safe_remediation_metadata" time="0.000" /><testcase classname="tests.frontend.contract.test_diagnostic_tasks_feature_contract" name="test_handoff_rejects_broken_attempt_and_selected_case_identity_graphs" time="0.000" /><testcase classname="tests.frontend.contract.test_strategy_library_feature_contract" name="test_strategy_library_1_0_activates_its_complete_operation_surface" time="0.000" /><testcase classname="tests.frontend.contract.test_strategy_library_feature_contract" name="test_strategy_library_1_0_freezes_complete_typed_state_shapes" time="0.010" /><testcase classname="tests.frontend.contract.test_strategy_library_feature_contract" name="test_strategy_library_context_rejects_duplicate_capability_filters" time="0.000" /><testcase classname="tests.frontend.contract.test_strategy_library_feature_contract" name="test_strategy_library_surface_contains_no_admin_trading_or_dispatch_action" time="0.000" /><testcase classname="tests.frontend.contract.test_strategy_library_application_live_contract" name="test_strategy_library_application_1_0_is_a_separate_exact_surface" time="0.000" /><testcase classname="tests.frontend.contract.test_strategy_library_application_live_contract" name="test_live_application_adapter_reads_the_public_backend_inventory" time="0.008" /><testcase classname="tests.frontend.contract.test_strategy_library_application_live_contract" name="test_live_application_adapter_does_not_discover_strategy_sources" time="0.004" /><testcase classname="tests.frontend.contract.test_strategy_library_application_live_contract" name="test_live_application_validates_the_exact_backend_declared_formal_set" time="0.011" /><testcase classname="tests.frontend.contract.test_strategy_library_application_live_contract" name="test_live_application_rejects_conflict_duplicate_and_guardrail_mismatch" time="0.016" /><testcase classname="tests.frontend.contract.test_strategy_library_live_fake_conformance" name="test_live_and_fake_compare_and_select_exact_formal_strategy_set[_live_feature]" time="0.012" /><testcase classname="tests.frontend.contract.test_strategy_library_live_fake_conformance" name="test_live_and_fake_compare_and_select_exact_formal_strategy_set[_fake_feature]" time="0.010" /><testcase classname="tests.frontend.contract.test_strategy_library_live_fake_conformance" name="test_invalid_selection_does_not_mutate_current_selection_or_revision[duplicate-_live_feature]" time="0.012" /><testcase classname="tests.frontend.contract.test_strategy_library_live_fake_conformance" name="test_invalid_selection_does_not_mutate_current_selection_or_revision[duplicate-_fake_feature]" time="0.006" /><testcase classname="tests.frontend.contract.test_strategy_library_live_fake_conformance" name="test_invalid_selection_does_not_mutate_current_selection_or_revision[unknown-_live_feature]" time="0.011" /><testcase classname="tests.frontend.contract.test_strategy_library_live_fake_conformance" name="test_invalid_selection_does_not_mutate_current_selection_or_revision[unknown-_fake_feature]" time="0.006" /><testcase classname="tests.frontend.contract.test_strategy_library_live_fake_conformance" name="test_invalid_selection_does_not_mutate_current_selection_or_revision[guardrail-_live_feature]" time="0.010" /><testcase classname="tests.frontend.contract.test_strategy_library_live_fake_conformance" name="test_invalid_selection_does_not_mutate_current_selection_or_revision[guardrail-_fake_feature]" time="0.006" /><testcase classname="tests.frontend.contract.test_strategy_library_live_fake_conformance" name="test_unavailable_formal_set_rejection_does_not_mutate_view[_live_inventory_feature]" time="0.011" /><testcase classname="tests.frontend.contract.test_strategy_library_live_fake_conformance" name="test_unavailable_formal_set_rejection_does_not_mutate_view[_fake_inventory_feature]" time="0.005" /><testcase classname="tests.frontend.contract.test_strategy_library_live_fake_conformance" name="test_selection_rejects_old_generation_and_view_revision[_live_feature]" time="0.006" /><testcase classname="tests.frontend.contract.test_strategy_library_live_fake_conformance" name="test_selection_rejects_old_generation_and_view_revision[_fake_feature]" time="0.005" /><testcase classname="tests.frontend.contract.test_strategy_library_live_fake_conformance" name="test_selection_validation_disconnect_cannot_publish_current" time="0.006" /><testcase classname="tests.frontend.contract.test_strategy_library_live_fake_conformance" name="test_repeating_the_same_selection_is_deterministic_without_revision_noise[_live_feature]" time="0.010" /><testcase classname="tests.frontend.contract.test_strategy_library_live_fake_conformance" name="test_repeating_the_same_selection_is_deterministic_without_revision_noise[_fake_feature]" time="0.006" /><testcase classname="tests.frontend.contract.test_strategy_library_live_fake_conformance" name="test_bookmark_reopen_rereads_stable_identities_under_new_generation[_live_feature]" time="0.014" /><testcase classname="tests.frontend.contract.test_strategy_library_live_fake_conformance" name="test_bookmark_reopen_rereads_stable_identities_under_new_generation[_fake_feature]" time="0.011" /><testcase classname="tests.frontend.contract.test_strategy_library_live_fake_conformance" name="test_bookmark_validation_runs_outside_adapter_lock" time="0.007" /><testcase classname="tests.frontend.contract.test_strategy_library_live_fake_conformance" name="test_bookmark_reopen_never_floats_exact_authoritative_identity[_live_inventory_feature-version]" time="0.017" /><testcase classname="tests.frontend.contract.test_strategy_library_live_fake_conformance" name="test_bookmark_reopen_never_floats_exact_authoritative_identity[_live_inventory_feature-manifest]" time="0.016" /><testcase classname="tests.frontend.contract.test_strategy_library_live_fake_conformance" name="test_bookmark_reopen_never_floats_exact_authoritative_identity[_live_inventory_feature-guardrail]" time="0.016" /><testcase classname="tests.frontend.contract.test_strategy_library_live_fake_conformance" name="test_bookmark_reopen_never_floats_exact_authoritative_identity[_live_inventory_feature-dependency]" time="0.016" /><testcase classname="tests.frontend.contract.test_strategy_library_live_fake_conformance" name="test_bookmark_reopen_never_floats_exact_authoritative_identity[_fake_inventory_feature-version]" time="0.006" /><testcase classname="tests.frontend.contract.test_strategy_library_live_fake_conformance" name="test_bookmark_reopen_never_floats_exact_authoritative_identity[_fake_inventory_feature-manifest]" time="0.006" /><testcase classname="tests.frontend.contract.test_strategy_library_live_fake_conformance" name="test_bookmark_reopen_never_floats_exact_authoritative_identity[_fake_inventory_feature-guardrail]" time="0.006" /><testcase classname="tests.frontend.contract.test_strategy_library_live_fake_conformance" name="test_bookmark_reopen_never_floats_exact_authoritative_identity[_fake_inventory_feature-dependency]" time="0.007" /><testcase classname="tests.frontend.contract.test_strategy_library_live_fake_conformance" name="test_missing_bookmark_identity_is_typed_unavailable_with_guidance[_live_feature]" time="0.005" /><testcase classname="tests.frontend.contract.test_strategy_library_live_fake_conformance" name="test_missing_bookmark_identity_is_typed_unavailable_with_guidance[_fake_feature]" time="0.006" /><testcase classname="tests.frontend.contract.test_strategy_library_live_fake_conformance" name="test_authoritative_selection_dependency_change_marks_old_context_stale[version]" time="0.005" /><testcase classname="tests.frontend.contract.test_strategy_library_live_fake_conformance" name="test_authoritative_selection_dependency_change_marks_old_context_stale[manifest]" time="0.006" /><testcase classname="tests.frontend.contract.test_strategy_library_live_fake_conformance" name="test_authoritative_selection_dependency_change_marks_old_context_stale[guardrail]" time="0.006" /><testcase classname="tests.frontend.contract.test_strategy_library_live_fake_conformance" name="test_authoritative_selection_dependency_change_marks_old_context_stale[dependency]" time="0.005" /><testcase classname="tests.frontend.contract.test_strategy_library_live_fake_conformance" name="test_live_and_fake_browse_search_and_filter_typed_inventory[_live_feature]" time="0.007" /><testcase classname="tests.frontend.contract.test_strategy_library_live_fake_conformance" name="test_live_and_fake_browse_search_and_filter_typed_inventory[_fake_feature]" time="0.005" /><testcase classname="tests.frontend.contract.test_strategy_library_live_fake_conformance" name="test_live_and_fake_subscription_dispose_and_close_are_idempotent[_live_feature]" time="0.008" /><testcase classname="tests.frontend.contract.test_strategy_library_live_fake_conformance" name="test_live_and_fake_subscription_dispose_and_close_are_idempotent[_fake_feature]" time="0.006" /><testcase classname="tests.frontend.contract.test_strategy_library_live_fake_conformance" name="test_failed_first_read_is_typed_failed_not_empty[_live_scripted_feature]" time="0.000" /><testcase classname="tests.frontend.contract.test_strategy_library_live_fake_conformance" name="test_failed_first_read_is_typed_failed_not_empty[_fake_scripted_feature]" time="0.005" /><testcase classname="tests.frontend.contract.test_strategy_library_live_fake_conformance" name="test_failed_refresh_retains_last_reliable_inventory_as_stale[_live_scripted_feature]" time="0.006" /><testcase classname="tests.frontend.contract.test_strategy_library_live_fake_conformance" name="test_failed_refresh_retains_last_reliable_inventory_as_stale[_fake_scripted_feature]" time="0.010" /><testcase classname="tests.frontend.contract.test_strategy_library_live_fake_conformance" name="test_duplicate_source_revision_is_quarantined[_live_scripted_feature]" time="0.006" /><testcase classname="tests.frontend.contract.test_strategy_library_live_fake_conformance" name="test_duplicate_source_revision_is_quarantined[_fake_scripted_feature]" time="0.010" /><testcase classname="tests.frontend.contract.test_strategy_library_live_fake_conformance" name="test_lower_entity_revision_is_quarantined[_live_scripted_feature]" time="0.005" /><testcase classname="tests.frontend.contract.test_strategy_library_live_fake_conformance" name="test_lower_entity_revision_is_quarantined[_fake_scripted_feature]" time="0.011" /><testcase classname="tests.frontend.contract.test_strategy_library_live_fake_conformance" name="test_reconnect_stays_stale_until_authoritative_reread[_live_connection_harness]" time="0.010" /><testcase classname="tests.frontend.contract.test_strategy_library_live_fake_conformance" name="test_reconnect_stays_stale_until_authoritative_reread[_fake_connection_harness]" time="0.006" /><testcase classname="tests.frontend.contract.test_strategy_library_live_fake_conformance" name="test_old_generation_invalidation_is_quarantined[_live_connection_harness]" time="0.014" /><testcase classname="tests.frontend.contract.test_strategy_library_live_fake_conformance" name="test_old_generation_invalidation_is_quarantined[_fake_connection_harness]" time="0.006" /><testcase classname="tests.frontend.contract.test_strategy_library_live_fake_conformance" name="test_selected_formal_set_is_explicitly_stale_across_reconnect[_live_connection_harness]" time="0.011" /><testcase classname="tests.frontend.contract.test_strategy_library_live_fake_conformance" name="test_selected_formal_set_is_explicitly_stale_across_reconnect[_fake_connection_harness]" time="0.006" /><testcase classname="tests.frontend.contract.test_strategy_library_live_fake_conformance" name="test_unavailable_status_families_remain_visible_as_partial_inventory" time="0.006" /><testcase classname="tests.frontend.contract.test_strategy_library_live_fake_conformance" name="test_partial_inventory_remains_partial_across_typed_filter_contexts[_live_scripted_feature]" time="0.005" /><testcase classname="tests.frontend.contract.test_strategy_library_live_fake_conformance" name="test_partial_inventory_remains_partial_across_typed_filter_contexts[_fake_scripted_feature]" time="0.012" /><testcase classname="tests.frontend.contract.test_strategy_library_live_fake_conformance" name="test_empty_inventory_disables_compare_and_formal_selection[_live_scripted_feature]" time="0.006" /><testcase classname="tests.frontend.contract.test_strategy_library_live_fake_conformance" name="test_empty_inventory_disables_compare_and_formal_selection[_fake_scripted_feature]" time="0.010" /><testcase classname="tests.frontend.contract.test_strategy_library_live_fake_conformance" name="test_app_context_composes_strategy_library_as_the_fourth_feature" time="0.017" /><testcase classname="tests.frontend.contract.test_strategy_library_live_fake_conformance" name="test_app_context_persists_and_rereads_exact_formal_set_on_product_reopen" time="0.023" /><testcase classname="tests.frontend.contract.test_strategy_library_live_fake_conformance" name="test_app_context_ignores_malformed_persisted_strategy_bookmark[null]" time="0.012" /><testcase classname="tests.frontend.contract.test_strategy_library_live_fake_conformance" name="test_app_context_ignores_malformed_persisted_strategy_bookmark[{}]" time="0.012" /><testcase classname="tests.frontend.contract.test_strategy_library_live_fake_conformance" name="test_app_context_ignores_malformed_persisted_strategy_bookmark[42]" time="0.013" /><testcase classname="tests.frontend.contract.test_scenario_lab_feature_contract" name="test_scenario_lab_1_0_activates_complete_five_feature_registry" time="0.000" /><testcase classname="tests.frontend.contract.test_scenario_lab_feature_contract" name="test_scenario_lab_1_0_freezes_typed_read_and_scenario_composition_state" time="0.000" /><testcase classname="tests.frontend.contract.test_scenario_lab_feature_contract" name="test_scenario_lab_context_rejects_duplicate_filters" time="0.000" /><testcase classname="tests.frontend.contract.test_scenario_lab_feature_contract" name="test_scenario_lab_1_0_freezes_exact_approved_recipe_identity_graph" time="0.000" /><testcase classname="tests.frontend.contract.test_scenario_lab_feature_contract" name="test_scenario_lab_1_0_freezes_distinct_typed_inventory_unavailability" time="0.000" /><testcase classname="tests.frontend.contract.test_scenario_lab_feature_contract" name="test_scenario_lab_surface_has_no_generic_trading_or_manifest_operation" time="0.000" /><testcase classname="tests.frontend.contract.test_scenario_lab_application_live_contract" name="test_scenario_lab_application_1_0_is_a_separate_exact_surface" time="0.000" /><testcase classname="tests.frontend.contract.test_scenario_lab_application_live_contract" name="test_live_scenario_lab_application_reads_only_public_backend_behavior" time="0.053" /><testcase classname="tests.frontend.contract.test_scenario_lab_application_live_contract" name="test_reference_path_preview_rejects_non_boolean_reconstruction_marker" time="0.000" /><testcase classname="tests.frontend.contract.test_scenario_lab_live_fake_conformance" name="test_shared_dependency_change_rejects_approval_without_side_effects[invalidate_dependencies-_live_approval_invalidation_harness]" time="0.004" /><testcase classname="tests.frontend.contract.test_scenario_lab_live_fake_conformance" name="test_shared_dependency_change_rejects_approval_without_side_effects[invalidate_dependencies-_fake_approval_invalidation_harness]" time="0.001" /><testcase classname="tests.frontend.contract.test_scenario_lab_live_fake_conformance" name="test_shared_dependency_change_rejects_approval_without_side_effects[make_dependencies_unavailable-_live_approval_invalidation_harness]" time="0.002" /><testcase classname="tests.frontend.contract.test_scenario_lab_live_fake_conformance" name="test_shared_dependency_change_rejects_approval_without_side_effects[make_dependencies_unavailable-_fake_approval_invalidation_harness]" time="0.001" /><testcase classname="tests.frontend.contract.test_scenario_lab_live_fake_conformance" name="test_shared_approved_history_survives_dependency_invalidation_and_replay[invalidate_dependencies-outdated-_live_approval_invalidation_harness]" time="0.004" /><testcase classname="tests.frontend.contract.test_scenario_lab_live_fake_conformance" name="test_shared_approved_history_survives_dependency_invalidation_and_replay[invalidate_dependencies-outdated-_fake_approval_invalidation_harness]" time="0.001" /><testcase classname="tests.frontend.contract.test_scenario_lab_live_fake_conformance" name="test_shared_approved_history_survives_dependency_invalidation_and_replay[make_dependencies_unavailable-unavailable-_live_approval_invalidation_harness]" time="0.003" /><testcase classname="tests.frontend.contract.test_scenario_lab_live_fake_conformance" name="test_shared_approved_history_survives_dependency_invalidation_and_replay[make_dependencies_unavailable-unavailable-_fake_approval_invalidation_harness]" time="0.002" /><testcase classname="tests.frontend.contract.test_scenario_lab_live_fake_conformance" name="test_shared_approval_rejects_unvalidated_invalid_hash_and_stale_drafts[_live_authoring_feature]" time="0.005" /><testcase classname="tests.frontend.contract.test_scenario_lab_live_fake_conformance" name="test_shared_approval_rejects_unvalidated_invalid_hash_and_stale_drafts[_fake_authoring_feature]" time="0.001" /><testcase classname="tests.frontend.contract.test_scenario_lab_live_fake_conformance" name="test_shared_revise_rejects_cross_recipe_and_unknown_approved_lineage[_live_authoring_feature]" time="0.007" /><testcase classname="tests.frontend.contract.test_scenario_lab_live_fake_conformance" name="test_shared_revise_rejects_cross_recipe_and_unknown_approved_lineage[_fake_authoring_feature]" time="0.001" /><testcase classname="tests.frontend.contract.test_scenario_lab_live_fake_conformance" name="test_shared_revise_preserves_approved_lineage_across_iterative_successors[_live_authoring_feature]" time="0.005" /><testcase classname="tests.frontend.contract.test_scenario_lab_live_fake_conformance" name="test_shared_revise_preserves_approved_lineage_across_iterative_successors[_fake_authoring_feature]" time="0.001" /><testcase classname="tests.frontend.contract.test_scenario_lab_live_fake_conformance" name="test_shared_exact_approval_replay_and_immutable_successor_version_history[_live_authoring_feature]" time="0.009" /><testcase classname="tests.frontend.contract.test_scenario_lab_live_fake_conformance" name="test_shared_exact_approval_replay_and_immutable_successor_version_history[_fake_authoring_feature]" time="0.001" /><testcase classname="tests.frontend.contract.test_scenario_lab_live_fake_conformance" name="test_shared_materializes_exact_approved_recipe_with_persistent_task_handle[_live_authoring_feature]" time="0.008" /><testcase classname="tests.frontend.contract.test_scenario_lab_live_fake_conformance" name="test_shared_materializes_exact_approved_recipe_with_persistent_task_handle[_fake_authoring_feature]" time="0.002" /><testcase classname="tests.frontend.contract.test_scenario_lab_live_fake_conformance" name="test_shared_retry_preserves_failed_attempt_and_creates_a_linked_task_handle[_live_materialization_retry_harness]" time="0.009" /><testcase classname="tests.frontend.contract.test_scenario_lab_live_fake_conformance" name="test_shared_retry_preserves_failed_attempt_and_creates_a_linked_task_handle[_fake_materialization_retry_harness]" time="0.012" /><testcase classname="tests.frontend.contract.test_scenario_lab_live_fake_conformance" name="test_shared_artifact_integrity_conflict_is_terminal_and_fail_closed[_live_materialization_integrity_harness]" time="0.006" /><testcase classname="tests.frontend.contract.test_scenario_lab_live_fake_conformance" name="test_shared_artifact_integrity_conflict_is_terminal_and_fail_closed[_fake_materialization_integrity_harness]" time="0.002" /><testcase classname="tests.frontend.contract.test_scenario_lab_live_fake_conformance" name="test_shared_materialization_fails_closed_without_exact_current_authority[_live_approval_invalidation_harness]" time="0.005" /><testcase classname="tests.frontend.contract.test_scenario_lab_live_fake_conformance" name="test_shared_materialization_fails_closed_without_exact_current_authority[_fake_approval_invalidation_harness]" time="0.001" /><testcase classname="tests.frontend.contract.test_scenario_lab_live_fake_conformance" name="test_shared_identical_approved_inputs_reuse_one_reference_path_identity[_live_authoring_feature]" time="0.016" /><testcase classname="tests.frontend.contract.test_scenario_lab_live_fake_conformance" name="test_shared_identical_approved_inputs_reuse_one_reference_path_identity[_fake_authoring_feature]" time="0.013" /><testcase classname="tests.frontend.contract.test_scenario_lab_live_fake_conformance" name="test_shared_authoring_rejects_a_canonical_identity_that_does_not_match_the_body[_live_authoring_feature]" time="0.001" /><testcase classname="tests.frontend.contract.test_scenario_lab_live_fake_conformance" name="test_shared_authoring_rejects_a_canonical_identity_that_does_not_match_the_body[_fake_authoring_feature]" time="0.001" /><testcase classname="tests.frontend.contract.test_scenario_lab_live_fake_conformance" name="test_shared_authoring_keeps_same_body_distinct_across_different_commands[_live_authoring_feature]" time="0.002" /><testcase classname="tests.frontend.contract.test_scenario_lab_live_fake_conformance" name="test_shared_authoring_keeps_same_body_distinct_across_different_commands[_fake_authoring_feature]" time="0.001" /><testcase classname="tests.frontend.contract.test_scenario_lab_live_fake_conformance" name="test_shared_validation_keeps_same_body_distinct_across_different_commands[_live_authoring_feature]" time="0.003" /><testcase classname="tests.frontend.contract.test_scenario_lab_live_fake_conformance" name="test_shared_validation_keeps_same_body_distinct_across_different_commands[_fake_authoring_feature]" time="0.001" /><testcase classname="tests.frontend.contract.test_scenario_lab_live_fake_conformance" name="test_shared_authoring_rejects_registered_transformation_parameter_bounds[_live_authoring_feature]" time="0.002" /><testcase classname="tests.frontend.contract.test_scenario_lab_live_fake_conformance" name="test_shared_authoring_rejects_registered_transformation_parameter_bounds[_fake_authoring_feature]" time="0.001" /><testcase classname="tests.frontend.contract.test_scenario_lab_live_fake_conformance" name="test_shared_ai_authoring_body_exposes_configured_capability_and_audited_draft[_live_ai_authoring_feature]" time="0.002" /><testcase classname="tests.frontend.contract.test_scenario_lab_live_fake_conformance" name="test_shared_ai_authoring_body_exposes_configured_capability_and_audited_draft[_fake_ai_authoring_feature]" time="0.001" /><testcase classname="tests.frontend.contract.test_scenario_lab_live_fake_conformance" name="test_shared_ai_authoring_body_fails_closed_without_a_configured_provider[_live_authoring_feature]" time="0.001" /><testcase classname="tests.frontend.contract.test_scenario_lab_live_fake_conformance" name="test_shared_ai_authoring_body_fails_closed_without_a_configured_provider[_fake_authoring_feature]" time="0.001" /><testcase classname="tests.frontend.contract.test_scenario_lab_live_fake_conformance" name="test_shared_ai_authoring_rejects_a_tampered_payload_for_an_audited_attempt[_live_ai_authoring_feature]" time="0.002" /><testcase classname="tests.frontend.contract.test_scenario_lab_live_fake_conformance" name="test_shared_ai_authoring_rejects_a_tampered_payload_for_an_audited_attempt[_fake_ai_authoring_feature]" time="0.001" /><testcase classname="tests.frontend.contract.test_scenario_lab_live_fake_conformance" name="test_shared_ai_draft_revision_is_a_manual_successor_with_no_attempt_identity[_live_ai_authoring_feature]" time="0.003" /><testcase classname="tests.frontend.contract.test_scenario_lab_live_fake_conformance" name="test_shared_ai_draft_revision_is_a_manual_successor_with_no_attempt_identity[_fake_ai_authoring_feature]" time="0.001" /><testcase classname="tests.frontend.contract.test_scenario_lab_live_fake_conformance" name="test_shared_read_body_covers_loading_ready_identity_and_immutability[_live_feature]" time="0.001" /><testcase classname="tests.frontend.contract.test_scenario_lab_live_fake_conformance" name="test_shared_read_body_covers_loading_ready_identity_and_immutability[_fake_feature]" time="0.001" /><testcase classname="tests.frontend.contract.test_scenario_lab_live_fake_conformance" name="test_shared_read_body_covers_search_subscription_dispose_and_close[_live_feature]" time="0.001" /><testcase classname="tests.frontend.contract.test_scenario_lab_live_fake_conformance" name="test_shared_read_body_covers_search_subscription_dispose_and_close[_fake_feature]" time="0.001" /><testcase classname="tests.frontend.contract.test_scenario_lab_live_fake_conformance" name="test_shared_read_body_filters_only_typed_view_state[_live_feature]" time="0.001" /><testcase classname="tests.frontend.contract.test_scenario_lab_live_fake_conformance" name="test_shared_read_body_filters_only_typed_view_state[_fake_feature]" time="0.001" /><testcase classname="tests.frontend.contract.test_scenario_lab_live_fake_conformance" name="test_shared_authoring_body_rejects_noncanonical_scenario_commands[_live_authoring_feature]" time="0.005" /><testcase classname="tests.frontend.contract.test_scenario_lab_live_fake_conformance" name="test_shared_authoring_body_rejects_noncanonical_scenario_commands[_fake_authoring_feature]" time="0.001" /><testcase classname="tests.frontend.contract.test_scenario_lab_live_fake_conformance" name="test_shared_formal_scenario_set_resolution_and_selection_body[live]" time="3.010" /><testcase classname="tests.frontend.contract.test_scenario_lab_live_fake_conformance" name="test_shared_formal_scenario_set_resolution_and_selection_body[fake]" time="0.206" /><testcase classname="tests.frontend.contract.test_scenario_lab_live_fake_conformance" name="test_fake_formal_composition_respects_larger_authoritative_sweep" time="0.201" /><testcase classname="tests.frontend.contract.test_scenario_lab_live_fake_conformance" name="test_shared_read_body_exposes_structured_first_read_failure[_live_failed_feature]" time="0.001" /><testcase classname="tests.frontend.contract.test_scenario_lab_live_fake_conformance" name="test_shared_read_body_exposes_structured_first_read_failure[_fake_failed_feature]" time="0.001" /><testcase classname="tests.frontend.contract.test_scenario_lab_live_fake_conformance" name="test_shared_read_body_retains_last_reliable_inventory_on_structured_failure[_live_stale_feature]" time="0.001" /><testcase classname="tests.frontend.contract.test_scenario_lab_live_fake_conformance" name="test_shared_read_body_retains_last_reliable_inventory_on_structured_failure[_fake_stale_feature]" time="0.001" /><testcase classname="tests.frontend.contract.test_scenario_lab_live_fake_conformance" name="test_shared_read_body_exposes_honest_empty_inventory[_live_empty_feature]" time="0.001" /><testcase classname="tests.frontend.contract.test_scenario_lab_live_fake_conformance" name="test_shared_read_body_exposes_honest_empty_inventory[_fake_empty_feature]" time="0.001" /><testcase classname="tests.frontend.contract.test_scenario_lab_live_fake_conformance" name="test_shared_read_body_restores_only_an_exact_visible_focus_identity[_live_feature]" time="0.001" /><testcase classname="tests.frontend.contract.test_scenario_lab_live_fake_conformance" name="test_shared_read_body_restores_only_an_exact_visible_focus_identity[_fake_feature]" time="0.001" /><testcase classname="tests.frontend.contract.test_scenario_lab_live_fake_conformance" name="test_live_adapter_refreshes_only_for_scenario_lab_invalidations" time="0.001" /><testcase classname="tests.frontend.contract.test_scenario_lab_live_fake_conformance" name="test_live_adapter_refreshes_each_subscribed_context_against_its_own_token" time="0.001" /><testcase classname="tests.frontend.contract.test_scenario_lab_live_fake_conformance" name="test_shared_connection_body_retains_partial_truth_for_new_contexts[_live_partial_connection_harness]" time="0.001" /><testcase classname="tests.frontend.contract.test_scenario_lab_live_fake_conformance" name="test_shared_connection_body_retains_partial_truth_for_new_contexts[_fake_partial_connection_harness]" time="0.001" /><testcase classname="tests.frontend.contract.test_scenario_lab_live_fake_conformance" name="test_app_context_composes_scenario_lab_as_the_fifth_independent_feature" time="0.013" /><testcase classname="tests.frontend.contract.test_scenario_lab_live_fake_conformance" name="test_shared_connection_body_retains_data_rereads_and_quarantines_old_generation[_live_connection_harness]" time="0.002" /><testcase classname="tests.frontend.contract.test_scenario_lab_live_fake_conformance" name="test_shared_connection_body_retains_data_rereads_and_quarantines_old_generation[_fake_connection_harness]" time="0.002" /><testcase classname="tests.frontend.contract.test_diagnostic_tasks_application_live_contract" name="test_live_application_adapter_reads_authoritative_typed_inputs_only_from_public_behavior" time="0.005" /><testcase classname="tests.frontend.contract.test_diagnostic_tasks_application_live_contract" name="test_live_inventory_reuses_one_authoritative_materialized_path_read" time="0.001" /><testcase classname="tests.frontend.contract.test_diagnostic_tasks_application_live_contract" name="test_parameterized_recipe_is_not_dropped_from_authoritative_inventory" time="0.001" /><testcase classname="tests.frontend.contract.test_diagnostic_tasks_application_live_contract" name="test_live_inventory_read_does_not_materialize_an_unmaterialized_recipe" time="0.002" /><testcase classname="tests.frontend.contract.test_diagnostic_tasks_live_fake_conformance" name="test_live_and_fake_share_revision_validation_approval_conformance[_live_revision_feature]" time="0.204" /><testcase classname="tests.frontend.contract.test_diagnostic_tasks_live_fake_conformance" name="test_live_and_fake_share_revision_validation_approval_conformance[_fake_revision_feature]" time="0.053" /><testcase classname="tests.frontend.contract.test_diagnostic_tasks_live_fake_conformance" name="test_live_and_fake_share_one_typed_feature_conformance[_live_feature]" time="0.004" /><testcase classname="tests.frontend.contract.test_diagnostic_tasks_live_fake_conformance" name="test_live_and_fake_share_one_typed_feature_conformance[_fake_feature]" time="0.002" /><testcase classname="tests.frontend.contract.test_diagnostic_tasks_live_fake_conformance" name="test_live_and_fake_share_freshness_and_last_reliable_transitions[False-_real_live_feature_with_transitions]" time="0.002" /><testcase classname="tests.frontend.contract.test_diagnostic_tasks_live_fake_conformance" name="test_live_and_fake_share_freshness_and_last_reliable_transitions[False-_scripted_fake_feature]" time="0.001" /><testcase classname="tests.frontend.contract.test_diagnostic_tasks_live_fake_conformance" name="test_live_and_fake_share_freshness_and_last_reliable_transitions[True-_real_live_feature_with_transitions]" time="0.003" /><testcase classname="tests.frontend.contract.test_diagnostic_tasks_live_fake_conformance" name="test_live_and_fake_share_freshness_and_last_reliable_transitions[True-_scripted_fake_feature]" time="0.001" /><testcase classname="tests.frontend.contract.test_diagnostic_tasks_live_fake_conformance" name="test_create_capability_requires_exactly_one_authoritative_baseline[0]" time="0.001" /><testcase classname="tests.frontend.contract.test_diagnostic_tasks_live_fake_conformance" name="test_create_capability_requires_exactly_one_authoritative_baseline[2]" time="0.001" /><testcase classname="tests.frontend.contract.test_diagnostic_tasks_live_fake_conformance" name="test_app_context_composes_diagnostic_tasks_as_the_third_feature" time="0.013" /><testcase classname="tests.frontend.contract.test_diagnostic_tasks_live_fake_conformance" name="test_production_composition_uses_only_the_live_diagnostic_tasks_adapter" time="0.028" /><testcase classname="tests.frontend.contract.test_diagnostic_tasks_live_fake_conformance" name="test_live_and_fake_opened_disconnected_never_claim_fresh_or_empty[_live_recovery_harness]" time="0.002" /><testcase classname="tests.frontend.contract.test_diagnostic_tasks_live_fake_conformance" name="test_live_and_fake_opened_disconnected_never_claim_fresh_or_empty[_fake_recovery_harness]" time="0.001" /><testcase classname="tests.frontend.contract.test_diagnostic_tasks_live_fake_conformance" name="test_live_and_fake_share_navigation_disconnect_and_reconnect_state[_live_recovery_harness]" time="0.003" /><testcase classname="tests.frontend.contract.test_diagnostic_tasks_live_fake_conformance" name="test_live_and_fake_share_navigation_disconnect_and_reconnect_state[_fake_recovery_harness]" time="0.002" /><testcase classname="tests.frontend.contract.test_diagnostic_tasks_live_fake_conformance" name="test_live_and_fake_reject_before_acceptance_while_disconnected[_fake_recovery_harness]" time="0.002" /><testcase classname="tests.frontend.contract.test_diagnostic_tasks_live_fake_conformance" name="test_live_and_fake_quarantine_a_delayed_old_generation_snapshot[_live_delayed_snapshot_recovery_harness]" time="0.004" /><testcase classname="tests.frontend.contract.test_diagnostic_tasks_live_fake_conformance" name="test_live_and_fake_quarantine_a_delayed_old_generation_snapshot[_fake_delayed_snapshot_recovery_harness]" time="0.002" /><testcase classname="tests.frontend.contract.test_diagnostic_tasks_live_fake_conformance" name="test_live_adapter_quarantines_an_older_same_generation_snapshot" time="0.005" /><testcase classname="tests.frontend.contract.test_diagnostic_tasks_live_fake_conformance" name="test_fake_adapter_quarantines_an_older_same_generation_snapshot" time="0.002" /><testcase classname="tests.frontend.contract.test_diagnostic_tasks_live_fake_conformance" name="test_subscribe_registers_against_the_latest_state[_live_feature]" time="0.003" /><testcase classname="tests.frontend.contract.test_diagnostic_tasks_live_fake_conformance" name="test_subscribe_registers_against_the_latest_state[_fake_feature]" time="0.002" /><testcase classname="tests.frontend.contract.test_strategy_diagnostics_v1_feature_pair_conformance" name="test_shared_feature_pair_identity_immutability_and_duplicate_suppression[_FakeFeaturePairDriver]" time="0.037" /><testcase classname="tests.frontend.contract.test_strategy_diagnostics_v1_feature_pair_conformance" name="test_shared_feature_pair_identity_immutability_and_duplicate_suppression[_LiveFeaturePairDriver]" time="0.002" /><testcase classname="tests.frontend.contract.test_strategy_diagnostics_v1_feature_pair_conformance" name="test_shared_feature_pair_partial_stale_disconnect_recovery_and_generation[_FakeFeaturePairDriver]" time="0.001" /><testcase classname="tests.frontend.contract.test_strategy_diagnostics_v1_feature_pair_conformance" name="test_shared_feature_pair_partial_stale_disconnect_recovery_and_generation[_LiveFeaturePairDriver]" time="0.001" /><testcase classname="tests.frontend.contract.test_strategy_diagnostics_v1_feature_pair_conformance" name="test_shared_feature_pair_disconnect_before_first_reliable_state_is_structured[_FakeFeaturePairDriver]" time="0.000" /><testcase classname="tests.frontend.contract.test_strategy_diagnostics_v1_feature_pair_conformance" name="test_shared_feature_pair_disconnect_before_first_reliable_state_is_structured[_LiveFeaturePairDriver]" time="0.001" /><testcase classname="tests.frontend.contract.test_strategy_diagnostics_v1_feature_pair_conformance" name="test_shared_feature_pair_terminal_outcome_is_stable_and_close_is_final[_FakeFeaturePairDriver-completed]" time="0.001" /><testcase classname="tests.frontend.contract.test_strategy_diagnostics_v1_feature_pair_conformance" name="test_shared_feature_pair_terminal_outcome_is_stable_and_close_is_final[_FakeFeaturePairDriver-failed]" time="0.001" /><testcase classname="tests.frontend.contract.test_strategy_diagnostics_v1_feature_pair_conformance" name="test_shared_feature_pair_terminal_outcome_is_stable_and_close_is_final[_FakeFeaturePairDriver-canceled]" time="0.001" /><testcase classname="tests.frontend.contract.test_strategy_diagnostics_v1_feature_pair_conformance" name="test_shared_feature_pair_terminal_outcome_is_stable_and_close_is_final[_LiveFeaturePairDriver-completed]" time="0.001" /><testcase classname="tests.frontend.contract.test_strategy_diagnostics_v1_feature_pair_conformance" name="test_shared_feature_pair_terminal_outcome_is_stable_and_close_is_final[_LiveFeaturePairDriver-failed]" time="0.001" /><testcase classname="tests.frontend.contract.test_strategy_diagnostics_v1_feature_pair_conformance" name="test_shared_feature_pair_terminal_outcome_is_stable_and_close_is_final[_LiveFeaturePairDriver-canceled]" time="0.001" /><testcase classname="tests.frontend.contract.test_strategy_diagnostics_v1_frontend_v2_integration_gate" name="test_all_five_active_features_and_application_interfaces_have_clean_public_type_graphs" time="0.012" /><testcase classname="tests.frontend.contract.test_strategy_diagnostics_v1_frontend_v2_integration_gate" name="test_public_type_graph_guard_rejects_every_mutable_collection_family[list]" time="0.000" /><testcase classname="tests.frontend.contract.test_strategy_diagnostics_v1_frontend_v2_integration_gate" name="test_public_type_graph_guard_rejects_every_mutable_collection_family[set]" time="0.000" /><testcase classname="tests.frontend.contract.test_strategy_diagnostics_v1_frontend_v2_integration_gate" name="test_public_type_graph_guard_rejects_every_mutable_collection_family[dict]" time="0.000" /><testcase classname="tests.frontend.contract.test_strategy_diagnostics_v1_frontend_v2_integration_gate" name="test_public_type_graph_guard_rejects_every_mutable_collection_family[bytearray]" time="0.000" /><testcase classname="tests.frontend.contract.test_strategy_diagnostics_v1_frontend_v2_integration_gate" name="test_public_type_graph_guard_rejects_every_mutable_collection_family[deque]" time="0.000" /><testcase classname="tests.frontend.contract.test_strategy_diagnostics_v1_frontend_v2_integration_gate" name="test_public_type_graph_guard_rejects_every_mutable_collection_family[array]" time="0.000" /><testcase classname="tests.frontend.contract.test_strategy_diagnostics_v1_frontend_v2_integration_gate" name="test_public_type_graph_guard_rejects_every_mutable_collection_family[MutableMapping]" time="0.000" /><testcase classname="tests.frontend.contract.test_strategy_diagnostics_v1_frontend_v2_integration_gate" name="test_public_type_graph_guard_rejects_every_mutable_collection_family[MutableSequence]" time="0.000" /><testcase classname="tests.frontend.contract.test_strategy_diagnostics_v1_frontend_v2_integration_gate" name="test_public_type_graph_guard_rejects_every_mutable_collection_family[MutableSet]" time="0.000" /><testcase classname="tests.frontend.contract.test_strategy_diagnostics_v1_frontend_v2_integration_gate" name="test_integration_gate_is_complete_and_repository_valid" time="0.553" /><testcase classname="tests.frontend.contract.test_strategy_diagnostics_v1_frontend_v2_integration_gate" name="test_wave2_gate_freezes_the_complete_product_tracer_and_contract_language" time="0.001" /><testcase classname="tests.frontend.contract.test_strategy_diagnostics_v1_frontend_v2_integration_gate" name="test_persisted_journey_certification_has_no_synthetic_dictionary_producer" time="0.002" /><testcase classname="tests.frontend.contract.test_strategy_diagnostics_v1_frontend_v2_integration_gate" name="test_gate_neutralizes_external_pytest_configuration" time="0.561" /><testcase classname="tests.frontend.contract.test_strategy_diagnostics_v1_frontend_v2_integration_gate" name="test_gate_uses_explicit_existing_short_temporary_parent" time="0.490" /><testcase classname="tests.frontend.contract.test_strategy_diagnostics_v1_frontend_v2_integration_gate" name="test_gate_rejects_missing_explicit_temporary_parent" time="0.428" /><testcase classname="tests.frontend.contract.test_strategy_diagnostics_v1_frontend_v2_integration_gate" name="test_full_green_gate_writes_one_source_bound_candidate_evidence_set" time="0.114" /><testcase classname="tests.frontend.contract.test_strategy_diagnostics_v1_frontend_v2_integration_gate" name="test_evidence_mode_captures_junit_raw_logs_and_tracer_ledger" time="0.007" /><testcase classname="tests.frontend.contract.test_strategy_diagnostics_v1_frontend_v2_integration_gate" name="test_evidence_mode_rejects_source_drift_before_sealing" time="0.006" /><testcase classname="tests.frontend.contract.test_strategy_diagnostics_v1_frontend_v2_integration_gate" name="test_candidate_source_verification_scans_the_git_toplevel" time="0.730" /><testcase classname="tests.frontend.contract.test_strategy_diagnostics_v1_frontend_v2_integration_gate" name="test_evidence_mode_requires_a_full_source_sha_and_complete_gate" time="0.836" /><testcase classname="tests.frontend.contract.test_strategy_diagnostics_v1_frontend_v2_integration_gate" name="test_cli_routes_candidate_source_and_evidence_root_to_the_gate" time="0.004" /></testsuite></testsuites>