<?xml version="1.0" encoding="utf-8"?><testsuites name="pytest tests"><testsuite name="pytest" errors="0" failures="0" skipped="0" tests="13" time="4.639" timestamp="2026-07-27T17:41:29.488740+08:00" hostname="Mango"><properties><property name="frontend_v2_source_commit" value="d4ec8d426b06b64b527eea8ae2861a254f8cde29" /><property name="frontend_v2_toolchain_lock_sha256" value="sha256:f53b1b7245e48a33420ee7a2657c7d7bedc35a61cefbe0fc86ce0a1232bfaf1f" /></properties><testcase classname="tests.frontend.integration.test_accessible_journey" name="test_narrator_sees_named_state_progress_commands_and_no_trading_actions" time="0.277" /><testcase classname="tests.frontend.integration.test_accessible_journey" name="test_keyboard_route_actions_restore_meaningful_visible_focus_immediately" time="0.089" /><testcase classname="tests.frontend.integration.test_accessible_journey" name="test_evidence_semantics_keep_chart_narrative_and_table_on_one_revision" time="0.157" /><testcase classname="tests.frontend.integration.test_accessible_journey" name="test_state_changes_remain_distinguishable_and_repair_focus_without_color" time="0.131" /><testcase classname="tests.frontend.integration.test_accessible_journey" name="test_remount_reestablishes_meaningful_keyboard_focus_without_state_mutation" time="0.184" /><testcase classname="tests.frontend.integration.test_accessible_journey" name="test_200_percent_text_scale_scrolls_focused_content_and_reduces_motion" time="0.082" /><testcase classname="tests.frontend.integration.test_accessible_journey" name="test_shared_default_and_high_contrast_tokens_meet_wcag_aa_ratios[None]" time="0.081" /><testcase classname="tests.frontend.integration.test_accessible_journey" name="test_shared_default_and_high_contrast_tokens_meet_wcag_aa_ratios[preferences1]" time="0.083" /><testcase classname="tests.frontend.integration.test_accessible_journey_renderer_lanes" name="test_accessible_journey_renders_at_200_percent_in_supported_lanes[software-Software]" time="1.279" /><testcase classname="tests.frontend.integration.test_accessible_journey_renderer_lanes" name="test_accessible_journey_renders_at_200_percent_in_supported_lanes[hardware-Direct3D11]" time="1.506" /><testcase classname="tests.frontend.integration.test_live_run_to_evidence_journey" name="test_live_monitored_run_navigates_to_matching_evidence_and_back" time="0.091" /><testcase classname="tests.frontend.integration.test_live_run_to_evidence_journey" name="test_live_journey_certifies_keyboard_narrator_terminal_and_remount" time="0.132" /><testcase classname="tests.frontend.integration.test_release_evidence_identity" name="test_release_evidence_records_verified_source_and_toolchain" time="0.069" /></testsuite></testsuites>