<?xml version="1.0" encoding="utf-8"?><testsuites name="pytest tests"><testsuite name="pytest" errors="0" failures="0" skipped="0" tests="51" time="71.515" timestamp="2026-08-06T06:35:50.844620+08:00" hostname="Mango"><testcase classname="tests.frontend.integration.test_diagnostic_tasks_workspace_route" name="test_live_qml_tracer_recovers_retries_and_reopens_exact_evidence" time="32.836" /><testcase classname="tests.frontend.integration.test_strategy_library_workspace_route" name="test_live_strategy_library_traces_public_inventory_into_qml" time="0.168" /><testcase classname="tests.frontend.contract.test_scenario_lab_live_fake_conformance" name="test_shared_materializes_exact_approved_recipe_with_persistent_task_handle[_live_authoring_feature]" time="0.010" /><testcase classname="tests.frontend.contract.test_scenario_lab_live_fake_conformance" name="test_shared_materializes_exact_approved_recipe_with_persistent_task_handle[_fake_authoring_feature]" time="0.002" /><testcase classname="tests.frontend.contract.test_diagnostic_setup_handoff_live_contract" name="test_live_exact_setup_selection_is_bound_through_approval" time="2.951" /><testcase classname="tests.frontend.contract.test_scenario_lab_live_fake_conformance" name="test_shared_dependency_change_rejects_approval_without_side_effects[invalidate_dependencies-_live_approval_invalidation_harness]" time="0.003" /><testcase classname="tests.frontend.contract.test_scenario_lab_live_fake_conformance" name="test_shared_dependency_change_rejects_approval_without_side_effects[invalidate_dependencies-_fake_approval_invalidation_harness]" time="0.001" /><testcase classname="tests.frontend.contract.test_scenario_lab_live_fake_conformance" name="test_shared_dependency_change_rejects_approval_without_side_effects[make_dependencies_unavailable-_live_approval_invalidation_harness]" time="0.002" /><testcase classname="tests.frontend.contract.test_scenario_lab_live_fake_conformance" name="test_shared_dependency_change_rejects_approval_without_side_effects[make_dependencies_unavailable-_fake_approval_invalidation_harness]" time="0.001" /><testcase classname="tests.frontend.contract.test_scenario_lab_live_fake_conformance" name="test_shared_approved_history_survives_dependency_invalidation_and_replay[invalidate_dependencies-outdated-_live_approval_invalidation_harness]" time="0.005" /><testcase classname="tests.frontend.contract.test_scenario_lab_live_fake_conformance" name="test_shared_approved_history_survives_dependency_invalidation_and_replay[invalidate_dependencies-outdated-_fake_approval_invalidation_harness]" time="0.001" /><testcase classname="tests.frontend.contract.test_scenario_lab_live_fake_conformance" name="test_shared_approved_history_survives_dependency_invalidation_and_replay[make_dependencies_unavailable-unavailable-_live_approval_invalidation_harness]" time="0.003" /><testcase classname="tests.frontend.contract.test_scenario_lab_live_fake_conformance" name="test_shared_approved_history_survives_dependency_invalidation_and_replay[make_dependencies_unavailable-unavailable-_fake_approval_invalidation_harness]" time="0.001" /><testcase classname="tests.frontend.contract.test_diagnostic_setup_handoff_live_contract" name="test_live_and_fake_share_exact_setup_invalidation_contract[live]" time="6.009" /><testcase classname="tests.frontend.contract.test_diagnostic_setup_handoff_live_contract" name="test_live_and_fake_share_exact_setup_invalidation_contract[fake]" time="0.833" /><testcase classname="tests.frontend.contract.test_scenario_lab_formal_scenario_sets_live_contract" name="test_live_composition_classifies_complete_formal_and_selective_quick_sets" time="0.367" /><testcase classname="tests.frontend.contract.test_diagnostic_setup_selection_context" name="test_setup_composition_fails_closed_for_stale_quick_or_unresolved_scenario[scenario0]" time="0.000" /><testcase classname="tests.frontend.contract.test_diagnostic_setup_selection_context" name="test_setup_composition_fails_closed_for_stale_quick_or_unresolved_scenario[scenario1]" time="0.000" /><testcase classname="tests.frontend.contract.test_diagnostic_setup_selection_context" name="test_setup_composition_fails_closed_for_stale_quick_or_unresolved_scenario[scenario2]" time="0.000" /><testcase classname="tests.frontend.contract.test_scenario_lab_formal_scenario_sets_live_contract" name="test_live_resolution_and_selection_bind_exact_assumptions_and_activation" time="1.371" /><testcase classname="tests.strategy_diagnostics.test_strategy_runs" name="test_ptrade_configuration_requests_and_effective_conditions_are_run_evidence" time="0.039" /><testcase classname="tests.frontend.contract.test_diagnostic_task_creation_live_contract" name="test_invalid_create_and_atomic_acceptance_failure_have_no_side_effect" time="0.036" /><testcase classname="tests.frontend.contract.test_diagnostic_task_revision_approval_live_contract" name="test_live_revision_validation_approval_persist_and_invalidate" time="0.144" /><testcase classname="tests.frontend.contract.test_diagnostic_task_revision_approval_live_contract" name="test_stale_revision_and_invalid_validation_reject_without_campaign" time="0.080" /><testcase classname="tests.frontend.contract.test_diagnostic_task_revision_approval_live_contract" name="test_live_validation_emits_typed_findings_for_each_authority_mismatch" time="0.080" /><testcase classname="tests.frontend.contract.test_diagnostic_task_campaign_start_live_contract" name="test_incomplete_formal_input_is_rejected_before_start_side_effects" time="0.120" /><testcase classname="tests.frontend.contract.test_strategy_diagnostics_v1_evidence_and_findings_live_contract" name="test_real_sealed_v1_evidence_is_visible_in_production_qml" time="8.805" /><testcase classname="tests.frontend.contract.test_diagnostic_task_creation_live_contract" name="test_live_create_is_durable_idempotent_and_reopens_without_a_campaign" time="0.043" /><testcase classname="tests.frontend.contract.test_diagnostic_task_campaign_start_live_contract" name="test_start_exact_approved_revision_persists_one_formal_campaign_and_handoff" time="0.725" /><testcase classname="tests.frontend.contract.test_diagnostic_task_campaign_start_live_contract" name="test_retry_after_handoff_persistence_failure_does_not_advance_another_case" time="0.802" /><testcase classname="tests.frontend.contract.test_diagnostic_task_campaign_start_live_contract" name="test_concurrent_same_idempotency_claims_one_durable_start_continuation" time="0.695" /><testcase classname="tests.frontend.contract.test_diagnostic_tasks_recovery_live_contract" name="test_pre_campaign_commands_replay_after_application_restart" time="0.108" /><testcase classname="tests.frontend.contract.test_diagnostic_tasks_live_fake_conformance" name="test_lost_response_requires_lookup_and_same_key_recovers_acceptance" time="0.002" /><testcase classname="tests.frontend.contract.test_diagnostic_task_lifecycle_live_contract" name="test_live_lifecycle_survives_reopen_and_gates_real_campaign_execution" time="0.835" /><testcase classname="tests.frontend.contract.test_diagnostic_task_lifecycle_live_contract" name="test_application_reopen_completes_durably_accepted_lifecycle_command" time="0.744" /><testcase classname="tests.frontend.contract.test_diagnostic_task_lifecycle_live_contract" name="test_later_terminal_command_supersedes_older_queued_lifecycle_handle" time="0.787" /><testcase classname="tests.frontend.contract.test_diagnostic_task_lifecycle_live_contract" name="test_live_paused_node_blocks_ordered_runner_until_resume" time="0.919" /><testcase classname="tests.frontend.contract.test_diagnostic_task_lifecycle_live_contract" name="test_live_canceled_node_never_reaches_ordered_runner" time="0.875" /><testcase classname="tests.frontend.contract.test_diagnostic_task_lifecycle_live_contract" name="test_live_completed_campaign_syncs_terminal_diagnostic_lifecycle" time="3.445" /><testcase classname="tests.frontend.contract.test_diagnostic_task_lifecycle_live_contract" name="test_final_batch_pause_then_resume_reconciles_completed_campaign" time="2.934" /><testcase classname="tests.frontend.contract.test_diagnostic_task_lifecycle_live_contract" name="test_live_cancel_target_cannot_reach_order_cancellation" time="0.639" /><testcase classname="tests.frontend.contract.test_diagnostic_task_failed_node_retry_live_contract" name="test_live_failed_node_retry_failure_creates_a_new_failed_attempt" time="1.002" /><testcase classname="tests.frontend.contract.test_diagnostic_task_failed_node_retry_live_contract" name="test_live_campaign_progress_after_retry_preserves_task_handle_binding" time="0.977" /><testcase classname="tests.frontend.contract.test_diagnostic_task_failed_node_retry_live_contract" name="test_live_retry_completion_preserves_a_newer_public_campaign_pause" time="0.861" /><testcase classname="tests.frontend.contract.test_diagnostic_tasks_live_fake_conformance" name="test_live_and_fake_reject_before_acceptance_while_disconnected[_live_recovery_harness]" time="0.003" /><testcase classname="tests.frontend.contract.test_diagnostic_tasks_live_fake_conformance" name="test_live_diagnostic_tasks_reconnects_with_a_new_generation_only_after_reread" time="0.043" /><testcase classname="tests.frontend.contract.test_diagnostic_tasks_live_fake_conformance" name="test_live_adapter_quarantines_an_authoritative_read_from_old_generation" time="0.002" /><testcase classname="tests.frontend.contract.test_diagnostic_tasks_live_fake_conformance" name="test_live_adapter_close_drops_an_inflight_read_without_late_callback" time="0.003" /><testcase classname="tests.frontend.contract.test_diagnostic_tasks_live_fake_conformance" name="test_live_adapter_ignores_old_generation_batches_but_rereads_current" time="0.003" /><testcase classname="tests.frontend.contract.test_diagnostic_tasks_live_fake_conformance" name="test_disconnect_after_durable_acceptance_preserves_the_original_handle" time="0.003" /><testcase classname="tests.frontend.contract.test_diagnostic_tasks_live_fake_conformance" name="test_old_generation_accepted_response_requires_authoritative_recovery" time="0.003" /></testsuite></testsuites>